Using pre-set license
Built from '2021.3/staging' branch; Version is '2021.3.7f1 (24e8595d6d43) revision 2418777'; Using compiler version '192829333'; Build Type 'Release'
OS: 'Windows 10  (10.0.19045) 64bit ProfessionalEducation' Language: 'ru' Physical Memory: 15748 MB
BatchMode: 1, IsHumanControllingUs: 0, StartBugReporterOnCrash: 0, Is64bit: 1, IsPro: 1

COMMAND LINE ARGUMENTS:
B:\UnityEngine\2021.3.7f1\Editor\Unity.exe
-adb2
-batchMode
-noUpm
-name
AssetImportWorker2
-projectPath
B:/GameOfMy/ShoterMap
-logFile
Logs/AssetImportWorker2.log
-srvPort
63389
Successfully changed project path to: B:/GameOfMy/ShoterMap
B:/GameOfMy/ShoterMap
[UnityMemory] Configuration Parameters - Can be set up in boot.config
    "memorysetup-bucket-allocator-granularity=16"
    "memorysetup-bucket-allocator-bucket-count=8"
    "memorysetup-bucket-allocator-block-size=33554432"
    "memorysetup-bucket-allocator-block-count=8"
    "memorysetup-main-allocator-block-size=16777216"
    "memorysetup-thread-allocator-block-size=16777216"
    "memorysetup-gfx-main-allocator-block-size=16777216"
    "memorysetup-gfx-thread-allocator-block-size=16777216"
    "memorysetup-cache-allocator-block-size=4194304"
    "memorysetup-typetree-allocator-block-size=2097152"
    "memorysetup-profiler-bucket-allocator-granularity=16"
    "memorysetup-profiler-bucket-allocator-bucket-count=8"
    "memorysetup-profiler-bucket-allocator-block-size=33554432"
    "memorysetup-profiler-bucket-allocator-block-count=8"
    "memorysetup-profiler-allocator-block-size=16777216"
    "memorysetup-profiler-editor-allocator-block-size=1048576"
    "memorysetup-temp-allocator-size-main=16777216"
    "memorysetup-job-temp-allocator-block-size=2097152"
    "memorysetup-job-temp-allocator-block-size-background=1048576"
    "memorysetup-job-temp-allocator-reduction-small-platforms=262144"
    "memorysetup-temp-allocator-size-background-worker=32768"
    "memorysetup-temp-allocator-size-job-worker=262144"
    "memorysetup-temp-allocator-size-preload-manager=33554432"
    "memorysetup-temp-allocator-size-nav-mesh-worker=65536"
    "memorysetup-temp-allocator-size-audio-worker=65536"
    "memorysetup-temp-allocator-size-cloud-worker=32768"
    "memorysetup-temp-allocator-size-gi-baking-worker=262144"
    "memorysetup-temp-allocator-size-gfx=262144"
Refreshing native plugins compatible for Editor in 112.98 ms, found 3 plugins.
Preloading 0 native plugins for Editor in 0.00 ms.
Initialize engine version: 2021.3.7f1 (24e8595d6d43)
[Subsystems] Discovering subsystems at path B:/UnityEngine/2021.3.7f1/Editor/Data/Resources/UnitySubsystems
[Subsystems] Discovering subsystems at path B:/GameOfMy/ShoterMap/Assets
GfxDevice: creating device client; threaded=0; jobified=0
Direct3D:
    Version:  Direct3D 11.0 [level 11.1]
    Renderer: NVIDIA GeForce GTX 1650 (ID=0x1f82)
    Vendor:   NVIDIA
    VRAM:     3962 MB
    Driver:   31.0.15.1694
Initialize mono
Mono path[0] = 'B:/UnityEngine/2021.3.7f1/Editor/Data/Managed'
Mono path[1] = 'B:/UnityEngine/2021.3.7f1/Editor/Data/MonoBleedingEdge/lib/mono/unityjit-win32'
Mono config path = 'B:/UnityEngine/2021.3.7f1/Editor/Data/MonoBleedingEdge/etc'
Using monoOptions --debugger-agent=transport=dt_socket,embedding=1,server=y,suspend=n,address=127.0.0.1:56384
Begin MonoManager ReloadAssembly
Registering precompiled unity dll's ...
Register platform support module: B:/UnityEngine/2021.3.7f1/Editor/Data/PlaybackEngines/AndroidPlayer/UnityEditor.Android.Extensions.dll
Register platform support module: B:/UnityEngine/2021.3.7f1/Editor/Data/PlaybackEngines/WindowsStandaloneSupport/UnityEditor.WindowsStandalone.Extensions.dll
Registered in 0.002882 seconds.
Native extension for WindowsStandalone target not found
Native extension for Android target not found
Refreshing native plugins compatible for Editor in 116.57 ms, found 3 plugins.
Preloading 0 native plugins for Editor in 0.00 ms.
Mono: successfully reloaded assembly
- Completed reload, in  0.747 seconds
Domain Reload Profiling:
	ReloadAssembly (749ms)
		BeginReloadAssembly (83ms)
			ExecutionOrderSort (0ms)
			DisableScriptedObjects (0ms)
			BackupInstance (0ms)
			ReleaseScriptingObjects (0ms)
			CreateAndSetChildDomain (1ms)
		EndReloadAssembly (551ms)
			LoadAssemblies (83ms)
			RebuildTransferFunctionScriptingTraits (0ms)
			SetupTypeCache (112ms)
			ReleaseScriptCaches (0ms)
			RebuildScriptCaches (30ms)
			SetupLoadedEditorAssemblies (351ms)
				LogAssemblyErrors (0ms)
				InitializePlatformSupportModulesInManaged (54ms)
				SetLoadedEditorAssemblies (0ms)
				RefreshPlugins (117ms)
				BeforeProcessingInitializeOnLoad (1ms)
				ProcessInitializeOnLoadAttributes (105ms)
				ProcessInitializeOnLoadMethodAttributes (73ms)
				AfterProcessingInitializeOnLoad (0ms)
				EditorAssembliesLoaded (0ms)
			ExecutionOrderSort2 (0ms)
			AwakeInstancesAfterBackupRestoration (0ms)
Platform modules already initialized, skipping
Registering precompiled user dll's ...
Registered in 0.006459 seconds.
Begin MonoManager ReloadAssembly
Symbol file LoadedFromMemory doesn't match image B:\GameOfMy\ShoterMap\Library\PackageCache\com.unity.visualscripting@1.7.8\Editor\VisualScripting.Core\Dependencies\YamlDotNet\Unity.VisualScripting.YamlDotNet.dll
Symbol file LoadedFromMemory doesn't match image B:\GameOfMy\ShoterMap\Library\PackageCache\com.unity.visualscripting@1.7.8\Editor\VisualScripting.Core\Dependencies\DotNetZip\Unity.VisualScripting.IonicZip.dll
Native extension for WindowsStandalone target not found
Native extension for Android target not found
Refreshing native plugins compatible for Editor in 116.83 ms, found 3 plugins.
Preloading 0 native plugins for Editor in 0.00 ms.
Mono: successfully reloaded assembly
- Completed reload, in  1.842 seconds
Domain Reload Profiling:
	ReloadAssembly (1844ms)
		BeginReloadAssembly (207ms)
			ExecutionOrderSort (0ms)
			DisableScriptedObjects (5ms)
			BackupInstance (0ms)
			ReleaseScriptingObjects (0ms)
			CreateAndSetChildDomain (127ms)
		EndReloadAssembly (1522ms)
			LoadAssemblies (88ms)
			RebuildTransferFunctionScriptingTraits (0ms)
			SetupTypeCache (298ms)
			ReleaseScriptCaches (1ms)
			RebuildScriptCaches (66ms)
			SetupLoadedEditorAssemblies (1007ms)
				LogAssemblyErrors (0ms)
				InitializePlatformSupportModulesInManaged (11ms)
				SetLoadedEditorAssemblies (0ms)
				RefreshPlugins (117ms)
				BeforeProcessingInitializeOnLoad (167ms)
				ProcessInitializeOnLoadAttributes (575ms)
				ProcessInitializeOnLoadMethodAttributes (133ms)
				AfterProcessingInitializeOnLoad (4ms)
				EditorAssembliesLoaded (0ms)
			ExecutionOrderSort2 (0ms)
			AwakeInstancesAfterBackupRestoration (9ms)
Platform modules already initialized, skipping
========================================================================
Worker process is ready to serve import requests
Launched and connected shader compiler UnityShaderCompiler.exe after 0.09 seconds
Refreshing native plugins compatible for Editor in 3.18 ms, found 3 plugins.
Preloading 0 native plugins for Editor in 0.00 ms.
Unloading 5265 Unused Serialized files (Serialized files now loaded: 0)
Unloading 64 unused Assets / (3.1 MB). Loaded Objects now: 5730.
Memory consumption went from 213.1 MB to 210.0 MB.
Total: 10.928800 ms (FindLiveObjects: 1.229000 ms CreateObjectMapping: 0.860300 ms MarkObjects: 7.069800 ms  DeleteObjects: 1.767200 ms)

AssetImportParameters requested are different than current active one (requested -> active):
  custom:video-decoder-ogg-theora: a1e56fd34408186e4bbccfd4996cb3dc -> 
  custom:container-muxer-webm: aa71ff27fc2769a1b78a27578f13a17b -> 
  custom:container-demuxer-webm: 4f35f7cbe854078d1ac9338744f61a02 -> 
  custom:video-encoder-webm-vp8: eb34c28f22e8b96e1ab97ce403110664 -> 
  custom:audio-encoder-webm-vorbis: bf7c407c2cedff20999df2af8eb42d56 -> 
  custom:framework-win-MediaFoundation: 216162199b28c13a410421893ffa2e32 -> 
  custom:container-demuxer-ogg: 62fdf1f143b41e24485cea50d1cbac27 -> 
  custom:video-decoder-webm-vp8: 9c59270c3fd7afecdb556c50c9e8de78 -> 
  custom:audio-decoder-ogg-vorbis: bf7c407c2cedff20999df2af8eb42d56 -> 
========================================================================
Received Import Request.
  Time since last request: 73350.600001 seconds.
  path: Packages/com.unity.collab-proxy/Editor/Collaborate/Assets/Icons/conflicted-file-light@2x.png
  artifactKey: Guid(0365b40fda51ad5499dfe50b036adb1b) Importer(815301076,1909f56bfc062723c751e8b465ee728b)
Start importing Packages/com.unity.collab-proxy/Editor/Collaborate/Assets/Icons/conflicted-file-light@2x.png using Guid(0365b40fda51ad5499dfe50b036adb1b) Importer(815301076,1909f56bfc062723c751e8b465ee728b)  -> (artifact id: '94b879138a0cf79338a83a3021dbcec4') in 0.159158 seconds 
========================================================================
Received Import Request.
  Time since last request: 0.000041 seconds.
  path: Packages/com.unity.textmeshpro/Editor Resources/Textures/btn_AlignMidLine.psd
  artifactKey: Guid(c2f7f6a88b4c4f20a53deb72f3d9144c) Importer(815301076,1909f56bfc062723c751e8b465ee728b)
Start importing Packages/com.unity.textmeshpro/Editor Resources/Textures/btn_AlignMidLine.psd using Guid(c2f7f6a88b4c4f20a53deb72f3d9144c) Importer(815301076,1909f56bfc062723c751e8b465ee728b)  -> (artifact id: 'fe11e274129247b2a108e08af7bb0b62') in 0.033988 seconds 
========================================================================
Received Import Request.
  Time since last request: 0.000065 seconds.
  path: Packages/com.unity.textmeshpro/Editor Resources/Textures/btn_AlignCenterGeo_Light.psd
  artifactKey: Guid(35ff0937876540d3bd4b6a941df62a92) Importer(815301076,1909f56bfc062723c751e8b465ee728b)
Start importing Packages/com.unity.textmeshpro/Editor Resources/Textures/btn_AlignCenterGeo_Light.psd using Guid(35ff0937876540d3bd4b6a941df62a92) Importer(815301076,1909f56bfc062723c751e8b465ee728b)  -> (artifact id: '13a1073242fe1d0621df2e874a593446') in 0.034115 seconds 
========================================================================
Received Import Request.
  Time since last request: 0.000068 seconds.
  path: Packages/com.unity.collab-proxy/Editor/Collaborate/Assets/Icons/clear-light@2x.png
  artifactKey: Guid(c84258b6921bcce45a57f68a07b2143f) Importer(815301076,1909f56bfc062723c751e8b465ee728b)
Start importing Packages/com.unity.collab-proxy/Editor/Collaborate/Assets/Icons/clear-light@2x.png using Guid(c84258b6921bcce45a57f68a07b2143f) Importer(815301076,1909f56bfc062723c751e8b465ee728b)  -> (artifact id: '3acb9f4252feccd9b3f551bbe6d67350') in 0.033599 seconds 
========================================================================
Received Import Request.
  Time since last request: 0.000051 seconds.
  path: Packages/com.unity.textmeshpro/Editor Resources/Textures/btn_AlignTop.psd
  artifactKey: Guid(48d034c499ee4697af9dd6e327110249) Importer(815301076,1909f56bfc062723c751e8b465ee728b)
Start importing Packages/com.unity.textmeshpro/Editor Resources/Textures/btn_AlignTop.psd using Guid(48d034c499ee4697af9dd6e327110249) Importer(815301076,1909f56bfc062723c751e8b465ee728b)  -> (artifact id: '9d7146516e8597912949fc6d9fc99e4a') in 0.022928 seconds 
========================================================================
Received Import Request.
  Time since last request: 0.000046 seconds.
  path: Packages/com.unity.collab-proxy/Editor/Collaborate/Assets/Icons/collaborate-incoming-dark@2x.png
  artifactKey: Guid(a9fa02cdd2d760c43a0e69ba0fa49dab) Importer(815301076,1909f56bfc062723c751e8b465ee728b)
Start importing Packages/com.unity.collab-proxy/Editor/Collaborate/Assets/Icons/collaborate-incoming-dark@2x.png using Guid(a9fa02cdd2d760c43a0e69ba0fa49dab) Importer(815301076,1909f56bfc062723c751e8b465ee728b)  -> (artifact id: 'b5158e5af48cdcaeaa23eaeb3d10bf1f') in 0.031946 seconds 
========================================================================
Received Import Request.
  Time since last request: 0.000056 seconds.
  path: Packages/com.unity.collab-proxy/Editor/Collaborate/Assets/Icons/collaborate-progress-light.png
  artifactKey: Guid(98eea3a123f8b4c468b7e43d0ff3c232) Importer(815301076,1909f56bfc062723c751e8b465ee728b)
Start importing Packages/com.unity.collab-proxy/Editor/Collaborate/Assets/Icons/collaborate-progress-light.png using Guid(98eea3a123f8b4c468b7e43d0ff3c232) Importer(815301076,1909f56bfc062723c751e8b465ee728b)  -> (artifact id: '24f2e15c3d995f40a79e9b85325e1fc9') in 0.033917 seconds 
========================================================================
Received Import Request.
  Time since last request: 0.000055 seconds.
  path: Packages/com.unity.collab-proxy/Editor/Collaborate/Assets/Icons/collaborate-progress-dark@2x.png
  artifactKey: Guid(116a8defb66aa304d97c1fd15f044486) Importer(815301076,1909f56bfc062723c751e8b465ee728b)
Start importing Packages/com.unity.collab-proxy/Editor/Collaborate/Assets/Icons/collaborate-progress-dark@2x.png using Guid(116a8defb66aa304d97c1fd15f044486) Importer(815301076,1909f56bfc062723c751e8b465ee728b)  -> (artifact id: 'ab7d09810c0932246c48941adfdb8233') in 0.032559 seconds 
========================================================================
Received Import Request.
  Time since last request: 0.000057 seconds.
  path: Packages/com.unity.textmeshpro/Editor Resources/Textures/btn_AlignMiddle.psd
  artifactKey: Guid(41b96614b2e6494ba995ddcd252d11ae) Importer(815301076,1909f56bfc062723c751e8b465ee728b)
Start importing Packages/com.unity.textmeshpro/Editor Resources/Textures/btn_AlignMiddle.psd using Guid(41b96614b2e6494ba995ddcd252d11ae) Importer(815301076,1909f56bfc062723c751e8b465ee728b)  -> (artifact id: 'a7ac6eb491d795f6340cca1a639889da') in 0.024072 seconds 
========================================================================
Received Import Request.
  Time since last request: 1.106448 seconds.
  path: Packages/com.unity.collab-proxy/Editor/PlasticSCM/Assets/Images/d_iconcheckedoutlocaloverlay.png
  artifactKey: Guid(bb1928aff4fd4cf44af1f629dc14ef9b) Importer(815301076,1909f56bfc062723c751e8b465ee728b)
Start importing Packages/com.unity.collab-proxy/Editor/PlasticSCM/Assets/Images/d_iconcheckedoutlocaloverlay.png using Guid(bb1928aff4fd4cf44af1f629dc14ef9b) Importer(815301076,1909f56bfc062723c751e8b465ee728b)  -> (artifact id: '8630de3f5fa043933252b2a99c2a39a8') in 0.073542 seconds 
========================================================================
Received Import Request.
  Time since last request: 8.179286 seconds.
  path: Packages/com.unity.collab-proxy/Editor/PlasticSCM/Assets/Images/d_iconplasticview.png
  artifactKey: Guid(519d97e745e55f041b609f3666cbc037) Importer(815301076,1909f56bfc062723c751e8b465ee728b)
Start importing Packages/com.unity.collab-proxy/Editor/PlasticSCM/Assets/Images/d_iconplasticview.png using Guid(519d97e745e55f041b609f3666cbc037) Importer(815301076,1909f56bfc062723c751e8b465ee728b)  -> (artifact id: '028ae61100d739c79f4cc385dfd002eb') in 0.022567 seconds 
========================================================================
Received Import Request.
  Time since last request: 0.000033 seconds.
  path: Packages/com.unity.collab-proxy/Editor/PlasticSCM/Assets/Images/d_iconplasticviewnotify@2x.png
  artifactKey: Guid(64eb0648ca0d11944a9517d8662508fd) Importer(815301076,1909f56bfc062723c751e8b465ee728b)
Start importing Packages/com.unity.collab-proxy/Editor/PlasticSCM/Assets/Images/d_iconplasticviewnotify@2x.png using Guid(64eb0648ca0d11944a9517d8662508fd) Importer(815301076,1909f56bfc062723c751e8b465ee728b)  -> (artifact id: '79cd373e32e7b63f3d4a492322074160') in 0.022506 seconds 
========================================================================
Received Import Request.
  Time since last request: 0.255153 seconds.
  path: Packages/com.unity.collab-proxy/Editor/PlasticSCM/Assets/Images/d_iconprivateoverlay@2x.png
  artifactKey: Guid(7f854f490da24e54f9e8383e446b5d81) Importer(815301076,1909f56bfc062723c751e8b465ee728b)
Start importing Packages/com.unity.collab-proxy/Editor/PlasticSCM/Assets/Images/d_iconprivateoverlay@2x.png using Guid(7f854f490da24e54f9e8383e446b5d81) Importer(815301076,1909f56bfc062723c751e8b465ee728b)  -> (artifact id: '2c28fe9496cf5272291281bc0fa523b6') in 0.024650 seconds 
========================================================================
Received Import Request.
  Time since last request: 0.000034 seconds.
  path: Packages/com.unity.collab-proxy/Editor/PlasticSCM/Assets/Images/d_ignoredoverlay.png
  artifactKey: Guid(0f5597de928ba6547895c4cdb9fa4185) Importer(815301076,1909f56bfc062723c751e8b465ee728b)
Start importing Packages/com.unity.collab-proxy/Editor/PlasticSCM/Assets/Images/d_ignoredoverlay.png using Guid(0f5597de928ba6547895c4cdb9fa4185) Importer(815301076,1909f56bfc062723c751e8b465ee728b)  -> (artifact id: '06640de7a85d7bcece6c03d5b8e6b7b3') in 0.020370 seconds 
========================================================================
Received Import Request.
  Time since last request: 0.368549 seconds.
  path: Packages/com.unity.timeline/Editor/StyleSheets/Images/Icons/d_TimelineCollapseMarkerButtonDisabled.png
  artifactKey: Guid(40947ddc2dd4f0d499a92d0f3675c4e8) Importer(815301076,1909f56bfc062723c751e8b465ee728b)
Start importing Packages/com.unity.timeline/Editor/StyleSheets/Images/Icons/d_TimelineCollapseMarkerButtonDisabled.png using Guid(40947ddc2dd4f0d499a92d0f3675c4e8) Importer(815301076,1909f56bfc062723c751e8b465ee728b)  -> (artifact id: '2ff2c25720a221c057a9d61fe995315a') in 0.018679 seconds 
========================================================================
Received Import Request.
  Time since last request: 0.016126 seconds.
  path: Packages/com.unity.timeline/Editor/StyleSheets/Images/Icons/d_TimelineCollapseMarkerButtonEnabled.png
  artifactKey: Guid(2446ee609b613cd4e9142ccc55cb7c43) Importer(815301076,1909f56bfc062723c751e8b465ee728b)
Start importing Packages/com.unity.timeline/Editor/StyleSheets/Images/Icons/d_TimelineCollapseMarkerButtonEnabled.png using Guid(2446ee609b613cd4e9142ccc55cb7c43) Importer(815301076,1909f56bfc062723c751e8b465ee728b)  -> (artifact id: '9e2e772f6756d0e95a88def4a822e813') in 0.020585 seconds 
========================================================================
Received Import Request.
  Time since last request: 1.081831 seconds.
  path: Packages/com.unity.timeline/Editor/StyleSheets/Images/Icons/d_TimelineEditModeReplaceON.png
  artifactKey: Guid(7b4b3cedf598c954cb2f38d6e2e34c0d) Importer(815301076,1909f56bfc062723c751e8b465ee728b)
Start importing Packages/com.unity.timeline/Editor/StyleSheets/Images/Icons/d_TimelineEditModeReplaceON.png using Guid(7b4b3cedf598c954cb2f38d6e2e34c0d) Importer(815301076,1909f56bfc062723c751e8b465ee728b)  -> (artifact id: '1a0ea8dcb5d1cbc03376da5e187efab7') in 0.020142 seconds 
========================================================================
Received Import Request.
  Time since last request: 0.027238 seconds.
  path: Packages/com.unity.timeline/Editor/StyleSheets/Images/Icons/d_TimelineSignal.png
  artifactKey: Guid(ad2e3e92b00839c4e991ca602ef19822) Importer(815301076,1909f56bfc062723c751e8b465ee728b)
Start importing Packages/com.unity.timeline/Editor/StyleSheets/Images/Icons/d_TimelineSignal.png using Guid(ad2e3e92b00839c4e991ca602ef19822) Importer(815301076,1909f56bfc062723c751e8b465ee728b)  -> (artifact id: '9fc11f69aef39efd4fb1f8e6f3a05deb') in 0.021904 seconds 
========================================================================
Received Import Request.
  Time since last request: 0.000031 seconds.
  path: Packages/com.unity.timeline/Editor/StyleSheets/Images/Icons/d_TrackLockButtonEnabled@2x.png
  artifactKey: Guid(2c85066ea99cfbe4f90294bf295ce543) Importer(815301076,1909f56bfc062723c751e8b465ee728b)
Start importing Packages/com.unity.timeline/Editor/StyleSheets/Images/Icons/d_TrackLockButtonEnabled@2x.png using Guid(2c85066ea99cfbe4f90294bf295ce543) Importer(815301076,1909f56bfc062723c751e8b465ee728b)  -> (artifact id: 'd0be2216e93fee7b00de5f6b1c6fe06f') in 0.019696 seconds 
========================================================================
Received Import Request.
  Time since last request: 0.000023 seconds.
  path: Packages/com.unity.timeline/Editor/StyleSheets/Images/Icons/d_TrackMuteButtonEnabled.png
  artifactKey: Guid(ac5017dfbeee42347b3b45ecc572674e) Importer(815301076,1909f56bfc062723c751e8b465ee728b)
Start importing Packages/com.unity.timeline/Editor/StyleSheets/Images/Icons/d_TrackMuteButtonEnabled.png using Guid(ac5017dfbeee42347b3b45ecc572674e) Importer(815301076,1909f56bfc062723c751e8b465ee728b)  -> (artifact id: '021f02e3adcf7a05c476d8ff11a8d1ea') in 0.022302 seconds 
========================================================================
Received Import Request.
  Time since last request: 0.000026 seconds.
  path: Packages/com.unity.timeline/Editor/StyleSheets/Images/Icons/d_TrackRecordButtonDisabled@2x.png
  artifactKey: Guid(db15c78579dee4a4db85f392634c8ecc) Importer(815301076,1909f56bfc062723c751e8b465ee728b)
Start importing Packages/com.unity.timeline/Editor/StyleSheets/Images/Icons/d_TrackRecordButtonDisabled@2x.png using Guid(db15c78579dee4a4db85f392634c8ecc) Importer(815301076,1909f56bfc062723c751e8b465ee728b)  -> (artifact id: '53729a91490385f96b9093ed27728a1c') in 0.020784 seconds 
========================================================================
Received Import Request.
  Time since last request: 0.000033 seconds.
  path: Packages/com.unity.collab-proxy/Editor/Collaborate/Assets/Icons/diff-dark.png
  artifactKey: Guid(06bb2a7fb040987409dae109d185de22) Importer(815301076,1909f56bfc062723c751e8b465ee728b)
Start importing Packages/com.unity.collab-proxy/Editor/Collaborate/Assets/Icons/diff-dark.png using Guid(06bb2a7fb040987409dae109d185de22) Importer(815301076,1909f56bfc062723c751e8b465ee728b)  -> (artifact id: '3df07c9b0660a8b93b09563bd25a1029') in 0.022617 seconds 
========================================================================
Received Import Request.
  Time since last request: 0.000044 seconds.
  path: Packages/com.unity.collab-proxy/Editor/Collaborate/Assets/Icons/edited-file-dark@2x.png
  artifactKey: Guid(cdf2b54d520524c418aed1dc00eec185) Importer(815301076,1909f56bfc062723c751e8b465ee728b)
Start importing Packages/com.unity.collab-proxy/Editor/Collaborate/Assets/Icons/edited-file-dark@2x.png using Guid(cdf2b54d520524c418aed1dc00eec185) Importer(815301076,1909f56bfc062723c751e8b465ee728b)  -> (artifact id: '7b33fd134e56769c1c798a7c5a1e6d06') in 0.021867 seconds 
========================================================================
Received Import Request.
  Time since last request: 0.000055 seconds.
  path: Packages/com.unity.terrain-tools/Editor/TerrainTools/FilterStack/Editor/Images/eye-off.png
  artifactKey: Guid(3b6825dfa57ff7d469c6e24ce9462edf) Importer(815301076,1909f56bfc062723c751e8b465ee728b)
Start importing Packages/com.unity.terrain-tools/Editor/TerrainTools/FilterStack/Editor/Images/eye-off.png using Guid(3b6825dfa57ff7d469c6e24ce9462edf) Importer(815301076,1909f56bfc062723c751e8b465ee728b)  -> (artifact id: '1ab8e0b2ed05332ae2cba2c78bd1c915') in 0.021354 seconds 
========================================================================
Received Import Request.
  Time since last request: 0.000052 seconds.
  path: Assets/_TextMesh Pro/Examples & Extras/Fonts/Oswald-Bold.ttf
  artifactKey: Guid(c9f6d0e7bc8541498c9a4799ba184ede) Importer(815301076,1909f56bfc062723c751e8b465ee728b)
Start importing Assets/_TextMesh Pro/Examples & Extras/Fonts/Oswald-Bold.ttf using Guid(c9f6d0e7bc8541498c9a4799ba184ede) Importer(815301076,1909f56bfc062723c751e8b465ee728b)  -> (artifact id: 'c39f9c91bf5165c219272e3d19e471cd') in 0.066001 seconds 
========================================================================
Received Import Request.
  Time since last request: 0.000043 seconds.
  path: Packages/com.unity.timeline/Editor/StyleSheets/Images/Icons/d_TrackMuteButtonDisabled.png
  artifactKey: Guid(6ab002208ec290544b44bc263dc58a95) Importer(815301076,1909f56bfc062723c751e8b465ee728b)
Start importing Packages/com.unity.timeline/Editor/StyleSheets/Images/Icons/d_TrackMuteButtonDisabled.png using Guid(6ab002208ec290544b44bc263dc58a95) Importer(815301076,1909f56bfc062723c751e8b465ee728b)  -> (artifact id: 'e510e60d89ad496779174e89b5292fec') in 0.024170 seconds 
========================================================================
Received Import Request.
  Time since last request: 0.000039 seconds.
  path: Packages/com.unity.collab-proxy/Editor/Collaborate/Assets/Icons/edited-file-dark.png
  artifactKey: Guid(bcc2167ce63c6264b9c1295e97bec6bc) Importer(815301076,1909f56bfc062723c751e8b465ee728b)
Start importing Packages/com.unity.collab-proxy/Editor/Collaborate/Assets/Icons/edited-file-dark.png using Guid(bcc2167ce63c6264b9c1295e97bec6bc) Importer(815301076,1909f56bfc062723c751e8b465ee728b)  -> (artifact id: '9ba555d20cff2e03494e4f6799e7d776') in 0.024018 seconds 
========================================================================
Received Import Request.
  Time since last request: 0.000034 seconds.
  path: Packages/com.unity.timeline/Editor/StyleSheets/Images/Icons/d_TrackRecordButtonEnabled@2x.png
  artifactKey: Guid(0f1c9a12872a30f45bab34f536332bb3) Importer(815301076,1909f56bfc062723c751e8b465ee728b)
Start importing Packages/com.unity.timeline/Editor/StyleSheets/Images/Icons/d_TrackRecordButtonEnabled@2x.png using Guid(0f1c9a12872a30f45bab34f536332bb3) Importer(815301076,1909f56bfc062723c751e8b465ee728b)  -> (artifact id: 'f05bc57c8a5b557bcb9237f236619040') in 0.023130 seconds 
========================================================================
Received Import Request.
  Time since last request: 0.000039 seconds.
  path: Packages/com.unity.services.core/Editor/Core/UiHelpers/Images/ExternalLinkIcon.png
  artifactKey: Guid(dcfa8e537229b4e8db4c6bc39a906c89) Importer(815301076,1909f56bfc062723c751e8b465ee728b)
Start importing Packages/com.unity.services.core/Editor/Core/UiHelpers/Images/ExternalLinkIcon.png using Guid(dcfa8e537229b4e8db4c6bc39a906c89) Importer(815301076,1909f56bfc062723c751e8b465ee728b)  -> (artifact id: '9c614bc18f81a52dd3291b579a9f95f1') in 0.023534 seconds 
========================================================================
Received Import Request.
  Time since last request: 0.000040 seconds.
  path: Packages/com.unity.collab-proxy/Editor/Collaborate/Assets/Icons/edited-file-light.png
  artifactKey: Guid(33c1613cec3e57243baaa6b3dba6fec5) Importer(815301076,1909f56bfc062723c751e8b465ee728b)
Start importing Packages/com.unity.collab-proxy/Editor/Collaborate/Assets/Icons/edited-file-light.png using Guid(33c1613cec3e57243baaa6b3dba6fec5) Importer(815301076,1909f56bfc062723c751e8b465ee728b)  -> (artifact id: '26ab3e5d6b41438c787d3790420e9b6e') in 0.022821 seconds 
========================================================================
Received Import Request.
  Time since last request: 0.000042 seconds.
  path: Packages/com.unity.timeline/Editor/StyleSheets/Images/Icons/d_TrackLockButtonDisabled.png
  artifactKey: Guid(52ee3ba2abc3da14a95cdf64d32ae0ae) Importer(815301076,1909f56bfc062723c751e8b465ee728b)
Start importing Packages/com.unity.timeline/Editor/StyleSheets/Images/Icons/d_TrackLockButtonDisabled.png using Guid(52ee3ba2abc3da14a95cdf64d32ae0ae) Importer(815301076,1909f56bfc062723c751e8b465ee728b)  -> (artifact id: '7adb5a4c46508af7c8f8602a3099e8d3') in 0.023022 seconds 
========================================================================
Received Import Request.
  Time since last request: 0.000040 seconds.
  path: Assets/_TextMesh Pro/Examples & Extras/Textures/Gradient Diagonal (Color).jpg
  artifactKey: Guid(2ce5c55e85304b819a1826ecbc839aa5) Importer(815301076,1909f56bfc062723c751e8b465ee728b)
Start importing Assets/_TextMesh Pro/Examples & Extras/Textures/Gradient Diagonal (Color).jpg using Guid(2ce5c55e85304b819a1826ecbc839aa5) Importer(815301076,1909f56bfc062723c751e8b465ee728b)  -> (artifact id: '9f377a2e7049e0f2ffeb99dd619197b8') in 0.019006 seconds 
========================================================================
Received Import Request.
  Time since last request: 0.000034 seconds.
  path: Packages/com.unity.timeline/Editor/StyleSheets/Images/Icons/d_TrackRecordButtonEnabled.png
  artifactKey: Guid(0e5ba0f04df278944a8f5a62f64f5aa6) Importer(815301076,1909f56bfc062723c751e8b465ee728b)
Start importing Packages/com.unity.timeline/Editor/StyleSheets/Images/Icons/d_TrackRecordButtonEnabled.png using Guid(0e5ba0f04df278944a8f5a62f64f5aa6) Importer(815301076,1909f56bfc062723c751e8b465ee728b)  -> (artifact id: 'b1d727427b880c1641baca30162e5aea') in 0.022441 seconds 
========================================================================
Received Import Request.
  Time since last request: 0.000033 seconds.
  path: Packages/com.unity.collab-proxy/Editor/Collaborate/Assets/Icons/deleted-file-light.png
  artifactKey: Guid(bb678af880b2dd74cbd76186590c66da) Importer(815301076,1909f56bfc062723c751e8b465ee728b)
Start importing Packages/com.unity.collab-proxy/Editor/Collaborate/Assets/Icons/deleted-file-light.png using Guid(bb678af880b2dd74cbd76186590c66da) Importer(815301076,1909f56bfc062723c751e8b465ee728b)  -> (artifact id: '411d88ba240b560c138707c62538b13b') in 0.021329 seconds 
========================================================================
Received Import Request.
  Time since last request: 0.291571 seconds.
  path: Packages/com.unity.collab-proxy/Editor/PlasticSCM/Assets/Images/iconplasticviewnotify@2x.png
  artifactKey: Guid(0a4da12ff51bd83498216f698c7f20fa) Importer(815301076,1909f56bfc062723c751e8b465ee728b)
Start importing Packages/com.unity.collab-proxy/Editor/PlasticSCM/Assets/Images/iconplasticviewnotify@2x.png using Guid(0a4da12ff51bd83498216f698c7f20fa) Importer(815301076,1909f56bfc062723c751e8b465ee728b)  -> (artifact id: 'af191c4d721e8153d552a36b28ea53cd') in 0.026408 seconds 
========================================================================
Received Import Request.
  Time since last request: 0.000067 seconds.
  path: Packages/com.unity.collab-proxy/Editor/PlasticSCM/Assets/Images/iconprivateoverlay@2x.png
  artifactKey: Guid(40685941c1361aa4a957b61174bce3f6) Importer(815301076,1909f56bfc062723c751e8b465ee728b)
Start importing Packages/com.unity.collab-proxy/Editor/PlasticSCM/Assets/Images/iconprivateoverlay@2x.png using Guid(40685941c1361aa4a957b61174bce3f6) Importer(815301076,1909f56bfc062723c751e8b465ee728b)  -> (artifact id: 'fdac718bfa90d79a551c37825caec357') in 0.023539 seconds 
========================================================================
Received Import Request.
  Time since last request: 0.001831 seconds.
  path: Packages/com.unity.terrain-tools/Editor/Icons/LayersEyedropper.png
  artifactKey: Guid(a01e9405cede59345aae085cba1d3e14) Importer(815301076,1909f56bfc062723c751e8b465ee728b)
Start importing Packages/com.unity.terrain-tools/Editor/Icons/LayersEyedropper.png using Guid(a01e9405cede59345aae085cba1d3e14) Importer(815301076,1909f56bfc062723c751e8b465ee728b)  -> (artifact id: '956b07e5a7b3c4a2264b823f24205ace') in 0.018042 seconds 
========================================================================
Received Import Request.
  Time since last request: 0.577013 seconds.
  path: Assets/Scenes/MainMenu/Lightmap-11_comp_dir.png
  artifactKey: Guid(8f1e9e452c01c714e97c9d7e05964abc) Importer(815301076,1909f56bfc062723c751e8b465ee728b)
Start importing Assets/Scenes/MainMenu/Lightmap-11_comp_dir.png using Guid(8f1e9e452c01c714e97c9d7e05964abc) Importer(815301076,1909f56bfc062723c751e8b465ee728b)  -> (artifact id: 'ad202b7bc940cf0c3b44227cb62de47e') in 0.016857 seconds 
========================================================================
Received Import Request.
  Time since last request: 0.000034 seconds.
  path: Assets/Scenes/MainMenu/Lightmap-12_comp_light.exr
  artifactKey: Guid(26e13f56525adad4b823bc2bcfe37f1c) Importer(815301076,1909f56bfc062723c751e8b465ee728b)
Start importing Assets/Scenes/MainMenu/Lightmap-12_comp_light.exr using Guid(26e13f56525adad4b823bc2bcfe37f1c) Importer(815301076,1909f56bfc062723c751e8b465ee728b)  -> (artifact id: '4da9d4d5b5350116f6f6f33e9b4af6f4') in 0.025597 seconds 
========================================================================
Received Import Request.
  Time since last request: 3.290830 seconds.
  path: Assets/Scenes/MainMenu/Lightmap-17_comp_dir.png
  artifactKey: Guid(9c24eda85e3fea94d88aeced071fd6b7) Importer(815301076,1909f56bfc062723c751e8b465ee728b)
Start importing Assets/Scenes/MainMenu/Lightmap-17_comp_dir.png using Guid(9c24eda85e3fea94d88aeced071fd6b7) Importer(815301076,1909f56bfc062723c751e8b465ee728b)  -> (artifact id: '22d08b6a26b3d126a6c314dff10cea54') in 0.030418 seconds 
========================================================================
Received Import Request.
  Time since last request: 0.033939 seconds.
  path: Assets/Scenes/MainMenu/Lightmap-19_comp_dir.png
  artifactKey: Guid(e97b439c9e82a6a4ca3eb519f71fbc62) Importer(815301076,1909f56bfc062723c751e8b465ee728b)
Start importing Assets/Scenes/MainMenu/Lightmap-19_comp_dir.png using Guid(e97b439c9e82a6a4ca3eb519f71fbc62) Importer(815301076,1909f56bfc062723c751e8b465ee728b)  -> (artifact id: '0864985bffd878e8c46b2bc7d237963c') in 0.029879 seconds 
========================================================================
Received Import Request.
  Time since last request: 0.000034 seconds.
  path: Assets/Scenes/MainMenu/Lightmap-21_comp_dir.png
  artifactKey: Guid(71c1739a920ec2d4fabf1dc6d3fc7964) Importer(815301076,1909f56bfc062723c751e8b465ee728b)
Start importing Assets/Scenes/MainMenu/Lightmap-21_comp_dir.png using Guid(71c1739a920ec2d4fabf1dc6d3fc7964) Importer(815301076,1909f56bfc062723c751e8b465ee728b)  -> (artifact id: '8e77e2c08fdd4331631389c7ccacfcb3') in 0.021230 seconds 
========================================================================
Received Import Request.
  Time since last request: 0.000044 seconds.
  path: Assets/Scenes/MainMenu/Lightmap-22_comp_dir.png
  artifactKey: Guid(d164b44d207f0bb40ba54e8de77b7b70) Importer(815301076,1909f56bfc062723c751e8b465ee728b)
Start importing Assets/Scenes/MainMenu/Lightmap-22_comp_dir.png using Guid(d164b44d207f0bb40ba54e8de77b7b70) Importer(815301076,1909f56bfc062723c751e8b465ee728b)  -> (artifact id: '150657ef6a317235eda28edda0ccefff') in 0.022450 seconds 
========================================================================
Received Import Request.
  Time since last request: 0.000034 seconds.
  path: Assets/Scenes/MainMenu/Lightmap-22_comp_light.exr
  artifactKey: Guid(1166e06788b7b774ca571ac1861c415f) Importer(815301076,1909f56bfc062723c751e8b465ee728b)
Start importing Assets/Scenes/MainMenu/Lightmap-22_comp_light.exr using Guid(1166e06788b7b774ca571ac1861c415f) Importer(815301076,1909f56bfc062723c751e8b465ee728b)  -> (artifact id: '40df0c8c5125fcff27fa475d01c01664') in 0.013302 seconds 
========================================================================
Received Import Request.
  Time since last request: 0.046080 seconds.
  path: Assets/Scenes/MainMenu/Lightmap-22_comp_shadowmask.png
  artifactKey: Guid(3bc18f041bb89464f8eb56a59a2eb764) Importer(815301076,1909f56bfc062723c751e8b465ee728b)
Start importing Assets/Scenes/MainMenu/Lightmap-22_comp_shadowmask.png using Guid(3bc18f041bb89464f8eb56a59a2eb764) Importer(815301076,1909f56bfc062723c751e8b465ee728b)  -> (artifact id: '24d95479dcba861c5e82588e8c9a1730') in 0.016244 seconds 
========================================================================
Received Import Request.
  Time since last request: 0.000034 seconds.
  path: Assets/Scenes/MainMenu/Lightmap-24_comp_light.exr
  artifactKey: Guid(abaf732a92b055844a82ad2c541dab8c) Importer(815301076,1909f56bfc062723c751e8b465ee728b)
Start importing Assets/Scenes/MainMenu/Lightmap-24_comp_light.exr using Guid(abaf732a92b055844a82ad2c541dab8c) Importer(815301076,1909f56bfc062723c751e8b465ee728b)  -> (artifact id: 'd55014e0d338d57cda0ec96c64dd4532') in 0.020224 seconds 
========================================================================
Received Import Request.
  Time since last request: 0.000047 seconds.
  path: Assets/Scenes/MainMenu/Lightmap-24_comp_dir.png
  artifactKey: Guid(3f3b5e1726bf23943a600cef6cff94aa) Importer(815301076,1909f56bfc062723c751e8b465ee728b)
Start importing Assets/Scenes/MainMenu/Lightmap-24_comp_dir.png using Guid(3f3b5e1726bf23943a600cef6cff94aa) Importer(815301076,1909f56bfc062723c751e8b465ee728b)  -> (artifact id: '7fb24ba17bbf0c2cfb8a51663bd25a0b') in 0.020120 seconds 
========================================================================
Received Import Request.
  Time since last request: 0.000049 seconds.
  path: Assets/Scenes/MainMenu/Lightmap-25_comp_shadowmask.png
  artifactKey: Guid(32cc876a4b4eb384886c0e9a3e708d67) Importer(815301076,1909f56bfc062723c751e8b465ee728b)
Start importing Assets/Scenes/MainMenu/Lightmap-25_comp_shadowmask.png using Guid(32cc876a4b4eb384886c0e9a3e708d67) Importer(815301076,1909f56bfc062723c751e8b465ee728b)  -> (artifact id: 'c45ec1365070b38b7287b026b535451e') in 0.017451 seconds 
========================================================================
Received Import Request.
  Time since last request: 0.000038 seconds.
  path: Assets/Scenes/MainMenu/Lightmap-26_comp_shadowmask.png
  artifactKey: Guid(992469da00ac38647a0bd4371e4c623a) Importer(815301076,1909f56bfc062723c751e8b465ee728b)
Start importing Assets/Scenes/MainMenu/Lightmap-26_comp_shadowmask.png using Guid(992469da00ac38647a0bd4371e4c623a) Importer(815301076,1909f56bfc062723c751e8b465ee728b)  -> (artifact id: '18fd9523a02560a376f8770ea79c8296') in 0.020220 seconds 
========================================================================
Received Import Request.
  Time since last request: 0.000036 seconds.
  path: Assets/Scenes/MainMenu/Lightmap-29_comp_dir.png
  artifactKey: Guid(aab29b32130c153458c5ef833314c3ec) Importer(815301076,1909f56bfc062723c751e8b465ee728b)
Start importing Assets/Scenes/MainMenu/Lightmap-29_comp_dir.png using Guid(aab29b32130c153458c5ef833314c3ec) Importer(815301076,1909f56bfc062723c751e8b465ee728b)  -> (artifact id: 'd1bc2b45ac7ed5eb18b9ad159cb788f9') in 0.020041 seconds 
========================================================================
Received Import Request.
  Time since last request: 0.000026 seconds.
  path: Assets/Scenes/MainMenu/Lightmap-31_comp_dir.png
  artifactKey: Guid(86b4327659d04c943859faab53de211c) Importer(815301076,1909f56bfc062723c751e8b465ee728b)
Start importing Assets/Scenes/MainMenu/Lightmap-31_comp_dir.png using Guid(86b4327659d04c943859faab53de211c) Importer(815301076,1909f56bfc062723c751e8b465ee728b)  -> (artifact id: 'fdbc80a27c8a898be92082e33e893ced') in 0.018883 seconds 
========================================================================
Received Import Request.
  Time since last request: 0.000041 seconds.
  path: Assets/Scenes/MainMenu/Lightmap-29_comp_shadowmask.png
  artifactKey: Guid(d1ffa8980cb73d447ab8bda436f02446) Importer(815301076,1909f56bfc062723c751e8b465ee728b)
Start importing Assets/Scenes/MainMenu/Lightmap-29_comp_shadowmask.png using Guid(d1ffa8980cb73d447ab8bda436f02446) Importer(815301076,1909f56bfc062723c751e8b465ee728b)  -> (artifact id: '87f1c38d88b1d4ff89dd94caef1e9855') in 0.016249 seconds 
========================================================================
Received Import Request.
  Time since last request: 0.000041 seconds.
  path: Assets/Scenes/MainMenu/Lightmap-29_comp_light.exr
  artifactKey: Guid(0c1515bc13b55b24e88c17e8dbe69164) Importer(815301076,1909f56bfc062723c751e8b465ee728b)
Start importing Assets/Scenes/MainMenu/Lightmap-29_comp_light.exr using Guid(0c1515bc13b55b24e88c17e8dbe69164) Importer(815301076,1909f56bfc062723c751e8b465ee728b)  -> (artifact id: '73e9065bd43ac6070aae6a38f15366d3') in 0.016641 seconds 
========================================================================
Received Import Request.
  Time since last request: 0.000096 seconds.
  path: Assets/Scenes/MainMenu/Lightmap-33_comp_light.exr
  artifactKey: Guid(d19fec2ffc7356f4ba8379012faa08ea) Importer(815301076,1909f56bfc062723c751e8b465ee728b)
Start importing Assets/Scenes/MainMenu/Lightmap-33_comp_light.exr using Guid(d19fec2ffc7356f4ba8379012faa08ea) Importer(815301076,1909f56bfc062723c751e8b465ee728b)  -> (artifact id: '5ddc7e93c44184568613d4ee8a620c2a') in 0.017009 seconds 
========================================================================
Received Import Request.
  Time since last request: 0.000036 seconds.
  path: Assets/Scenes/MainMenu/Lightmap-27_comp_shadowmask.png
  artifactKey: Guid(9c97287bbb21150418a8eaaa9c38633b) Importer(815301076,1909f56bfc062723c751e8b465ee728b)
Start importing Assets/Scenes/MainMenu/Lightmap-27_comp_shadowmask.png using Guid(9c97287bbb21150418a8eaaa9c38633b) Importer(815301076,1909f56bfc062723c751e8b465ee728b)  -> (artifact id: '8d19d66479c8fe8a8477480df54ec1e9') in 0.016451 seconds 
========================================================================
Received Import Request.
  Time since last request: 0.000036 seconds.
  path: Assets/Scenes/MainMenu/Lightmap-34_comp_shadowmask.png
  artifactKey: Guid(6ff53245d3dae3a48bfd5e26adcacc09) Importer(815301076,1909f56bfc062723c751e8b465ee728b)
Start importing Assets/Scenes/MainMenu/Lightmap-34_comp_shadowmask.png using Guid(6ff53245d3dae3a48bfd5e26adcacc09) Importer(815301076,1909f56bfc062723c751e8b465ee728b)  -> (artifact id: '76daefad01f70f8f4229bb4ed238511b') in 0.019631 seconds 
========================================================================
Received Import Request.
  Time since last request: 0.000032 seconds.
  path: Assets/Scenes/MainMenu/Lightmap-34_comp_light.exr
  artifactKey: Guid(ffb30c7e6b73d3a43ae76422cfa7f841) Importer(815301076,1909f56bfc062723c751e8b465ee728b)
Start importing Assets/Scenes/MainMenu/Lightmap-34_comp_light.exr using Guid(ffb30c7e6b73d3a43ae76422cfa7f841) Importer(815301076,1909f56bfc062723c751e8b465ee728b)  -> (artifact id: 'b2fe1716626d8042af20a5bdb1223b02') in 0.018462 seconds 
========================================================================
Received Import Request.
  Time since last request: 0.000032 seconds.
  path: Assets/Scenes/MainMenu/Lightmap-38_comp_dir.png
  artifactKey: Guid(e037e06879b45f74bb5a494c786aad44) Importer(815301076,1909f56bfc062723c751e8b465ee728b)
Start importing Assets/Scenes/MainMenu/Lightmap-38_comp_dir.png using Guid(e037e06879b45f74bb5a494c786aad44) Importer(815301076,1909f56bfc062723c751e8b465ee728b)  -> (artifact id: 'c8c161e6c06a46e368dd601c7a7dd7c0') in 0.018570 seconds 
========================================================================
Received Import Request.
  Time since last request: 0.000042 seconds.
  path: Assets/Scenes/MainMenu/Lightmap-39_comp_light.exr
  artifactKey: Guid(b42163abf237c214ba70d864655955db) Importer(815301076,1909f56bfc062723c751e8b465ee728b)
Start importing Assets/Scenes/MainMenu/Lightmap-39_comp_light.exr using Guid(b42163abf237c214ba70d864655955db) Importer(815301076,1909f56bfc062723c751e8b465ee728b)  -> (artifact id: '0bc587a4852f1005c0586d25b4f0e1ad') in 0.019707 seconds 
========================================================================
Received Import Request.
  Time since last request: 0.000048 seconds.
  path: Assets/Scenes/MainMenu/Lightmap-37_comp_light.exr
  artifactKey: Guid(5701009862e2f1e43b1a8e8f0da31143) Importer(815301076,1909f56bfc062723c751e8b465ee728b)
Start importing Assets/Scenes/MainMenu/Lightmap-37_comp_light.exr using Guid(5701009862e2f1e43b1a8e8f0da31143) Importer(815301076,1909f56bfc062723c751e8b465ee728b)  -> (artifact id: '6dff9e0b167b979549a889d9d05437e3') in 0.018916 seconds 
========================================================================
Received Import Request.
  Time since last request: 0.000031 seconds.
  path: Assets/Scenes/MainMenu/Lightmap-37_comp_dir.png
  artifactKey: Guid(3f342629214b46c49b5845f214574d6c) Importer(815301076,1909f56bfc062723c751e8b465ee728b)
Start importing Assets/Scenes/MainMenu/Lightmap-37_comp_dir.png using Guid(3f342629214b46c49b5845f214574d6c) Importer(815301076,1909f56bfc062723c751e8b465ee728b)  -> (artifact id: 'c0cc2a52f0e17d966d1c5773c43c7c25') in 0.017701 seconds 
========================================================================
Received Import Request.
  Time since last request: 0.000029 seconds.
  path: Assets/Scenes/MainMenu/Lightmap-35_comp_dir.png
  artifactKey: Guid(ad1faea742c358a43bda085934ff831e) Importer(815301076,1909f56bfc062723c751e8b465ee728b)
Start importing Assets/Scenes/MainMenu/Lightmap-35_comp_dir.png using Guid(ad1faea742c358a43bda085934ff831e) Importer(815301076,1909f56bfc062723c751e8b465ee728b)  -> (artifact id: 'ccd357b91d6c5d3139c44adc1825373b') in 0.020515 seconds 
========================================================================
Received Import Request.
  Time since last request: 0.000037 seconds.
  path: Assets/Scenes/MainMenu/Lightmap-43_comp_dir.png
  artifactKey: Guid(2e783dc4eb06a7a48b6f2815a64d549a) Importer(815301076,1909f56bfc062723c751e8b465ee728b)
Start importing Assets/Scenes/MainMenu/Lightmap-43_comp_dir.png using Guid(2e783dc4eb06a7a48b6f2815a64d549a) Importer(815301076,1909f56bfc062723c751e8b465ee728b)  -> (artifact id: '855e7bfb863fd76f93ff904058233c14') in 0.018432 seconds 
========================================================================
Received Import Request.
  Time since last request: 0.000036 seconds.
  path: Assets/Scenes/MainMenu/Lightmap-43_comp_light.exr
  artifactKey: Guid(6929fcdec6f161d4a877d180d24e79dc) Importer(815301076,1909f56bfc062723c751e8b465ee728b)
Start importing Assets/Scenes/MainMenu/Lightmap-43_comp_light.exr using Guid(6929fcdec6f161d4a877d180d24e79dc) Importer(815301076,1909f56bfc062723c751e8b465ee728b)  -> (artifact id: '6e8c03a41e3f05c89648cfdd58952562') in 0.019694 seconds 
========================================================================
Received Import Request.
  Time since last request: 0.000049 seconds.
  path: Assets/Scenes/MainMenu/Lightmap-46_comp_dir.png
  artifactKey: Guid(072dbd7312dae2343b576fcc596da095) Importer(815301076,1909f56bfc062723c751e8b465ee728b)
Start importing Assets/Scenes/MainMenu/Lightmap-46_comp_dir.png using Guid(072dbd7312dae2343b576fcc596da095) Importer(815301076,1909f56bfc062723c751e8b465ee728b)  -> (artifact id: '5240f11e7de1c7773c44543e79c92730') in 0.020237 seconds 
========================================================================
Received Import Request.
  Time since last request: 0.000048 seconds.
  path: Assets/Scenes/MainMenu/Lightmap-47_comp_light.exr
  artifactKey: Guid(d632fa59a3de28e41b31c9f195904cec) Importer(815301076,1909f56bfc062723c751e8b465ee728b)
Start importing Assets/Scenes/MainMenu/Lightmap-47_comp_light.exr using Guid(d632fa59a3de28e41b31c9f195904cec) Importer(815301076,1909f56bfc062723c751e8b465ee728b)  -> (artifact id: '607c592ad400973c72209f753dedff65') in 0.016744 seconds 
========================================================================
Received Import Request.
  Time since last request: 0.000034 seconds.
  path: Assets/Scenes/MainMenu/Lightmap-47_comp_dir.png
  artifactKey: Guid(b5829c42938d50e44b73400a155e1195) Importer(815301076,1909f56bfc062723c751e8b465ee728b)
Start importing Assets/Scenes/MainMenu/Lightmap-47_comp_dir.png using Guid(b5829c42938d50e44b73400a155e1195) Importer(815301076,1909f56bfc062723c751e8b465ee728b)  -> (artifact id: '2885abdff69182db59d0a97caf6cde8a') in 0.017528 seconds 
========================================================================
Received Import Request.
  Time since last request: 0.000030 seconds.
  path: Assets/Scenes/MainMenu/Lightmap-41_comp_dir.png
  artifactKey: Guid(efc73996ea5f26148bf07dbbea0cbf18) Importer(815301076,1909f56bfc062723c751e8b465ee728b)
Start importing Assets/Scenes/MainMenu/Lightmap-41_comp_dir.png using Guid(efc73996ea5f26148bf07dbbea0cbf18) Importer(815301076,1909f56bfc062723c751e8b465ee728b)  -> (artifact id: 'b221853c1a9d256bf7c4468f79b91560') in 0.017888 seconds 
========================================================================
Received Import Request.
  Time since last request: 0.167386 seconds.
  path: Assets/Scenes/MainMenu/Lightmap-48_comp_light.exr
  artifactKey: Guid(6b86c9cafa4372b468ef8de0895866a2) Importer(815301076,1909f56bfc062723c751e8b465ee728b)
Start importing Assets/Scenes/MainMenu/Lightmap-48_comp_light.exr using Guid(6b86c9cafa4372b468ef8de0895866a2) Importer(815301076,1909f56bfc062723c751e8b465ee728b)  -> (artifact id: 'd275b44341fbd41d15186773ac778c7f') in 0.019136 seconds 
========================================================================
Received Import Request.
  Time since last request: 0.000043 seconds.
  path: Assets/Scenes/MainMenu/Lightmap-49_comp_light.exr
  artifactKey: Guid(8a9580a1d55b9a14fb584f3bbad596a9) Importer(815301076,1909f56bfc062723c751e8b465ee728b)
Start importing Assets/Scenes/MainMenu/Lightmap-49_comp_light.exr using Guid(8a9580a1d55b9a14fb584f3bbad596a9) Importer(815301076,1909f56bfc062723c751e8b465ee728b)  -> (artifact id: '369457e88378a18f6e2f7047070c6725') in 0.019632 seconds 
========================================================================
Received Import Request.
  Time since last request: 0.000039 seconds.
  path: Assets/Scenes/OneLevel/Lightmap-52_comp_dir.png
  artifactKey: Guid(11e839110fa93484481e6bb1c0e3888b) Importer(815301076,1909f56bfc062723c751e8b465ee728b)
Start importing Assets/Scenes/OneLevel/Lightmap-52_comp_dir.png using Guid(11e839110fa93484481e6bb1c0e3888b) Importer(815301076,1909f56bfc062723c751e8b465ee728b)  -> (artifact id: '5825b9119234aa5c115ba8f3d8228626') in 0.017307 seconds 
========================================================================
Received Import Request.
  Time since last request: 0.000046 seconds.
  path: Assets/Scenes/MainMenu/Lightmap-51_comp_light.exr
  artifactKey: Guid(9d5bcd30e14f8b147bf07cecc4eb005f) Importer(815301076,1909f56bfc062723c751e8b465ee728b)
Start importing Assets/Scenes/MainMenu/Lightmap-51_comp_light.exr using Guid(9d5bcd30e14f8b147bf07cecc4eb005f) Importer(815301076,1909f56bfc062723c751e8b465ee728b)  -> (artifact id: '5bd323479a2db7a78b7c7129d5cd2c52') in 0.018007 seconds 
========================================================================
Received Import Request.
  Time since last request: 0.000038 seconds.
  path: Assets/Scenes/OneLevel/Lightmap-53_comp_dir.png
  artifactKey: Guid(5f98ae30da288af4c8f471d1822d005c) Importer(815301076,1909f56bfc062723c751e8b465ee728b)
Start importing Assets/Scenes/OneLevel/Lightmap-53_comp_dir.png using Guid(5f98ae30da288af4c8f471d1822d005c) Importer(815301076,1909f56bfc062723c751e8b465ee728b)  -> (artifact id: 'e446b1415f1662ac1497db1ece838275') in 0.015067 seconds 
========================================================================
Received Import Request.
  Time since last request: 0.000034 seconds.
  path: Assets/Scenes/OneLevel/Lightmap-54_comp_light.exr
  artifactKey: Guid(41c878daaba17454a821d03c26172839) Importer(815301076,1909f56bfc062723c751e8b465ee728b)
Start importing Assets/Scenes/OneLevel/Lightmap-54_comp_light.exr using Guid(41c878daaba17454a821d03c26172839) Importer(815301076,1909f56bfc062723c751e8b465ee728b)  -> (artifact id: 'a75a7e162cce05b6459198d838a58cc4') in 0.017049 seconds 
========================================================================
Received Import Request.
  Time since last request: 0.000042 seconds.
  path: Assets/Scenes/MainMenu/Lightmap-57_comp_dir.png
  artifactKey: Guid(fa7bea8f8a7ed294097582b6f092dda6) Importer(815301076,1909f56bfc062723c751e8b465ee728b)
Start importing Assets/Scenes/MainMenu/Lightmap-57_comp_dir.png using Guid(fa7bea8f8a7ed294097582b6f092dda6) Importer(815301076,1909f56bfc062723c751e8b465ee728b)  -> (artifact id: '48271fe9d7f4dc22c17913a73c03866d') in 0.017041 seconds 
========================================================================
Received Import Request.
  Time since last request: 0.000024 seconds.
  path: Assets/Scenes/MainMenu/Lightmap-58_comp_dir.png
  artifactKey: Guid(5800f38019e768e468e2f68781eb859d) Importer(815301076,1909f56bfc062723c751e8b465ee728b)
Start importing Assets/Scenes/MainMenu/Lightmap-58_comp_dir.png using Guid(5800f38019e768e468e2f68781eb859d) Importer(815301076,1909f56bfc062723c751e8b465ee728b)  -> (artifact id: '191feae3f1974a45e18ad1c22294c26b') in 0.016581 seconds 
========================================================================
Received Import Request.
  Time since last request: 0.000027 seconds.
  path: Assets/Scenes/MainMenu/Lightmap-60_comp_dir.png
  artifactKey: Guid(0db8fda7594a7544cabed8c1d8c44952) Importer(815301076,1909f56bfc062723c751e8b465ee728b)
Start importing Assets/Scenes/MainMenu/Lightmap-60_comp_dir.png using Guid(0db8fda7594a7544cabed8c1d8c44952) Importer(815301076,1909f56bfc062723c751e8b465ee728b)  -> (artifact id: '460bd0a1bf0726a50a5c56fe8edcc9e1') in 0.019542 seconds 
========================================================================
Received Import Request.
  Time since last request: 0.000032 seconds.
  path: Assets/Scenes/MainMenu/Lightmap-58_comp_shadowmask.png
  artifactKey: Guid(5e39275ad74e53749bbd32b53b1d3483) Importer(815301076,1909f56bfc062723c751e8b465ee728b)
Start importing Assets/Scenes/MainMenu/Lightmap-58_comp_shadowmask.png using Guid(5e39275ad74e53749bbd32b53b1d3483) Importer(815301076,1909f56bfc062723c751e8b465ee728b)  -> (artifact id: '98f7be3334a3dece745d50af69e205a0') in 0.019018 seconds 
========================================================================
Received Import Request.
  Time since last request: 0.000037 seconds.
  path: Assets/Scenes/MainMenu/Lightmap-62_comp_dir.png
  artifactKey: Guid(b3c68d6382a093b4382ce81db5dfaab7) Importer(815301076,1909f56bfc062723c751e8b465ee728b)
Start importing Assets/Scenes/MainMenu/Lightmap-62_comp_dir.png using Guid(b3c68d6382a093b4382ce81db5dfaab7) Importer(815301076,1909f56bfc062723c751e8b465ee728b)  -> (artifact id: '0aed9041504225fb9eac6e3ec58958d8') in 0.016334 seconds 
========================================================================
Received Import Request.
  Time since last request: 0.000069 seconds.
  path: Assets/Scenes/OneLevel/Lightmap-64_comp_dir.png
  artifactKey: Guid(5276f2d98b7e1dd40bbbd2517de0fda5) Importer(815301076,1909f56bfc062723c751e8b465ee728b)
Start importing Assets/Scenes/OneLevel/Lightmap-64_comp_dir.png using Guid(5276f2d98b7e1dd40bbbd2517de0fda5) Importer(815301076,1909f56bfc062723c751e8b465ee728b)  -> (artifact id: '8109020e7370daf0bf39002c2e1ea86b') in 0.017476 seconds 
========================================================================
Received Import Request.
  Time since last request: 0.000040 seconds.
  path: Assets/Scenes/OneLevel/Lightmap-62_comp_dir.png
  artifactKey: Guid(0c9911a78a522b54c877b1e0250df3da) Importer(815301076,1909f56bfc062723c751e8b465ee728b)
Start importing Assets/Scenes/OneLevel/Lightmap-62_comp_dir.png using Guid(0c9911a78a522b54c877b1e0250df3da) Importer(815301076,1909f56bfc062723c751e8b465ee728b)  -> (artifact id: '6d62eaf8c66effc37c0de363a215292e') in 0.012241 seconds 
========================================================================
Received Import Request.
  Time since last request: 0.000031 seconds.
  path: Assets/Scenes/MainMenu/Lightmap-64_comp_light.exr
  artifactKey: Guid(787da8d19e51ea442b87bef26c7c5ffa) Importer(815301076,1909f56bfc062723c751e8b465ee728b)
Start importing Assets/Scenes/MainMenu/Lightmap-64_comp_light.exr using Guid(787da8d19e51ea442b87bef26c7c5ffa) Importer(815301076,1909f56bfc062723c751e8b465ee728b)  -> (artifact id: '1bafaea5191faf81b54efe941f4078b6') in 0.018869 seconds 
========================================================================
Received Import Request.
  Time since last request: 0.000047 seconds.
  path: Assets/Scenes/MainMenu/Lightmap-54_comp_dir.png
  artifactKey: Guid(b476613941e69d8469c0cda9a11178dc) Importer(815301076,1909f56bfc062723c751e8b465ee728b)
Start importing Assets/Scenes/MainMenu/Lightmap-54_comp_dir.png using Guid(b476613941e69d8469c0cda9a11178dc) Importer(815301076,1909f56bfc062723c751e8b465ee728b)  -> (artifact id: '2bfbf9367b6994f6bc9462b0e675f782') in 0.017044 seconds 
========================================================================
Received Import Request.
  Time since last request: 0.000040 seconds.
  path: Assets/Scenes/MainMenu/Lightmap-63_comp_dir.png
  artifactKey: Guid(9d244847f9b605c41852e8f3c793ebd0) Importer(815301076,1909f56bfc062723c751e8b465ee728b)
Start importing Assets/Scenes/MainMenu/Lightmap-63_comp_dir.png using Guid(9d244847f9b605c41852e8f3c793ebd0) Importer(815301076,1909f56bfc062723c751e8b465ee728b)  -> (artifact id: '74ba23a5831db07dedb0ab0fca6541d9') in 0.027541 seconds 
========================================================================
Received Import Request.
  Time since last request: 0.000040 seconds.
  path: Assets/Scenes/MainMenu/Lightmap-67_comp_shadowmask.png
  artifactKey: Guid(a6027d906123d814a9847a14e93b6319) Importer(815301076,1909f56bfc062723c751e8b465ee728b)
Start importing Assets/Scenes/MainMenu/Lightmap-67_comp_shadowmask.png using Guid(a6027d906123d814a9847a14e93b6319) Importer(815301076,1909f56bfc062723c751e8b465ee728b)  -> (artifact id: '08f44a12086ed09b7d117578f2596988') in 0.018251 seconds 
========================================================================
Received Import Request.
  Time since last request: 0.000033 seconds.
  path: Assets/Scenes/OneLevel/Lightmap-68_comp_dir.png
  artifactKey: Guid(8b4ae493fc6a76f4ca14ca31882e8a1f) Importer(815301076,1909f56bfc062723c751e8b465ee728b)
Start importing Assets/Scenes/OneLevel/Lightmap-68_comp_dir.png using Guid(8b4ae493fc6a76f4ca14ca31882e8a1f) Importer(815301076,1909f56bfc062723c751e8b465ee728b)  -> (artifact id: 'f6f2f143fa2cf463f721d81e7e68219c') in 0.017955 seconds 
========================================================================
Received Import Request.
  Time since last request: 0.000033 seconds.
  path: Assets/Scenes/OneLevel/Lightmap-65_comp_light.exr
  artifactKey: Guid(0b4481728468fa740876b7e330de57ae) Importer(815301076,1909f56bfc062723c751e8b465ee728b)
Start importing Assets/Scenes/OneLevel/Lightmap-65_comp_light.exr using Guid(0b4481728468fa740876b7e330de57ae) Importer(815301076,1909f56bfc062723c751e8b465ee728b)  -> (artifact id: '15b82a5913e16116cf92066fe2aa2c31') in 0.017034 seconds 
========================================================================
Received Import Request.
  Time since last request: 0.000054 seconds.
  path: Assets/Scenes/MainMenu/Lightmap-55_comp_light.exr
  artifactKey: Guid(60870b0ef7dd0e241b2a8c4ff10375bf) Importer(815301076,1909f56bfc062723c751e8b465ee728b)
Start importing Assets/Scenes/MainMenu/Lightmap-55_comp_light.exr using Guid(60870b0ef7dd0e241b2a8c4ff10375bf) Importer(815301076,1909f56bfc062723c751e8b465ee728b)  -> (artifact id: '623f31854900295f0d0d92963b398e25') in 0.017441 seconds 
========================================================================
Received Import Request.
  Time since last request: 0.000031 seconds.
  path: Assets/Scenes/MainMenu/Lightmap-65_comp_light.exr
  artifactKey: Guid(ddc790553342d134583c26ee7d798727) Importer(815301076,1909f56bfc062723c751e8b465ee728b)
Start importing Assets/Scenes/MainMenu/Lightmap-65_comp_light.exr using Guid(ddc790553342d134583c26ee7d798727) Importer(815301076,1909f56bfc062723c751e8b465ee728b)  -> (artifact id: '48038c067d2ff2411054ecacf69fa34e') in 0.019005 seconds 
========================================================================
Received Import Request.
  Time since last request: 0.000083 seconds.
  path: Assets/Scenes/MainMenu/Lightmap-61_comp_dir.png
  artifactKey: Guid(5a61fceaaab1916449ce1d103fa83a11) Importer(815301076,1909f56bfc062723c751e8b465ee728b)
Start importing Assets/Scenes/MainMenu/Lightmap-61_comp_dir.png using Guid(5a61fceaaab1916449ce1d103fa83a11) Importer(815301076,1909f56bfc062723c751e8b465ee728b)  -> (artifact id: '44bd55b6702f89c647dd92b6728bbf26') in 0.019627 seconds 
========================================================================
Received Import Request.
  Time since last request: 0.000034 seconds.
  path: Assets/Scenes/MainMenu/Lightmap-68_comp_shadowmask.png
  artifactKey: Guid(43fe0bb50c634d74e8ba04b542201f41) Importer(815301076,1909f56bfc062723c751e8b465ee728b)
Start importing Assets/Scenes/MainMenu/Lightmap-68_comp_shadowmask.png using Guid(43fe0bb50c634d74e8ba04b542201f41) Importer(815301076,1909f56bfc062723c751e8b465ee728b)  -> (artifact id: '5697a5f98977a32b5c6ad2700ac26ecd') in 0.017207 seconds 
========================================================================
Received Import Request.
  Time since last request: 0.000027 seconds.
  path: Assets/Scenes/MainMenu/Lightmap-63_comp_shadowmask.png
  artifactKey: Guid(ca2b3f0e75af44346a272f150911678c) Importer(815301076,1909f56bfc062723c751e8b465ee728b)
Start importing Assets/Scenes/MainMenu/Lightmap-63_comp_shadowmask.png using Guid(ca2b3f0e75af44346a272f150911678c) Importer(815301076,1909f56bfc062723c751e8b465ee728b)  -> (artifact id: '0594f34f4dfd0a71b05f2f0c6c02b053') in 0.016179 seconds 
========================================================================
Received Import Request.
  Time since last request: 0.000026 seconds.
  path: Assets/Scenes/MainMenu/Lightmap-54_comp_light.exr
  artifactKey: Guid(db9cf2670317cc74680bda8571d5ca70) Importer(815301076,1909f56bfc062723c751e8b465ee728b)
Start importing Assets/Scenes/MainMenu/Lightmap-54_comp_light.exr using Guid(db9cf2670317cc74680bda8571d5ca70) Importer(815301076,1909f56bfc062723c751e8b465ee728b)  -> (artifact id: 'b3d6d3e1eadc51e9d66af7ee8e334e5c') in 0.016212 seconds 
========================================================================
Received Import Request.
  Time since last request: 0.000041 seconds.
  path: Assets/Scenes/MainMenu/Lightmap-70_comp_dir.png
  artifactKey: Guid(8532f1f6a10356046b706ce74a45916b) Importer(815301076,1909f56bfc062723c751e8b465ee728b)
Start importing Assets/Scenes/MainMenu/Lightmap-70_comp_dir.png using Guid(8532f1f6a10356046b706ce74a45916b) Importer(815301076,1909f56bfc062723c751e8b465ee728b)  -> (artifact id: '5bb41d7499bcb14855fb05106a024c0c') in 0.017867 seconds 
========================================================================
Received Import Request.
  Time since last request: 0.000029 seconds.
  path: Assets/Scenes/OneLevel/Lightmap-69_comp_light.exr
  artifactKey: Guid(8cabbb30757bb29448ced234ed74ef15) Importer(815301076,1909f56bfc062723c751e8b465ee728b)
Start importing Assets/Scenes/OneLevel/Lightmap-69_comp_light.exr using Guid(8cabbb30757bb29448ced234ed74ef15) Importer(815301076,1909f56bfc062723c751e8b465ee728b)  -> (artifact id: 'ff9a6441251159a036550c207e801130') in 0.018760 seconds 
========================================================================
Received Import Request.
  Time since last request: 0.000040 seconds.
  path: Assets/Scenes/MainMenu/Lightmap-63_comp_light.exr
  artifactKey: Guid(9df2923e52133234f8a87fc0d974c33e) Importer(815301076,1909f56bfc062723c751e8b465ee728b)
Start importing Assets/Scenes/MainMenu/Lightmap-63_comp_light.exr using Guid(9df2923e52133234f8a87fc0d974c33e) Importer(815301076,1909f56bfc062723c751e8b465ee728b)  -> (artifact id: '07ec69ad02b5dd9470d0dc687e6f0ccd') in 0.015112 seconds 
========================================================================
Received Import Request.
  Time since last request: 0.000057 seconds.
  path: Assets/Scenes/MainMenu/Lightmap-65_comp_dir.png
  artifactKey: Guid(bddea4f7e5269044f8db76c391b2a06f) Importer(815301076,1909f56bfc062723c751e8b465ee728b)
Start importing Assets/Scenes/MainMenu/Lightmap-65_comp_dir.png using Guid(bddea4f7e5269044f8db76c391b2a06f) Importer(815301076,1909f56bfc062723c751e8b465ee728b)  -> (artifact id: '5783234e5e0f629a61ea40a71bb51ae5') in 0.016541 seconds 
========================================================================
Received Import Request.
  Time since last request: 0.000041 seconds.
  path: Assets/Scenes/MainMenu/Lightmap-59_comp_dir.png
  artifactKey: Guid(f360b63d118081f48941b28de55db37a) Importer(815301076,1909f56bfc062723c751e8b465ee728b)
Start importing Assets/Scenes/MainMenu/Lightmap-59_comp_dir.png using Guid(f360b63d118081f48941b28de55db37a) Importer(815301076,1909f56bfc062723c751e8b465ee728b)  -> (artifact id: '69b9400fe9e0db3244dcd3e01e4d9704') in 0.014499 seconds 
========================================================================
Received Import Request.
  Time since last request: 0.000029 seconds.
  path: Assets/Scenes/MainMenu/Lightmap-52_comp_light.exr
  artifactKey: Guid(e8daab15a74cea344ade46c5868a1304) Importer(815301076,1909f56bfc062723c751e8b465ee728b)
Start importing Assets/Scenes/MainMenu/Lightmap-52_comp_light.exr using Guid(e8daab15a74cea344ade46c5868a1304) Importer(815301076,1909f56bfc062723c751e8b465ee728b)  -> (artifact id: '523ebd014ff43aefafc340f808bfab33') in 0.014995 seconds 
========================================================================
Received Import Request.
  Time since last request: 0.000028 seconds.
  path: Assets/Scenes/OneLevel/Lightmap-60_comp_dir.png
  artifactKey: Guid(7bcc65053dac6934b90864faddd1bc28) Importer(815301076,1909f56bfc062723c751e8b465ee728b)
Start importing Assets/Scenes/OneLevel/Lightmap-60_comp_dir.png using Guid(7bcc65053dac6934b90864faddd1bc28) Importer(815301076,1909f56bfc062723c751e8b465ee728b)  -> (artifact id: 'c6e7b8bcb6427ccfbc1565d710d9227d') in 0.017063 seconds 
========================================================================
Received Import Request.
  Time since last request: 0.000034 seconds.
  path: Assets/Scenes/MainMenu/Lightmap-55_comp_shadowmask.png
  artifactKey: Guid(d033495c21e1e3049aeaa432eab302bf) Importer(815301076,1909f56bfc062723c751e8b465ee728b)
Start importing Assets/Scenes/MainMenu/Lightmap-55_comp_shadowmask.png using Guid(d033495c21e1e3049aeaa432eab302bf) Importer(815301076,1909f56bfc062723c751e8b465ee728b)  -> (artifact id: '58774b279aeb202dc47850a6367bb09f') in 0.018630 seconds 
========================================================================
Received Import Request.
  Time since last request: 0.000038 seconds.
  path: Assets/Scenes/MainMenu/Lightmap-70_comp_shadowmask.png
  artifactKey: Guid(4115654f5e506414288c84ac924a7abf) Importer(815301076,1909f56bfc062723c751e8b465ee728b)
Start importing Assets/Scenes/MainMenu/Lightmap-70_comp_shadowmask.png using Guid(4115654f5e506414288c84ac924a7abf) Importer(815301076,1909f56bfc062723c751e8b465ee728b)  -> (artifact id: 'ca191157246c3f7d4252f5677b0f677e') in 0.016540 seconds 
========================================================================
Received Import Request.
  Time since last request: 0.000033 seconds.
  path: Assets/Scenes/MainMenu/Lightmap-71_comp_shadowmask.png
  artifactKey: Guid(cb6926e96d833d24ca701c0526e511fd) Importer(815301076,1909f56bfc062723c751e8b465ee728b)
Start importing Assets/Scenes/MainMenu/Lightmap-71_comp_shadowmask.png using Guid(cb6926e96d833d24ca701c0526e511fd) Importer(815301076,1909f56bfc062723c751e8b465ee728b)  -> (artifact id: '448babb5fcde7f27069f19f13efb57b6') in 0.016989 seconds 
========================================================================
Received Import Request.
  Time since last request: 0.000034 seconds.
  path: Assets/Scenes/MainMenu/Lightmap-71_comp_dir.png
  artifactKey: Guid(685be1a170e2a894394859cf1d0649f2) Importer(815301076,1909f56bfc062723c751e8b465ee728b)
Start importing Assets/Scenes/MainMenu/Lightmap-71_comp_dir.png using Guid(685be1a170e2a894394859cf1d0649f2) Importer(815301076,1909f56bfc062723c751e8b465ee728b)  -> (artifact id: '4998069d3a6dbfd6f5dffaa97efa838c') in 0.019460 seconds 
========================================================================
Received Import Request.
  Time since last request: 31.855691 seconds.
  path: Assets/Scenes/EndScene.unity
  artifactKey: Guid(e2a8d86f5692b3f4f93bdb36db20549e) Importer(815301076,1909f56bfc062723c751e8b465ee728b)
Start importing Assets/Scenes/EndScene.unity using Guid(e2a8d86f5692b3f4f93bdb36db20549e) Importer(815301076,1909f56bfc062723c751e8b465ee728b)  -> (artifact id: 'cbdae94d13161e47cf664847505d410e') in 0.005476 seconds 
========================================================================
Received Import Request.
  Time since last request: 2.740279 seconds.
  path: Assets/Scenes/CreatingScene.unity
  artifactKey: Guid(acdbef4d7717d5749adbace547cada64) Importer(815301076,1909f56bfc062723c751e8b465ee728b)
Start importing Assets/Scenes/CreatingScene.unity using Guid(acdbef4d7717d5749adbace547cada64) Importer(815301076,1909f56bfc062723c751e8b465ee728b)  -> (artifact id: '3ea1b802637a8cb50fec0437f684eb30') in 0.006319 seconds 
========================================================================
Received Import Request.
  Time since last request: 3.770534 seconds.
  path: Assets/Scenes/MainMenu.unity
  artifactKey: Guid(9fc0d4010bbf28b4594072e72b8655ab) Importer(815301076,1909f56bfc062723c751e8b465ee728b)
Start importing Assets/Scenes/MainMenu.unity using Guid(9fc0d4010bbf28b4594072e72b8655ab) Importer(815301076,1909f56bfc062723c751e8b465ee728b)  -> (artifact id: '7c23c1beb1ee4cc132b109e31bf7d136') in 0.005572 seconds 
========================================================================
Received Prepare
Registering precompiled user dll's ...
Registered in 0.004339 seconds.
Begin MonoManager ReloadAssembly
Symbol file LoadedFromMemory doesn't match image B:\GameOfMy\ShoterMap\Library\PackageCache\com.unity.visualscripting@1.7.8\Editor\VisualScripting.Core\Dependencies\YamlDotNet\Unity.VisualScripting.YamlDotNet.dll
Symbol file LoadedFromMemory doesn't match image B:\GameOfMy\ShoterMap\Library\PackageCache\com.unity.visualscripting@1.7.8\Editor\VisualScripting.Core\Dependencies\DotNetZip\Unity.VisualScripting.IonicZip.dll
Native extension for WindowsStandalone target not found
Native extension for Android target not found
Refreshing native plugins compatible for Editor in 1.33 ms, found 3 plugins.
Preloading 0 native plugins for Editor in 0.00 ms.
Mono: successfully reloaded assembly
- Completed reload, in  1.230 seconds
Domain Reload Profiling:
	ReloadAssembly (1230ms)
		BeginReloadAssembly (136ms)
			ExecutionOrderSort (0ms)
			DisableScriptedObjects (4ms)
			BackupInstance (0ms)
			ReleaseScriptingObjects (0ms)
			CreateAndSetChildDomain (50ms)
		EndReloadAssembly (1007ms)
			LoadAssemblies (88ms)
			RebuildTransferFunctionScriptingTraits (0ms)
			SetupTypeCache (308ms)
			ReleaseScriptCaches (2ms)
			RebuildScriptCaches (53ms)
			SetupLoadedEditorAssemblies (510ms)
				LogAssemblyErrors (0ms)
				InitializePlatformSupportModulesInManaged (19ms)
				SetLoadedEditorAssemblies (0ms)
				RefreshPlugins (1ms)
				BeforeProcessingInitializeOnLoad (79ms)
				ProcessInitializeOnLoadAttributes (323ms)
				ProcessInitializeOnLoadMethodAttributes (83ms)
				AfterProcessingInitializeOnLoad (3ms)
				EditorAssembliesLoaded (0ms)
			ExecutionOrderSort2 (0ms)
			AwakeInstancesAfterBackupRestoration (6ms)
Platform modules already initialized, skipping
Refreshing native plugins compatible for Editor in 5.59 ms, found 3 plugins.
Preloading 0 native plugins for Editor in 0.00 ms.
Unloading 5154 Unused Serialized files (Serialized files now loaded: 0)
Unloading 48 unused Assets / (3.1 MB). Loaded Objects now: 5788.
Memory consumption went from 209.2 MB to 206.2 MB.
Total: 8.643800 ms (FindLiveObjects: 0.926500 ms CreateObjectMapping: 0.687300 ms MarkObjects: 5.527200 ms  DeleteObjects: 1.501300 ms)

AssetImportParameters requested are different than current active one (requested -> active):
  custom:video-decoder-ogg-theora: a1e56fd34408186e4bbccfd4996cb3dc -> 
  custom:container-muxer-webm: aa71ff27fc2769a1b78a27578f13a17b -> 
  custom:container-demuxer-webm: 4f35f7cbe854078d1ac9338744f61a02 -> 
  custom:video-encoder-webm-vp8: eb34c28f22e8b96e1ab97ce403110664 -> 
  custom:audio-encoder-webm-vorbis: bf7c407c2cedff20999df2af8eb42d56 -> 
  custom:framework-win-MediaFoundation: 216162199b28c13a410421893ffa2e32 -> 
  custom:container-demuxer-ogg: 62fdf1f143b41e24485cea50d1cbac27 -> 
  custom:video-decoder-webm-vp8: 9c59270c3fd7afecdb556c50c9e8de78 -> 
  custom:audio-decoder-ogg-vorbis: bf7c407c2cedff20999df2af8eb42d56 -> 
========================================================================
Received Prepare
Registering precompiled user dll's ...
Registered in 0.003244 seconds.
Begin MonoManager ReloadAssembly
Symbol file LoadedFromMemory doesn't match image B:\GameOfMy\ShoterMap\Library\PackageCache\com.unity.visualscripting@1.7.8\Editor\VisualScripting.Core\Dependencies\YamlDotNet\Unity.VisualScripting.YamlDotNet.dll
Symbol file LoadedFromMemory doesn't match image B:\GameOfMy\ShoterMap\Library\PackageCache\com.unity.visualscripting@1.7.8\Editor\VisualScripting.Core\Dependencies\DotNetZip\Unity.VisualScripting.IonicZip.dll
Native extension for WindowsStandalone target not found
Native extension for Android target not found
Refreshing native plugins compatible for Editor in 1.18 ms, found 3 plugins.
Preloading 0 native plugins for Editor in 0.00 ms.
Mono: successfully reloaded assembly
- Completed reload, in  1.237 seconds
Domain Reload Profiling:
	ReloadAssembly (1238ms)
		BeginReloadAssembly (125ms)
			ExecutionOrderSort (0ms)
			DisableScriptedObjects (5ms)
			BackupInstance (0ms)
			ReleaseScriptingObjects (0ms)
			CreateAndSetChildDomain (44ms)
		EndReloadAssembly (1017ms)
			LoadAssemblies (84ms)
			RebuildTransferFunctionScriptingTraits (0ms)
			SetupTypeCache (279ms)
			ReleaseScriptCaches (2ms)
			RebuildScriptCaches (53ms)
			SetupLoadedEditorAssemblies (541ms)
				LogAssemblyErrors (0ms)
				InitializePlatformSupportModulesInManaged (21ms)
				SetLoadedEditorAssemblies (0ms)
				RefreshPlugins (1ms)
				BeforeProcessingInitializeOnLoad (81ms)
				ProcessInitializeOnLoadAttributes (357ms)
				ProcessInitializeOnLoadMethodAttributes (77ms)
				AfterProcessingInitializeOnLoad (3ms)
				EditorAssembliesLoaded (0ms)
			ExecutionOrderSort2 (0ms)
			AwakeInstancesAfterBackupRestoration (10ms)
Platform modules already initialized, skipping
Refreshing native plugins compatible for Editor in 4.32 ms, found 3 plugins.
Preloading 0 native plugins for Editor in 0.00 ms.
Unloading 5154 Unused Serialized files (Serialized files now loaded: 0)
Unloading 48 unused Assets / (3.1 MB). Loaded Objects now: 5791.
Memory consumption went from 209.2 MB to 206.2 MB.
Total: 9.571500 ms (FindLiveObjects: 1.082600 ms CreateObjectMapping: 0.644600 ms MarkObjects: 6.273300 ms  DeleteObjects: 1.569100 ms)

AssetImportParameters requested are different than current active one (requested -> active):
  custom:video-decoder-ogg-theora: a1e56fd34408186e4bbccfd4996cb3dc -> 
  custom:container-muxer-webm: aa71ff27fc2769a1b78a27578f13a17b -> 
  custom:container-demuxer-webm: 4f35f7cbe854078d1ac9338744f61a02 -> 
  custom:video-encoder-webm-vp8: eb34c28f22e8b96e1ab97ce403110664 -> 
  custom:audio-encoder-webm-vorbis: bf7c407c2cedff20999df2af8eb42d56 -> 
  custom:framework-win-MediaFoundation: 216162199b28c13a410421893ffa2e32 -> 
  custom:container-demuxer-ogg: 62fdf1f143b41e24485cea50d1cbac27 -> 
  custom:video-decoder-webm-vp8: 9c59270c3fd7afecdb556c50c9e8de78 -> 
  custom:audio-decoder-ogg-vorbis: bf7c407c2cedff20999df2af8eb42d56 -> 
========================================================================
Received Import Request.
  Time since last request: 31.871024 seconds.
  path: Assets/Scenes/OneLevel.unity
  artifactKey: Guid(27a9cf8b362bce64eb8d53ed79b303ed) Importer(815301076,1909f56bfc062723c751e8b465ee728b)
Start importing Assets/Scenes/OneLevel.unity using Guid(27a9cf8b362bce64eb8d53ed79b303ed) Importer(815301076,1909f56bfc062723c751e8b465ee728b)  -> (artifact id: '654121e72e09c19a76bfb5a05166d8a1') in 0.022944 seconds 
========================================================================
Received Import Request.
  Time since last request: 2.022030 seconds.
  path: Assets/Scenes/TwoLevel.unity
  artifactKey: Guid(19500b7c2ffb8aa42a6451ae54c6a2b4) Importer(815301076,1909f56bfc062723c751e8b465ee728b)
Start importing Assets/Scenes/TwoLevel.unity using Guid(19500b7c2ffb8aa42a6451ae54c6a2b4) Importer(815301076,1909f56bfc062723c751e8b465ee728b)  -> (artifact id: 'e634f371d423077fa09c0fbc5e4fc80a') in 0.006484 seconds 
========================================================================
Received Prepare
Refreshing native plugins compatible for Editor in 7.96 ms, found 3 plugins.
Preloading 0 native plugins for Editor in 0.00 ms.
Unloading 48 Unused Serialized files (Serialized files now loaded: 0)
Unloading 48 unused Assets / (3.1 MB). Loaded Objects now: 5791.
Memory consumption went from 105.5 MB to 102.4 MB.
Total: 9.797400 ms (FindLiveObjects: 1.117700 ms CreateObjectMapping: 0.635600 ms MarkObjects: 6.406900 ms  DeleteObjects: 1.635100 ms)

AssetImportParameters requested are different than current active one (requested -> active):
  custom:video-decoder-ogg-theora: a1e56fd34408186e4bbccfd4996cb3dc -> 
  custom:container-muxer-webm: aa71ff27fc2769a1b78a27578f13a17b -> 
  custom:container-demuxer-webm: 4f35f7cbe854078d1ac9338744f61a02 -> 
  custom:video-encoder-webm-vp8: eb34c28f22e8b96e1ab97ce403110664 -> 
  custom:audio-encoder-webm-vorbis: bf7c407c2cedff20999df2af8eb42d56 -> 
  custom:framework-win-MediaFoundation: 216162199b28c13a410421893ffa2e32 -> 
  custom:container-demuxer-ogg: 62fdf1f143b41e24485cea50d1cbac27 -> 
  custom:video-decoder-webm-vp8: 9c59270c3fd7afecdb556c50c9e8de78 -> 
  custom:audio-decoder-ogg-vorbis: bf7c407c2cedff20999df2af8eb42d56 -> 
========================================================================
Received Prepare
Refreshing native plugins compatible for Editor in 7.49 ms, found 3 plugins.
Preloading 0 native plugins for Editor in 0.00 ms.
Unloading 48 Unused Serialized files (Serialized files now loaded: 0)
Unloading 48 unused Assets / (3.1 MB). Loaded Objects now: 5791.
Memory consumption went from 105.5 MB to 102.5 MB.
Total: 10.369200 ms (FindLiveObjects: 0.962500 ms CreateObjectMapping: 0.717500 ms MarkObjects: 6.615300 ms  DeleteObjects: 2.071700 ms)

AssetImportParameters requested are different than current active one (requested -> active):
  custom:video-decoder-ogg-theora: a1e56fd34408186e4bbccfd4996cb3dc -> 
  custom:container-muxer-webm: aa71ff27fc2769a1b78a27578f13a17b -> 
  custom:container-demuxer-webm: 4f35f7cbe854078d1ac9338744f61a02 -> 
  custom:video-encoder-webm-vp8: eb34c28f22e8b96e1ab97ce403110664 -> 
  custom:audio-encoder-webm-vorbis: bf7c407c2cedff20999df2af8eb42d56 -> 
  custom:framework-win-MediaFoundation: 216162199b28c13a410421893ffa2e32 -> 
  custom:container-demuxer-ogg: 62fdf1f143b41e24485cea50d1cbac27 -> 
  custom:video-decoder-webm-vp8: 9c59270c3fd7afecdb556c50c9e8de78 -> 
  custom:audio-decoder-ogg-vorbis: bf7c407c2cedff20999df2af8eb42d56 -> 
========================================================================
Received Import Request.
  Time since last request: 104.049821 seconds.
  path: Assets/Scripts/GameGarbageCollector.cs
  artifactKey: Guid(6f0178fdd6d77174b900b83faa4cbe9f) Importer(815301076,1909f56bfc062723c751e8b465ee728b)
Start importing Assets/Scripts/GameGarbageCollector.cs using Guid(6f0178fdd6d77174b900b83faa4cbe9f) Importer(815301076,1909f56bfc062723c751e8b465ee728b)  -> (artifact id: '7b166f8c192bfafa319a0809ef5c7a72') in 0.009735 seconds 
========================================================================
Received Prepare
Registering precompiled user dll's ...
Registered in 0.003495 seconds.
Begin MonoManager ReloadAssembly
Symbol file LoadedFromMemory doesn't match image B:\GameOfMy\ShoterMap\Library\PackageCache\com.unity.visualscripting@1.7.8\Editor\VisualScripting.Core\Dependencies\YamlDotNet\Unity.VisualScripting.YamlDotNet.dll
Symbol file LoadedFromMemory doesn't match image B:\GameOfMy\ShoterMap\Library\PackageCache\com.unity.visualscripting@1.7.8\Editor\VisualScripting.Core\Dependencies\DotNetZip\Unity.VisualScripting.IonicZip.dll
Native extension for WindowsStandalone target not found
Native extension for Android target not found
Refreshing native plugins compatible for Editor in 1.37 ms, found 3 plugins.
Preloading 0 native plugins for Editor in 0.00 ms.
Mono: successfully reloaded assembly
- Completed reload, in  1.169 seconds
Domain Reload Profiling:
	ReloadAssembly (1170ms)
		BeginReloadAssembly (128ms)
			ExecutionOrderSort (0ms)
			DisableScriptedObjects (5ms)
			BackupInstance (0ms)
			ReleaseScriptingObjects (0ms)
			CreateAndSetChildDomain (45ms)
		EndReloadAssembly (950ms)
			LoadAssemblies (81ms)
			RebuildTransferFunctionScriptingTraits (0ms)
			SetupTypeCache (276ms)
			ReleaseScriptCaches (2ms)
			RebuildScriptCaches (53ms)
			SetupLoadedEditorAssemblies (490ms)
				LogAssemblyErrors (0ms)
				InitializePlatformSupportModulesInManaged (19ms)
				SetLoadedEditorAssemblies (0ms)
				RefreshPlugins (1ms)
				BeforeProcessingInitializeOnLoad (80ms)
				ProcessInitializeOnLoadAttributes (312ms)
				ProcessInitializeOnLoadMethodAttributes (74ms)
				AfterProcessingInitializeOnLoad (3ms)
				EditorAssembliesLoaded (0ms)
			ExecutionOrderSort2 (0ms)
			AwakeInstancesAfterBackupRestoration (6ms)
Platform modules already initialized, skipping
Refreshing native plugins compatible for Editor in 4.04 ms, found 3 plugins.
Preloading 0 native plugins for Editor in 0.00 ms.
Unloading 5154 Unused Serialized files (Serialized files now loaded: 0)
Unloading 48 unused Assets / (3.1 MB). Loaded Objects now: 5794.
Memory consumption went from 209.3 MB to 206.2 MB.
Total: 9.583000 ms (FindLiveObjects: 1.079100 ms CreateObjectMapping: 0.584900 ms MarkObjects: 6.066300 ms  DeleteObjects: 1.850100 ms)

AssetImportParameters requested are different than current active one (requested -> active):
  custom:video-decoder-ogg-theora: a1e56fd34408186e4bbccfd4996cb3dc -> 
  custom:container-muxer-webm: aa71ff27fc2769a1b78a27578f13a17b -> 
  custom:container-demuxer-webm: 4f35f7cbe854078d1ac9338744f61a02 -> 
  custom:video-encoder-webm-vp8: eb34c28f22e8b96e1ab97ce403110664 -> 
  custom:audio-encoder-webm-vorbis: bf7c407c2cedff20999df2af8eb42d56 -> 
  custom:framework-win-MediaFoundation: 216162199b28c13a410421893ffa2e32 -> 
  custom:container-demuxer-ogg: 62fdf1f143b41e24485cea50d1cbac27 -> 
  custom:video-decoder-webm-vp8: 9c59270c3fd7afecdb556c50c9e8de78 -> 
  custom:audio-decoder-ogg-vorbis: bf7c407c2cedff20999df2af8eb42d56 -> 
========================================================================
Received Prepare
Registering precompiled user dll's ...
Registered in 0.003947 seconds.
Begin MonoManager ReloadAssembly
Symbol file LoadedFromMemory doesn't match image B:\GameOfMy\ShoterMap\Library\PackageCache\com.unity.visualscripting@1.7.8\Editor\VisualScripting.Core\Dependencies\YamlDotNet\Unity.VisualScripting.YamlDotNet.dll
Symbol file LoadedFromMemory doesn't match image B:\GameOfMy\ShoterMap\Library\PackageCache\com.unity.visualscripting@1.7.8\Editor\VisualScripting.Core\Dependencies\DotNetZip\Unity.VisualScripting.IonicZip.dll
Native extension for WindowsStandalone target not found
Native extension for Android target not found
Refreshing native plugins compatible for Editor in 1.89 ms, found 3 plugins.
Preloading 0 native plugins for Editor in 0.00 ms.
Mono: successfully reloaded assembly
- Completed reload, in  1.184 seconds
Domain Reload Profiling:
	ReloadAssembly (1185ms)
		BeginReloadAssembly (136ms)
			ExecutionOrderSort (0ms)
			DisableScriptedObjects (7ms)
			BackupInstance (0ms)
			ReleaseScriptingObjects (0ms)
			CreateAndSetChildDomain (47ms)
		EndReloadAssembly (957ms)
			LoadAssemblies (82ms)
			RebuildTransferFunctionScriptingTraits (0ms)
			SetupTypeCache (283ms)
			ReleaseScriptCaches (2ms)
			RebuildScriptCaches (50ms)
			SetupLoadedEditorAssemblies (502ms)
				LogAssemblyErrors (0ms)
				InitializePlatformSupportModulesInManaged (19ms)
				SetLoadedEditorAssemblies (1ms)
				RefreshPlugins (2ms)
				BeforeProcessingInitializeOnLoad (87ms)
				ProcessInitializeOnLoadAttributes (317ms)
				ProcessInitializeOnLoadMethodAttributes (73ms)
				AfterProcessingInitializeOnLoad (2ms)
				EditorAssembliesLoaded (0ms)
			ExecutionOrderSort2 (0ms)
			AwakeInstancesAfterBackupRestoration (5ms)
Platform modules already initialized, skipping
Refreshing native plugins compatible for Editor in 4.85 ms, found 3 plugins.
Preloading 0 native plugins for Editor in 0.00 ms.
Unloading 5154 Unused Serialized files (Serialized files now loaded: 0)
Unloading 48 unused Assets / (3.1 MB). Loaded Objects now: 5797.
Memory consumption went from 209.3 MB to 206.2 MB.
Total: 10.146000 ms (FindLiveObjects: 1.129500 ms CreateObjectMapping: 0.566100 ms MarkObjects: 6.724700 ms  DeleteObjects: 1.723100 ms)

AssetImportParameters requested are different than current active one (requested -> active):
  custom:video-decoder-ogg-theora: a1e56fd34408186e4bbccfd4996cb3dc -> 
  custom:container-muxer-webm: aa71ff27fc2769a1b78a27578f13a17b -> 
  custom:container-demuxer-webm: 4f35f7cbe854078d1ac9338744f61a02 -> 
  custom:video-encoder-webm-vp8: eb34c28f22e8b96e1ab97ce403110664 -> 
  custom:audio-encoder-webm-vorbis: bf7c407c2cedff20999df2af8eb42d56 -> 
  custom:framework-win-MediaFoundation: 216162199b28c13a410421893ffa2e32 -> 
  custom:container-demuxer-ogg: 62fdf1f143b41e24485cea50d1cbac27 -> 
  custom:video-decoder-webm-vp8: 9c59270c3fd7afecdb556c50c9e8de78 -> 
  custom:audio-decoder-ogg-vorbis: bf7c407c2cedff20999df2af8eb42d56 -> 
