Using pre-set license
Built from '2021.3/staging' branch; Version is '2021.3.7f1 (24e8595d6d43) revision 2418777'; Using compiler version '192829333'; Build Type 'Release'
OS: 'Windows 10  (10.0.19045) 64bit ProfessionalEducation' Language: 'ru' Physical Memory: 15748 MB
BatchMode: 1, IsHumanControllingUs: 0, StartBugReporterOnCrash: 0, Is64bit: 1, IsPro: 1

COMMAND LINE ARGUMENTS:
B:\UnityEngine\2021.3.7f1\Editor\Unity.exe
-adb2
-batchMode
-noUpm
-name
AssetImportWorker0
-projectPath
B:/GameOfMy/ShoterMap
-logFile
Logs/AssetImportWorker0.log
-srvPort
63389
Successfully changed project path to: B:/GameOfMy/ShoterMap
B:/GameOfMy/ShoterMap
[UnityMemory] Configuration Parameters - Can be set up in boot.config
    "memorysetup-bucket-allocator-granularity=16"
    "memorysetup-bucket-allocator-bucket-count=8"
    "memorysetup-bucket-allocator-block-size=33554432"
    "memorysetup-bucket-allocator-block-count=8"
    "memorysetup-main-allocator-block-size=16777216"
    "memorysetup-thread-allocator-block-size=16777216"
    "memorysetup-gfx-main-allocator-block-size=16777216"
    "memorysetup-gfx-thread-allocator-block-size=16777216"
    "memorysetup-cache-allocator-block-size=4194304"
    "memorysetup-typetree-allocator-block-size=2097152"
    "memorysetup-profiler-bucket-allocator-granularity=16"
    "memorysetup-profiler-bucket-allocator-bucket-count=8"
    "memorysetup-profiler-bucket-allocator-block-size=33554432"
    "memorysetup-profiler-bucket-allocator-block-count=8"
    "memorysetup-profiler-allocator-block-size=16777216"
    "memorysetup-profiler-editor-allocator-block-size=1048576"
    "memorysetup-temp-allocator-size-main=16777216"
    "memorysetup-job-temp-allocator-block-size=2097152"
    "memorysetup-job-temp-allocator-block-size-background=1048576"
    "memorysetup-job-temp-allocator-reduction-small-platforms=262144"
    "memorysetup-temp-allocator-size-background-worker=32768"
    "memorysetup-temp-allocator-size-job-worker=262144"
    "memorysetup-temp-allocator-size-preload-manager=33554432"
    "memorysetup-temp-allocator-size-nav-mesh-worker=65536"
    "memorysetup-temp-allocator-size-audio-worker=65536"
    "memorysetup-temp-allocator-size-cloud-worker=32768"
    "memorysetup-temp-allocator-size-gi-baking-worker=262144"
    "memorysetup-temp-allocator-size-gfx=262144"
Refreshing native plugins compatible for Editor in 113.23 ms, found 3 plugins.
Preloading 0 native plugins for Editor in 0.00 ms.
Initialize engine version: 2021.3.7f1 (24e8595d6d43)
[Subsystems] Discovering subsystems at path B:/UnityEngine/2021.3.7f1/Editor/Data/Resources/UnitySubsystems
[Subsystems] Discovering subsystems at path B:/GameOfMy/ShoterMap/Assets
GfxDevice: creating device client; threaded=0; jobified=0
Direct3D:
    Version:  Direct3D 11.0 [level 11.1]
    Renderer: NVIDIA GeForce GTX 1650 (ID=0x1f82)
    Vendor:   NVIDIA
    VRAM:     3962 MB
    Driver:   31.0.15.1694
Initialize mono
Mono path[0] = 'B:/UnityEngine/2021.3.7f1/Editor/Data/Managed'
Mono path[1] = 'B:/UnityEngine/2021.3.7f1/Editor/Data/MonoBleedingEdge/lib/mono/unityjit-win32'
Mono config path = 'B:/UnityEngine/2021.3.7f1/Editor/Data/MonoBleedingEdge/etc'
Using monoOptions --debugger-agent=transport=dt_socket,embedding=1,server=y,suspend=n,address=127.0.0.1:56328
Begin MonoManager ReloadAssembly
Registering precompiled unity dll's ...
Register platform support module: B:/UnityEngine/2021.3.7f1/Editor/Data/PlaybackEngines/AndroidPlayer/UnityEditor.Android.Extensions.dll
Register platform support module: B:/UnityEngine/2021.3.7f1/Editor/Data/PlaybackEngines/WindowsStandaloneSupport/UnityEditor.WindowsStandalone.Extensions.dll
Registered in 0.002923 seconds.
Native extension for WindowsStandalone target not found
Native extension for Android target not found
Refreshing native plugins compatible for Editor in 122.64 ms, found 3 plugins.
Preloading 0 native plugins for Editor in 0.00 ms.
Mono: successfully reloaded assembly
- Completed reload, in  0.648 seconds
Domain Reload Profiling:
	ReloadAssembly (649ms)
		BeginReloadAssembly (65ms)
			ExecutionOrderSort (0ms)
			DisableScriptedObjects (0ms)
			BackupInstance (0ms)
			ReleaseScriptingObjects (0ms)
			CreateAndSetChildDomain (1ms)
		EndReloadAssembly (488ms)
			LoadAssemblies (65ms)
			RebuildTransferFunctionScriptingTraits (0ms)
			SetupTypeCache (101ms)
			ReleaseScriptCaches (0ms)
			RebuildScriptCaches (28ms)
			SetupLoadedEditorAssemblies (313ms)
				LogAssemblyErrors (0ms)
				InitializePlatformSupportModulesInManaged (51ms)
				SetLoadedEditorAssemblies (0ms)
				RefreshPlugins (123ms)
				BeforeProcessingInitializeOnLoad (1ms)
				ProcessInitializeOnLoadAttributes (95ms)
				ProcessInitializeOnLoadMethodAttributes (43ms)
				AfterProcessingInitializeOnLoad (0ms)
				EditorAssembliesLoaded (0ms)
			ExecutionOrderSort2 (0ms)
			AwakeInstancesAfterBackupRestoration (0ms)
Platform modules already initialized, skipping
Registering precompiled user dll's ...
Registered in 0.003929 seconds.
Begin MonoManager ReloadAssembly
Symbol file LoadedFromMemory doesn't match image B:\GameOfMy\ShoterMap\Library\PackageCache\com.unity.visualscripting@1.7.8\Editor\VisualScripting.Core\Dependencies\YamlDotNet\Unity.VisualScripting.YamlDotNet.dll
Symbol file LoadedFromMemory doesn't match image B:\GameOfMy\ShoterMap\Library\PackageCache\com.unity.visualscripting@1.7.8\Editor\VisualScripting.Core\Dependencies\DotNetZip\Unity.VisualScripting.IonicZip.dll
Native extension for WindowsStandalone target not found
Native extension for Android target not found
Refreshing native plugins compatible for Editor in 141.12 ms, found 3 plugins.
Preloading 0 native plugins for Editor in 0.00 ms.
Mono: successfully reloaded assembly
- Completed reload, in  1.559 seconds
Domain Reload Profiling:
	ReloadAssembly (1560ms)
		BeginReloadAssembly (232ms)
			ExecutionOrderSort (0ms)
			DisableScriptedObjects (9ms)
			BackupInstance (0ms)
			ReleaseScriptingObjects (0ms)
			CreateAndSetChildDomain (130ms)
		EndReloadAssembly (1206ms)
			LoadAssemblies (83ms)
			RebuildTransferFunctionScriptingTraits (0ms)
			SetupTypeCache (301ms)
			ReleaseScriptCaches (1ms)
			RebuildScriptCaches (70ms)
			SetupLoadedEditorAssemblies (708ms)
				LogAssemblyErrors (0ms)
				InitializePlatformSupportModulesInManaged (12ms)
				SetLoadedEditorAssemblies (0ms)
				RefreshPlugins (141ms)
				BeforeProcessingInitializeOnLoad (136ms)
				ProcessInitializeOnLoadAttributes (340ms)
				ProcessInitializeOnLoadMethodAttributes (76ms)
				AfterProcessingInitializeOnLoad (2ms)
				EditorAssembliesLoaded (0ms)
			ExecutionOrderSort2 (0ms)
			AwakeInstancesAfterBackupRestoration (5ms)
Platform modules already initialized, skipping
========================================================================
Worker process is ready to serve import requests
Launched and connected shader compiler UnityShaderCompiler.exe after 0.07 seconds
Refreshing native plugins compatible for Editor in 2.81 ms, found 3 plugins.
Preloading 0 native plugins for Editor in 0.00 ms.
Unloading 5265 Unused Serialized files (Serialized files now loaded: 0)
Unloading 64 unused Assets / (3.1 MB). Loaded Objects now: 5730.
Memory consumption went from 213.1 MB to 210.0 MB.
Total: 8.496400 ms (FindLiveObjects: 1.083300 ms CreateObjectMapping: 0.648600 ms MarkObjects: 5.461500 ms  DeleteObjects: 1.300000 ms)

AssetImportParameters requested are different than current active one (requested -> active):
  custom:video-decoder-ogg-theora: a1e56fd34408186e4bbccfd4996cb3dc -> 
  custom:container-muxer-webm: aa71ff27fc2769a1b78a27578f13a17b -> 
  custom:container-demuxer-webm: 4f35f7cbe854078d1ac9338744f61a02 -> 
  custom:video-encoder-webm-vp8: eb34c28f22e8b96e1ab97ce403110664 -> 
  custom:audio-encoder-webm-vorbis: bf7c407c2cedff20999df2af8eb42d56 -> 
  custom:framework-win-MediaFoundation: 216162199b28c13a410421893ffa2e32 -> 
  custom:container-demuxer-ogg: 62fdf1f143b41e24485cea50d1cbac27 -> 
  custom:video-decoder-webm-vp8: 9c59270c3fd7afecdb556c50c9e8de78 -> 
  custom:audio-decoder-ogg-vorbis: bf7c407c2cedff20999df2af8eb42d56 -> 
========================================================================
Received Import Request.
  Time since last request: 73349.057609 seconds.
  path: Packages/com.unity.collab-proxy/Editor/Collaborate/Assets/Icons/clear-light.png
  artifactKey: Guid(713aeedbd53e6b848a68d0755e7a2c74) Importer(815301076,1909f56bfc062723c751e8b465ee728b)
Start importing Packages/com.unity.collab-proxy/Editor/Collaborate/Assets/Icons/clear-light.png using Guid(713aeedbd53e6b848a68d0755e7a2c74) Importer(815301076,1909f56bfc062723c751e8b465ee728b)  -> (artifact id: '33b5677b99020c74539b1d4968028576') in 0.183876 seconds 
========================================================================
Received Import Request.
  Time since last request: 0.000058 seconds.
  path: Packages/com.unity.collab-proxy/Editor/Collaborate/Assets/Icons/collaborate-dark@2x.png
  artifactKey: Guid(158d9c687149a0e499002e08c9420c70) Importer(815301076,1909f56bfc062723c751e8b465ee728b)
Start importing Packages/com.unity.collab-proxy/Editor/Collaborate/Assets/Icons/collaborate-dark@2x.png using Guid(158d9c687149a0e499002e08c9420c70) Importer(815301076,1909f56bfc062723c751e8b465ee728b)  -> (artifact id: '6f29ab1e1f8db3c29618bd6dbc483c47') in 0.036949 seconds 
========================================================================
Received Import Request.
  Time since last request: 0.000044 seconds.
  path: Packages/com.unity.collab-proxy/Editor/Collaborate/Assets/Icons/collaborate-error-dark.png
  artifactKey: Guid(3eeca90c1ad2c46499941d0901eef4c6) Importer(815301076,1909f56bfc062723c751e8b465ee728b)
Start importing Packages/com.unity.collab-proxy/Editor/Collaborate/Assets/Icons/collaborate-error-dark.png using Guid(3eeca90c1ad2c46499941d0901eef4c6) Importer(815301076,1909f56bfc062723c751e8b465ee728b)  -> (artifact id: 'e9051fd7f2bb8506a9f26cd054509281') in 0.043434 seconds 
========================================================================
Received Import Request.
  Time since last request: 0.000097 seconds.
  path: Packages/com.unity.textmeshpro/Editor Resources/Textures/btn_AlignLeft.psd
  artifactKey: Guid(9288066c33474b94b6ee5465f4df1cc0) Importer(815301076,1909f56bfc062723c751e8b465ee728b)
Start importing Packages/com.unity.textmeshpro/Editor Resources/Textures/btn_AlignLeft.psd using Guid(9288066c33474b94b6ee5465f4df1cc0) Importer(815301076,1909f56bfc062723c751e8b465ee728b)  -> (artifact id: 'f62dbb2e3a707c87d575ba8a717f908b') in 0.038133 seconds 
========================================================================
Received Import Request.
  Time since last request: 0.000048 seconds.
  path: Packages/com.unity.textmeshpro/Editor Resources/Textures/btn_AlignCapLine.psd
  artifactKey: Guid(0d9a36012a224080966c7b55896aa0f9) Importer(815301076,1909f56bfc062723c751e8b465ee728b)
Start importing Packages/com.unity.textmeshpro/Editor Resources/Textures/btn_AlignCapLine.psd using Guid(0d9a36012a224080966c7b55896aa0f9) Importer(815301076,1909f56bfc062723c751e8b465ee728b)  -> (artifact id: '9bca64a7e1ac5f6747d978460d4ca72d') in 0.027191 seconds 
========================================================================
Received Import Request.
  Time since last request: 0.000037 seconds.
  path: Packages/com.unity.collab-proxy/Editor/Collaborate/Assets/Icons/choose-remote-light.png
  artifactKey: Guid(78f56e873f56d7943aef2a039430732e) Importer(815301076,1909f56bfc062723c751e8b465ee728b)
Start importing Packages/com.unity.collab-proxy/Editor/Collaborate/Assets/Icons/choose-remote-light.png using Guid(78f56e873f56d7943aef2a039430732e) Importer(815301076,1909f56bfc062723c751e8b465ee728b)  -> (artifact id: 'fd1cb898aeaf9159510a703f60830a9f') in 0.045845 seconds 
========================================================================
Received Import Request.
  Time since last request: 0.000051 seconds.
  path: Packages/com.unity.collab-proxy/Editor/Collaborate/Assets/Icons/collaborate-offline-dark.png
  artifactKey: Guid(594fa102c56c0274db9edabc563d7dcb) Importer(815301076,1909f56bfc062723c751e8b465ee728b)
Start importing Packages/com.unity.collab-proxy/Editor/Collaborate/Assets/Icons/collaborate-offline-dark.png using Guid(594fa102c56c0274db9edabc563d7dcb) Importer(815301076,1909f56bfc062723c751e8b465ee728b)  -> (artifact id: '7734ef0f4c9c107d3aa65fcbe3167d1c') in 0.040174 seconds 
========================================================================
Received Import Request.
  Time since last request: 0.000059 seconds.
  path: Packages/com.unity.collab-proxy/Editor/Collaborate/Assets/Icons/collaborate-progress-light@2x.png
  artifactKey: Guid(ae9e7828f0813b04fbe3f839422b2289) Importer(815301076,1909f56bfc062723c751e8b465ee728b)
Start importing Packages/com.unity.collab-proxy/Editor/Collaborate/Assets/Icons/collaborate-progress-light@2x.png using Guid(ae9e7828f0813b04fbe3f839422b2289) Importer(815301076,1909f56bfc062723c751e8b465ee728b)  -> (artifact id: '4dd86636a727255a11ef3a05a4c909e4') in 0.043492 seconds 
========================================================================
Received Import Request.
  Time since last request: 0.000082 seconds.
  path: Packages/com.unity.textmeshpro/Editor Resources/Textures/btn_AlignFlush.psd
  artifactKey: Guid(691475c57a824010be0c6f474caeb7e1) Importer(815301076,1909f56bfc062723c751e8b465ee728b)
Start importing Packages/com.unity.textmeshpro/Editor Resources/Textures/btn_AlignFlush.psd using Guid(691475c57a824010be0c6f474caeb7e1) Importer(815301076,1909f56bfc062723c751e8b465ee728b)  -> (artifact id: '0a68e239ba82e00f579dadaf1763b221') in 0.027841 seconds 
========================================================================
Received Import Request.
  Time since last request: 0.000060 seconds.
  path: Packages/com.unity.textmeshpro/Editor Resources/Textures/btn_AlignTop_Light.psd
  artifactKey: Guid(ed041e68439749a69d0efa0e3d896c2e) Importer(815301076,1909f56bfc062723c751e8b465ee728b)
Start importing Packages/com.unity.textmeshpro/Editor Resources/Textures/btn_AlignTop_Light.psd using Guid(ed041e68439749a69d0efa0e3d896c2e) Importer(815301076,1909f56bfc062723c751e8b465ee728b)  -> (artifact id: 'a9c43f6a0e06c67495b6a58791a30a10') in 0.041328 seconds 
========================================================================
Received Import Request.
  Time since last request: 0.000067 seconds.
  path: Packages/com.unity.textmeshpro/Editor Resources/Textures/btn_AlignCenter_Light.psd
  artifactKey: Guid(6ace62d30f494c948b71d5594afce11d) Importer(815301076,1909f56bfc062723c751e8b465ee728b)
Start importing Packages/com.unity.textmeshpro/Editor Resources/Textures/btn_AlignCenter_Light.psd using Guid(6ace62d30f494c948b71d5594afce11d) Importer(815301076,1909f56bfc062723c751e8b465ee728b)  -> (artifact id: '577db01b5458d35dd096b5f4b1e5fd72') in 0.038786 seconds 
========================================================================
Received Import Request.
  Time since last request: 0.000043 seconds.
  path: Packages/com.unity.collab-proxy/Editor/Collaborate/Assets/Icons/clear-dark@2x.png
  artifactKey: Guid(c98f350e47082844fa2954de4d2d5ff9) Importer(815301076,1909f56bfc062723c751e8b465ee728b)
Start importing Packages/com.unity.collab-proxy/Editor/Collaborate/Assets/Icons/clear-dark@2x.png using Guid(c98f350e47082844fa2954de4d2d5ff9) Importer(815301076,1909f56bfc062723c751e8b465ee728b)  -> (artifact id: '24b9dc74d4dde3d3df892a3084382a7e') in 0.039046 seconds 
========================================================================
Received Import Request.
  Time since last request: 0.000040 seconds.
  path: Packages/com.unity.collab-proxy/Editor/Collaborate/Assets/Icons/conflicted-file-dark.png
  artifactKey: Guid(16b10562fce5a0f4794872a75d897cc9) Importer(815301076,1909f56bfc062723c751e8b465ee728b)
Start importing Packages/com.unity.collab-proxy/Editor/Collaborate/Assets/Icons/conflicted-file-dark.png using Guid(16b10562fce5a0f4794872a75d897cc9) Importer(815301076,1909f56bfc062723c751e8b465ee728b)  -> (artifact id: '3a75b1daa8eb114c4d6cfa13ca353928') in 0.033855 seconds 
========================================================================
Received Import Request.
  Time since last request: 0.000073 seconds.
  path: Packages/com.unity.collab-proxy/Editor/Collaborate/Assets/Icons/collaborate-error-dark@2x.png
  artifactKey: Guid(0159d5999f4dc4545848ed42cd775ec4) Importer(815301076,1909f56bfc062723c751e8b465ee728b)
Start importing Packages/com.unity.collab-proxy/Editor/Collaborate/Assets/Icons/collaborate-error-dark@2x.png using Guid(0159d5999f4dc4545848ed42cd775ec4) Importer(815301076,1909f56bfc062723c751e8b465ee728b)  -> (artifact id: '17083f18d113ecdf0b26f150f093f95f') in 0.045144 seconds 
========================================================================
Received Import Request.
  Time since last request: 0.000051 seconds.
  path: Packages/com.unity.collab-proxy/Editor/Collaborate/Assets/Icons/choose-mine-light.png
  artifactKey: Guid(2c0bdcbf152ceb64ba9b01cc370a9092) Importer(815301076,1909f56bfc062723c751e8b465ee728b)
Start importing Packages/com.unity.collab-proxy/Editor/Collaborate/Assets/Icons/choose-mine-light.png using Guid(2c0bdcbf152ceb64ba9b01cc370a9092) Importer(815301076,1909f56bfc062723c751e8b465ee728b)  -> (artifact id: 'f0eb62eca930688634db2318891e11ae') in 0.040617 seconds 
========================================================================
Received Import Request.
  Time since last request: 0.000058 seconds.
  path: Packages/com.unity.collab-proxy/Editor/Collaborate/Assets/Icons/collaborate-warning-dark@2x.png
  artifactKey: Guid(45308e2aea842dd4e87bb30395d6e303) Importer(815301076,1909f56bfc062723c751e8b465ee728b)
Start importing Packages/com.unity.collab-proxy/Editor/Collaborate/Assets/Icons/collaborate-warning-dark@2x.png using Guid(45308e2aea842dd4e87bb30395d6e303) Importer(815301076,1909f56bfc062723c751e8b465ee728b)  -> (artifact id: 'b0da87de249dc95cee5a0306b6fecddf') in 0.037759 seconds 
========================================================================
Received Import Request.
  Time since last request: 0.000041 seconds.
  path: Packages/com.unity.collab-proxy/Editor/Collaborate/Assets/Icons/collaborate-available-changes-light.png
  artifactKey: Guid(c27f4e1f2b76b2f45b48df65c02ba338) Importer(815301076,1909f56bfc062723c751e8b465ee728b)
Start importing Packages/com.unity.collab-proxy/Editor/Collaborate/Assets/Icons/collaborate-available-changes-light.png using Guid(c27f4e1f2b76b2f45b48df65c02ba338) Importer(815301076,1909f56bfc062723c751e8b465ee728b)  -> (artifact id: '31b9208bb0b812e9ea64fcc2973be9e1') in 0.051591 seconds 
========================================================================
Received Import Request.
  Time since last request: 0.000061 seconds.
  path: Packages/com.unity.collab-proxy/Editor/Collaborate/Assets/Icons/back-light.png
  artifactKey: Guid(e676ab7aa99535447a763c9f88bf9260) Importer(815301076,1909f56bfc062723c751e8b465ee728b)
Start importing Packages/com.unity.collab-proxy/Editor/Collaborate/Assets/Icons/back-light.png using Guid(e676ab7aa99535447a763c9f88bf9260) Importer(815301076,1909f56bfc062723c751e8b465ee728b)  -> (artifact id: '32c40b219a15bd16c794027a96210209') in 0.045648 seconds 
========================================================================
Received Import Request.
  Time since last request: 0.000064 seconds.
  path: Packages/com.unity.textmeshpro/Editor Resources/Textures/btn_AlignBaseLine.psd
  artifactKey: Guid(8bc445bb79654bf496c92d0407840a92) Importer(815301076,1909f56bfc062723c751e8b465ee728b)
Start importing Packages/com.unity.textmeshpro/Editor Resources/Textures/btn_AlignBaseLine.psd using Guid(8bc445bb79654bf496c92d0407840a92) Importer(815301076,1909f56bfc062723c751e8b465ee728b)  -> (artifact id: 'f9c796f71d1e29cb986557ce60dd0741') in 0.044058 seconds 
========================================================================
Received Import Request.
  Time since last request: 0.000066 seconds.
  path: Packages/com.unity.collab-proxy/Editor/Collaborate/Assets/Icons/collaborate-done-light@2x.png
  artifactKey: Guid(efbf52d7ee1264d478d63a17b943941a) Importer(815301076,1909f56bfc062723c751e8b465ee728b)
Start importing Packages/com.unity.collab-proxy/Editor/Collaborate/Assets/Icons/collaborate-done-light@2x.png using Guid(efbf52d7ee1264d478d63a17b943941a) Importer(815301076,1909f56bfc062723c751e8b465ee728b)  -> (artifact id: '99d2ab91182c1f6706e75eefb67c1425') in 0.035959 seconds 
========================================================================
Received Import Request.
  Time since last request: 0.000036 seconds.
  path: Packages/com.unity.collab-proxy/Editor/Collaborate/Assets/Icons/collaborate-warning-light@2x.png
  artifactKey: Guid(02fa233a818899d48a2d3e68a68b23b6) Importer(815301076,1909f56bfc062723c751e8b465ee728b)
Start importing Packages/com.unity.collab-proxy/Editor/Collaborate/Assets/Icons/collaborate-warning-light@2x.png using Guid(02fa233a818899d48a2d3e68a68b23b6) Importer(815301076,1909f56bfc062723c751e8b465ee728b)  -> (artifact id: '277248c12ef23680fa760a2b83751f89') in 0.034189 seconds 
========================================================================
Received Import Request.
  Time since last request: 0.000042 seconds.
  path: Packages/com.unity.collab-proxy/Editor/Collaborate/Assets/Icons/collaborate-light.png
  artifactKey: Guid(4466539767d9ee241abcc43eebb52ce3) Importer(815301076,1909f56bfc062723c751e8b465ee728b)
Start importing Packages/com.unity.collab-proxy/Editor/Collaborate/Assets/Icons/collaborate-light.png using Guid(4466539767d9ee241abcc43eebb52ce3) Importer(815301076,1909f56bfc062723c751e8b465ee728b)  -> (artifact id: '07b2e0e5430f604ed4e9d44141fa8de4') in 0.041920 seconds 
========================================================================
Received Import Request.
  Time since last request: 0.000047 seconds.
  path: Packages/com.unity.collab-proxy/Editor/Collaborate/Assets/Icons/collaborate-offline-light@2x.png
  artifactKey: Guid(cabe2c11824b4164984e262821760727) Importer(815301076,1909f56bfc062723c751e8b465ee728b)
Start importing Packages/com.unity.collab-proxy/Editor/Collaborate/Assets/Icons/collaborate-offline-light@2x.png using Guid(cabe2c11824b4164984e262821760727) Importer(815301076,1909f56bfc062723c751e8b465ee728b)  -> (artifact id: '6fa28dd83d3838557ab7b5117e6ff658') in 0.036978 seconds 
========================================================================
Received Import Request.
  Time since last request: 0.000061 seconds.
  path: Packages/com.unity.textmeshpro/Editor Resources/Textures/btn_AlignRight_Light.psd
  artifactKey: Guid(e05ace3bd15740cda0bad60d89092a5b) Importer(815301076,1909f56bfc062723c751e8b465ee728b)
Start importing Packages/com.unity.textmeshpro/Editor Resources/Textures/btn_AlignRight_Light.psd using Guid(e05ace3bd15740cda0bad60d89092a5b) Importer(815301076,1909f56bfc062723c751e8b465ee728b)  -> (artifact id: 'b9ab4848875cd0c0956c062b53893223') in 0.037876 seconds 
========================================================================
Received Import Request.
  Time since last request: 0.000045 seconds.
  path: Packages/com.unity.textmeshpro/Editor Resources/Textures/btn_AlignJustified.psd
  artifactKey: Guid(92027f7f8cfc4feaa477da0dc38d3d46) Importer(815301076,1909f56bfc062723c751e8b465ee728b)
Start importing Packages/com.unity.textmeshpro/Editor Resources/Textures/btn_AlignJustified.psd using Guid(92027f7f8cfc4feaa477da0dc38d3d46) Importer(815301076,1909f56bfc062723c751e8b465ee728b)  -> (artifact id: '81f3428d611e2fb255857ab065d9336b') in 0.030353 seconds 
========================================================================
Received Import Request.
  Time since last request: 0.000040 seconds.
  path: Packages/com.unity.collab-proxy/Editor/Collaborate/Assets/Icons/back-light@2x.png
  artifactKey: Guid(f5c57327df0fa294c8209aa216435167) Importer(815301076,1909f56bfc062723c751e8b465ee728b)
Start importing Packages/com.unity.collab-proxy/Editor/Collaborate/Assets/Icons/back-light@2x.png using Guid(f5c57327df0fa294c8209aa216435167) Importer(815301076,1909f56bfc062723c751e8b465ee728b)  -> (artifact id: '1f8bd4656538a7a90c99f7046c1a7a5e') in 0.038713 seconds 
========================================================================
Received Import Request.
  Time since last request: 0.000039 seconds.
  path: Packages/com.unity.textmeshpro/Editor Resources/Textures/btn_AlignBottom.psd
  artifactKey: Guid(ca51b19024094d1b87f3e07edb0a75fb) Importer(815301076,1909f56bfc062723c751e8b465ee728b)
Start importing Packages/com.unity.textmeshpro/Editor Resources/Textures/btn_AlignBottom.psd using Guid(ca51b19024094d1b87f3e07edb0a75fb) Importer(815301076,1909f56bfc062723c751e8b465ee728b)  -> (artifact id: '20bb837d540ff3841f600a2510305175') in 0.034346 seconds 
========================================================================
Received Import Request.
  Time since last request: 0.000046 seconds.
  path: Packages/com.unity.collab-proxy/Editor/Collaborate/Assets/Icons/back-dark.png
  artifactKey: Guid(8e3ec2dfd58b79842aa78376678a9a05) Importer(815301076,1909f56bfc062723c751e8b465ee728b)
Start importing Packages/com.unity.collab-proxy/Editor/Collaborate/Assets/Icons/back-dark.png using Guid(8e3ec2dfd58b79842aa78376678a9a05) Importer(815301076,1909f56bfc062723c751e8b465ee728b)  -> (artifact id: '61cb77726a5e225bf0d59678eb2de513') in 0.042008 seconds 
========================================================================
Received Import Request.
  Time since last request: 0.000057 seconds.
  path: Packages/com.unity.collab-proxy/Editor/Collaborate/Assets/Icons/choose-remote-light@2x.png
  artifactKey: Guid(2c8a8b796d0907747a9518f9458b2259) Importer(815301076,1909f56bfc062723c751e8b465ee728b)
Start importing Packages/com.unity.collab-proxy/Editor/Collaborate/Assets/Icons/choose-remote-light@2x.png using Guid(2c8a8b796d0907747a9518f9458b2259) Importer(815301076,1909f56bfc062723c751e8b465ee728b)  -> (artifact id: '83b3c2773b8d974fab9cb126049e5065') in 0.045777 seconds 
========================================================================
Received Import Request.
  Time since last request: 0.000052 seconds.
  path: Packages/com.unity.collab-proxy/Editor/Collaborate/Assets/Icons/collaborate-warning-dark.png
  artifactKey: Guid(0e3edcdf6743ba643999fb3882f1cc15) Importer(815301076,1909f56bfc062723c751e8b465ee728b)
Start importing Packages/com.unity.collab-proxy/Editor/Collaborate/Assets/Icons/collaborate-warning-dark.png using Guid(0e3edcdf6743ba643999fb3882f1cc15) Importer(815301076,1909f56bfc062723c751e8b465ee728b)  -> (artifact id: '9d79c53fb6a6f33c08aebd798e1df713') in 0.034612 seconds 
========================================================================
Received Import Request.
  Time since last request: 0.000060 seconds.
  path: Packages/com.unity.collab-proxy/Editor/Collaborate/Assets/Icons/collaborate-available-changes-dark@2x.png
  artifactKey: Guid(1a2cea5a396ff5d4a8f740bd5d8726b0) Importer(815301076,1909f56bfc062723c751e8b465ee728b)
Start importing Packages/com.unity.collab-proxy/Editor/Collaborate/Assets/Icons/collaborate-available-changes-dark@2x.png using Guid(1a2cea5a396ff5d4a8f740bd5d8726b0) Importer(815301076,1909f56bfc062723c751e8b465ee728b)  -> (artifact id: '60c385c0f0ad6deb8580fcd1c9b6e6e8') in 0.050028 seconds 
========================================================================
Received Import Request.
  Time since last request: 0.000165 seconds.
  path: Packages/com.unity.textmeshpro/Editor Resources/Textures/btn_AlignCapLine_Light.psd
  artifactKey: Guid(49679f302ac6408697f6b9314a38985c) Importer(815301076,1909f56bfc062723c751e8b465ee728b)
Start importing Packages/com.unity.textmeshpro/Editor Resources/Textures/btn_AlignCapLine_Light.psd using Guid(49679f302ac6408697f6b9314a38985c) Importer(815301076,1909f56bfc062723c751e8b465ee728b)  -> (artifact id: '9adc4289ee4aa6bc740e14f005cc2bde') in 0.039566 seconds 
========================================================================
Received Import Request.
  Time since last request: 1.114098 seconds.
  path: Packages/com.unity.collab-proxy/Editor/PlasticSCM/Assets/Images/d_iconcheckedoutlocaloverlay@2x.png
  artifactKey: Guid(8d98ab6168c3e91439339f1908b8fe97) Importer(815301076,1909f56bfc062723c751e8b465ee728b)
Start importing Packages/com.unity.collab-proxy/Editor/PlasticSCM/Assets/Images/d_iconcheckedoutlocaloverlay@2x.png using Guid(8d98ab6168c3e91439339f1908b8fe97) Importer(815301076,1909f56bfc062723c751e8b465ee728b)  -> (artifact id: '924835beb86eb3346de7670af73b8731') in 0.066583 seconds 
========================================================================
Received Import Request.
  Time since last request: 0.000054 seconds.
  path: Packages/com.unity.collab-proxy/Editor/PlasticSCM/Assets/Images/d_iconclosebutton@2x.png
  artifactKey: Guid(0525793900d728a42936791a8a6de63b) Importer(815301076,1909f56bfc062723c751e8b465ee728b)
Start importing Packages/com.unity.collab-proxy/Editor/PlasticSCM/Assets/Images/d_iconclosebutton@2x.png using Guid(0525793900d728a42936791a8a6de63b) Importer(815301076,1909f56bfc062723c751e8b465ee728b)  -> (artifact id: '1d6aa5d94a21eb8ef1481159cc6a91e7') in 0.021868 seconds 
========================================================================
Received Import Request.
  Time since last request: 8.153364 seconds.
  path: Packages/com.unity.collab-proxy/Editor/PlasticSCM/Assets/Images/d_iconplasticview@2x.png
  artifactKey: Guid(3168140d6f409d0448447f18568d9482) Importer(815301076,1909f56bfc062723c751e8b465ee728b)
Start importing Packages/com.unity.collab-proxy/Editor/PlasticSCM/Assets/Images/d_iconplasticview@2x.png using Guid(3168140d6f409d0448447f18568d9482) Importer(815301076,1909f56bfc062723c751e8b465ee728b)  -> (artifact id: '9bceb41cc6945f2d0eed03d8e455db49') in 0.082725 seconds 
========================================================================
Received Import Request.
  Time since last request: 0.228323 seconds.
  path: Packages/com.unity.collab-proxy/Editor/PlasticSCM/Assets/Images/d_iconundo.png
  artifactKey: Guid(691dc543ff5b9ca44bf846657ba04161) Importer(815301076,1909f56bfc062723c751e8b465ee728b)
Start importing Packages/com.unity.collab-proxy/Editor/PlasticSCM/Assets/Images/d_iconundo.png using Guid(691dc543ff5b9ca44bf846657ba04161) Importer(815301076,1909f56bfc062723c751e8b465ee728b)  -> (artifact id: 'db3c58c4f13e31fa6856a70bebc240bd') in 0.023402 seconds 
========================================================================
Received Import Request.
  Time since last request: 0.441357 seconds.
  path: Packages/com.unity.timeline/Editor/StyleSheets/Images/Icons/d_TimelineDigIn.png
  artifactKey: Guid(22c3c381bd3cd4a40a8541103023e1ef) Importer(815301076,1909f56bfc062723c751e8b465ee728b)
Start importing Packages/com.unity.timeline/Editor/StyleSheets/Images/Icons/d_TimelineDigIn.png using Guid(22c3c381bd3cd4a40a8541103023e1ef) Importer(815301076,1909f56bfc062723c751e8b465ee728b)  -> (artifact id: '8934d02fb6e4935cb9b33163b4f8aceb') in 0.018167 seconds 
========================================================================
Received Import Request.
  Time since last request: 0.000039 seconds.
  path: Packages/com.unity.timeline/Editor/StyleSheets/Images/Icons/d_TimelineEditModeMixON.png
  artifactKey: Guid(7c681ffb5a436684fa3e98a9b66775c0) Importer(815301076,1909f56bfc062723c751e8b465ee728b)
Start importing Packages/com.unity.timeline/Editor/StyleSheets/Images/Icons/d_TimelineEditModeMixON.png using Guid(7c681ffb5a436684fa3e98a9b66775c0) Importer(815301076,1909f56bfc062723c751e8b465ee728b)  -> (artifact id: '436d1650e1e9fbde5ba31f4e1fcf10a2') in 0.022246 seconds 
========================================================================
Received Import Request.
  Time since last request: 1.050957 seconds.
  path: Packages/com.unity.timeline/Editor/StyleSheets/Images/Icons/d_TimelineEditModeRippleOFF.png
  artifactKey: Guid(411e6f19c19fa0546af83aeb59c2ed4b) Importer(815301076,1909f56bfc062723c751e8b465ee728b)
Start importing Packages/com.unity.timeline/Editor/StyleSheets/Images/Icons/d_TimelineEditModeRippleOFF.png using Guid(411e6f19c19fa0546af83aeb59c2ed4b) Importer(815301076,1909f56bfc062723c751e8b465ee728b)  -> (artifact id: 'f41bd95cf4fa93675866985b22ee96e0') in 0.016825 seconds 
========================================================================
Received Import Request.
  Time since last request: 0.000039 seconds.
  path: Packages/com.unity.timeline/Editor/StyleSheets/Images/Icons/d_TimelineSelector.png
  artifactKey: Guid(06bf6150656339941aa98e175a995445) Importer(815301076,1909f56bfc062723c751e8b465ee728b)
Start importing Packages/com.unity.timeline/Editor/StyleSheets/Images/Icons/d_TimelineSelector.png using Guid(06bf6150656339941aa98e175a995445) Importer(815301076,1909f56bfc062723c751e8b465ee728b)  -> (artifact id: '196dc96ac2dc67882fc6319a811c87c0') in 0.018370 seconds 
========================================================================
Received Import Request.
  Time since last request: 0.001789 seconds.
  path: Packages/com.unity.timeline/Editor/StyleSheets/Images/Icons/d_TrackAvatarButtonDisabled.png
  artifactKey: Guid(91746a504b59769439bb2749c314d231) Importer(815301076,1909f56bfc062723c751e8b465ee728b)
Start importing Packages/com.unity.timeline/Editor/StyleSheets/Images/Icons/d_TrackAvatarButtonDisabled.png using Guid(91746a504b59769439bb2749c314d231) Importer(815301076,1909f56bfc062723c751e8b465ee728b)  -> (artifact id: '4f50783ba855f9b590b2cddf7a225bb6') in 0.020259 seconds 
========================================================================
Received Import Request.
  Time since last request: 0.000037 seconds.
  path: Packages/com.unity.timeline/Editor/StyleSheets/Images/Icons/d_TrackAvatarButtonEnabled@2x.png
  artifactKey: Guid(fd12dbe3b63ae464f824b4a74c0e1766) Importer(815301076,1909f56bfc062723c751e8b465ee728b)
Start importing Packages/com.unity.timeline/Editor/StyleSheets/Images/Icons/d_TrackAvatarButtonEnabled@2x.png using Guid(fd12dbe3b63ae464f824b4a74c0e1766) Importer(815301076,1909f56bfc062723c751e8b465ee728b)  -> (artifact id: 'd247ef913be868de71c60271b2531a13') in 0.019697 seconds 
========================================================================
Received Import Request.
  Time since last request: 0.000036 seconds.
  path: Packages/com.unity.timeline/Editor/StyleSheets/Images/Icons/d_TrackLockButtonDisabled@2x.png
  artifactKey: Guid(6f0b77e050cdb12478ed9514b3a0e40e) Importer(815301076,1909f56bfc062723c751e8b465ee728b)
Start importing Packages/com.unity.timeline/Editor/StyleSheets/Images/Icons/d_TrackLockButtonDisabled@2x.png using Guid(6f0b77e050cdb12478ed9514b3a0e40e) Importer(815301076,1909f56bfc062723c751e8b465ee728b)  -> (artifact id: '9cd1c357fc55ed75c5818b12eb5b5dc2') in 0.022712 seconds 
========================================================================
Received Import Request.
  Time since last request: 0.000042 seconds.
  path: Assets/_TextMesh Pro/Examples & Extras/Sprites/Default Sprites.png
  artifactKey: Guid(a0fc465d6cf04254a2938578735e2383) Importer(815301076,1909f56bfc062723c751e8b465ee728b)
Start importing Assets/_TextMesh Pro/Examples & Extras/Sprites/Default Sprites.png using Guid(a0fc465d6cf04254a2938578735e2383) Importer(815301076,1909f56bfc062723c751e8b465ee728b)  -> (artifact id: '2d8d2e746ffa901f6301cf5aebdfb737') in 0.021140 seconds 
========================================================================
Received Import Request.
  Time since last request: 0.000041 seconds.
  path: Packages/com.unity.timeline/Editor/StyleSheets/Images/Icons/d_TrackMuteButtonEnabled@2x.png
  artifactKey: Guid(e54e20c7a9730fe4c822d63228527ae4) Importer(815301076,1909f56bfc062723c751e8b465ee728b)
Start importing Packages/com.unity.timeline/Editor/StyleSheets/Images/Icons/d_TrackMuteButtonEnabled@2x.png using Guid(e54e20c7a9730fe4c822d63228527ae4) Importer(815301076,1909f56bfc062723c751e8b465ee728b)  -> (artifact id: 'e1ff75861d3854c0ccce47d486cf1900') in 0.023286 seconds 
========================================================================
Received Import Request.
  Time since last request: 0.000034 seconds.
  path: Packages/com.unity.collab-proxy/Editor/Collaborate/Assets/Icons/deleted-file-dark.png
  artifactKey: Guid(ce3ca6a541b5fbc4c80edb5195d78731) Importer(815301076,1909f56bfc062723c751e8b465ee728b)
Start importing Packages/com.unity.collab-proxy/Editor/Collaborate/Assets/Icons/deleted-file-dark.png using Guid(ce3ca6a541b5fbc4c80edb5195d78731) Importer(815301076,1909f56bfc062723c751e8b465ee728b)  -> (artifact id: '75971345955614d4dd09b1b393561dfe') in 0.020763 seconds 
========================================================================
Received Import Request.
  Time since last request: 0.000056 seconds.
  path: Packages/com.unity.collab-proxy/Editor/Collaborate/Assets/Icons/deleted-file-light@2x.png
  artifactKey: Guid(f1c735dde115d4f4c9ff5c633f07fbb8) Importer(815301076,1909f56bfc062723c751e8b465ee728b)
Start importing Packages/com.unity.collab-proxy/Editor/Collaborate/Assets/Icons/deleted-file-light@2x.png using Guid(f1c735dde115d4f4c9ff5c633f07fbb8) Importer(815301076,1909f56bfc062723c751e8b465ee728b)  -> (artifact id: '4e338940cbac437f4273b1e821f8f9f4') in 0.020788 seconds 
========================================================================
Received Import Request.
  Time since last request: 0.000051 seconds.
  path: Assets/_TextMesh Pro/Examples & Extras/Fonts/Roboto-Bold.ttf
  artifactKey: Guid(4beb055f07aaff244873dec698d0363e) Importer(815301076,1909f56bfc062723c751e8b465ee728b)
Start importing Assets/_TextMesh Pro/Examples & Extras/Fonts/Roboto-Bold.ttf using Guid(4beb055f07aaff244873dec698d0363e) Importer(815301076,1909f56bfc062723c751e8b465ee728b)  -> (artifact id: 'a2b3ec1ac065204f1cdba687541fbdb4') in 0.068578 seconds 
========================================================================
Received Import Request.
  Time since last request: 0.000051 seconds.
  path: Packages/com.unity.timeline/Editor/StyleSheets/Images/Icons/d_TrackCurvesButtonDisabled@2x.png
  artifactKey: Guid(1f3ea4caa6e0ec74388e4d7d16690e68) Importer(815301076,1909f56bfc062723c751e8b465ee728b)
Start importing Packages/com.unity.timeline/Editor/StyleSheets/Images/Icons/d_TrackCurvesButtonDisabled@2x.png using Guid(1f3ea4caa6e0ec74388e4d7d16690e68) Importer(815301076,1909f56bfc062723c751e8b465ee728b)  -> (artifact id: '9b6f0b7fd680899703eb369386a0b80f') in 0.022151 seconds 
========================================================================
Received Import Request.
  Time since last request: 0.000055 seconds.
  path: Packages/com.unity.timeline/Editor/StyleSheets/Images/Icons/d_TrackMarkerButtonEnabled@2x.png
  artifactKey: Guid(6192986415256ca47a97a97507406f5e) Importer(815301076,1909f56bfc062723c751e8b465ee728b)
Start importing Packages/com.unity.timeline/Editor/StyleSheets/Images/Icons/d_TrackMarkerButtonEnabled@2x.png using Guid(6192986415256ca47a97a97507406f5e) Importer(815301076,1909f56bfc062723c751e8b465ee728b)  -> (artifact id: 'd8ba9c907176e578991b3d88a3f28894') in 0.023298 seconds 
========================================================================
Received Import Request.
  Time since last request: 0.000034 seconds.
  path: Packages/com.unity.timeline/Editor/StyleSheets/Images/Icons/d_TrackMarkerButtonDisabled.png
  artifactKey: Guid(b3644a971cca0bd4eb357cb9aca4dde1) Importer(815301076,1909f56bfc062723c751e8b465ee728b)
Start importing Packages/com.unity.timeline/Editor/StyleSheets/Images/Icons/d_TrackMarkerButtonDisabled.png using Guid(b3644a971cca0bd4eb357cb9aca4dde1) Importer(815301076,1909f56bfc062723c751e8b465ee728b)  -> (artifact id: '872b36bd3abde3056467e28d846193a3') in 0.022842 seconds 
========================================================================
Received Import Request.
  Time since last request: 0.000033 seconds.
  path: Assets/_TextMesh Pro/Examples & Extras/Textures/Floor Tiles 1 - diffuse.jpg
  artifactKey: Guid(85ac55597b97403c82fc6601a93cf241) Importer(815301076,1909f56bfc062723c751e8b465ee728b)
Start importing Assets/_TextMesh Pro/Examples & Extras/Textures/Floor Tiles 1 - diffuse.jpg using Guid(85ac55597b97403c82fc6601a93cf241) Importer(815301076,1909f56bfc062723c751e8b465ee728b)  -> (artifact id: '22e0c9cc199f54eaf534e8ec6dc99a92') in 0.020680 seconds 
========================================================================
Received Import Request.
  Time since last request: 0.000035 seconds.
  path: Packages/com.unity.collab-proxy/Editor/Collaborate/Assets/Icons/diff-light.png
  artifactKey: Guid(f4d24f788ff8ef0448d273529dc5d9a0) Importer(815301076,1909f56bfc062723c751e8b465ee728b)
Start importing Packages/com.unity.collab-proxy/Editor/Collaborate/Assets/Icons/diff-light.png using Guid(f4d24f788ff8ef0448d273529dc5d9a0) Importer(815301076,1909f56bfc062723c751e8b465ee728b)  -> (artifact id: '139637e9f207bba00e4be1a4b377a890') in 0.021805 seconds 
========================================================================
Received Import Request.
  Time since last request: 0.000035 seconds.
  path: Packages/com.unity.timeline/Editor/StyleSheets/Images/Icons/d_TrackCurvesButtonEnabled.png
  artifactKey: Guid(fbcdeb07ee516a64daa01ce462874280) Importer(815301076,1909f56bfc062723c751e8b465ee728b)
Start importing Packages/com.unity.timeline/Editor/StyleSheets/Images/Icons/d_TrackCurvesButtonEnabled.png using Guid(fbcdeb07ee516a64daa01ce462874280) Importer(815301076,1909f56bfc062723c751e8b465ee728b)  -> (artifact id: '7452efee35be520a4872414895805c83') in 0.024423 seconds 
========================================================================
Received Import Request.
  Time since last request: 0.000029 seconds.
  path: Assets/_TextMesh Pro/Examples & Extras/Textures/Gradient Horizontal (Color).jpg
  artifactKey: Guid(6eb184de103d4b3f812b38561065192f) Importer(815301076,1909f56bfc062723c751e8b465ee728b)
Start importing Assets/_TextMesh Pro/Examples & Extras/Textures/Gradient Horizontal (Color).jpg using Guid(6eb184de103d4b3f812b38561065192f) Importer(815301076,1909f56bfc062723c751e8b465ee728b)  -> (artifact id: 'a1bee9e40212cced76a87ce0cd39b546') in 0.016412 seconds 
========================================================================
Received Import Request.
  Time since last request: 0.000046 seconds.
  path: Packages/com.unity.timeline/Editor/StyleSheets/Images/Icons/d_TrackCurvesButtonDisabled.png
  artifactKey: Guid(d55a54a15106e3f418a43134888f2211) Importer(815301076,1909f56bfc062723c751e8b465ee728b)
Start importing Packages/com.unity.timeline/Editor/StyleSheets/Images/Icons/d_TrackCurvesButtonDisabled.png using Guid(d55a54a15106e3f418a43134888f2211) Importer(815301076,1909f56bfc062723c751e8b465ee728b)  -> (artifact id: 'c1cbd69b0c6fa2e880d71adae3299a3d') in 0.024404 seconds 
========================================================================
Received Import Request.
  Time since last request: 0.000037 seconds.
  path: Packages/com.unity.collab-proxy/Editor/Collaborate/Assets/Icons/edited-file-light@2x.png
  artifactKey: Guid(c5b20b1351db04e44b3baeba4679c8d7) Importer(815301076,1909f56bfc062723c751e8b465ee728b)
Start importing Packages/com.unity.collab-proxy/Editor/Collaborate/Assets/Icons/edited-file-light@2x.png using Guid(c5b20b1351db04e44b3baeba4679c8d7) Importer(815301076,1909f56bfc062723c751e8b465ee728b)  -> (artifact id: '15efd7ae1e7c6ee1fd5afbcdc197eb62') in 0.019369 seconds 
========================================================================
Received Import Request.
  Time since last request: 0.000044 seconds.
  path: Packages/com.unity.terrain-tools/Editor/TerrainTools/FilterStack/Editor/Images/eye.png
  artifactKey: Guid(dc82067d62dba0c4c866ba18aa25eb5c) Importer(815301076,1909f56bfc062723c751e8b465ee728b)
Start importing Packages/com.unity.terrain-tools/Editor/TerrainTools/FilterStack/Editor/Images/eye.png using Guid(dc82067d62dba0c4c866ba18aa25eb5c) Importer(815301076,1909f56bfc062723c751e8b465ee728b)  -> (artifact id: '3c974cc97b5345a9a57b0d7a63f1e887') in 0.017221 seconds 
========================================================================
Received Import Request.
  Time since last request: 0.282137 seconds.
  path: Packages/com.unity.collab-proxy/Editor/PlasticSCM/Assets/Images/iconpressedclosebutton.png
  artifactKey: Guid(94fe868620119564f9474f40cd6145aa) Importer(815301076,1909f56bfc062723c751e8b465ee728b)
Start importing Packages/com.unity.collab-proxy/Editor/PlasticSCM/Assets/Images/iconpressedclosebutton.png using Guid(94fe868620119564f9474f40cd6145aa) Importer(815301076,1909f56bfc062723c751e8b465ee728b)  -> (artifact id: 'e8aafb3e8fa9aa17eb97419203fd3172') in 0.032815 seconds 
========================================================================
Received Import Request.
  Time since last request: 0.630480 seconds.
  path: Assets/Scenes/MainMenu/Lightmap-11_comp_light.exr
  artifactKey: Guid(2e52cd42986532c4a9044dbea97e216c) Importer(815301076,1909f56bfc062723c751e8b465ee728b)
Start importing Assets/Scenes/MainMenu/Lightmap-11_comp_light.exr using Guid(2e52cd42986532c4a9044dbea97e216c) Importer(815301076,1909f56bfc062723c751e8b465ee728b)  -> (artifact id: '3de938a4716538ec0ae6f4558e40193d') in 0.033770 seconds 
========================================================================
Received Import Request.
  Time since last request: 3.298174 seconds.
  path: Assets/Scenes/MainMenu/Lightmap-17_comp_light.exr
  artifactKey: Guid(855e4388ef4e8574f95a2cf6e80b1e00) Importer(815301076,1909f56bfc062723c751e8b465ee728b)
Start importing Assets/Scenes/MainMenu/Lightmap-17_comp_light.exr using Guid(855e4388ef4e8574f95a2cf6e80b1e00) Importer(815301076,1909f56bfc062723c751e8b465ee728b)  -> (artifact id: '1d336ac261222c9399a009abed5a4e75') in 0.019114 seconds 
========================================================================
Received Import Request.
  Time since last request: 0.000037 seconds.
  path: Assets/Scenes/MainMenu/Lightmap-18_comp_light.exr
  artifactKey: Guid(29b364265723c7942b77ac03b3fc71a9) Importer(815301076,1909f56bfc062723c751e8b465ee728b)
Start importing Assets/Scenes/MainMenu/Lightmap-18_comp_light.exr using Guid(29b364265723c7942b77ac03b3fc71a9) Importer(815301076,1909f56bfc062723c751e8b465ee728b)  -> (artifact id: 'b510aedf752480ac07fba523081a9c93') in 0.015909 seconds 
========================================================================
Received Import Request.
  Time since last request: 0.015599 seconds.
  path: Assets/Scenes/MainMenu/Lightmap-19_comp_light.exr
  artifactKey: Guid(f3eabb2549c393a4282ea5bd13026185) Importer(815301076,1909f56bfc062723c751e8b465ee728b)
Start importing Assets/Scenes/MainMenu/Lightmap-19_comp_light.exr using Guid(f3eabb2549c393a4282ea5bd13026185) Importer(815301076,1909f56bfc062723c751e8b465ee728b)  -> (artifact id: 'a362a4dd925fcfa96672315c4bcba08d') in 0.028163 seconds 
========================================================================
Received Import Request.
  Time since last request: 0.000043 seconds.
  path: Assets/Scenes/MainMenu/Lightmap-21_comp_light.exr
  artifactKey: Guid(d3360fbe261e4424782d42adc1dd361d) Importer(815301076,1909f56bfc062723c751e8b465ee728b)
Start importing Assets/Scenes/MainMenu/Lightmap-21_comp_light.exr using Guid(d3360fbe261e4424782d42adc1dd361d) Importer(815301076,1909f56bfc062723c751e8b465ee728b)  -> (artifact id: 'c1234be9b1230083cffff723ef5cc5db') in 0.025234 seconds 
========================================================================
Received Import Request.
  Time since last request: 0.097869 seconds.
  path: Assets/Scenes/MainMenu/Lightmap-23_comp_dir.png
  artifactKey: Guid(3f693b4444b48bf4ea689cd4739fc0be) Importer(815301076,1909f56bfc062723c751e8b465ee728b)
Start importing Assets/Scenes/MainMenu/Lightmap-23_comp_dir.png using Guid(3f693b4444b48bf4ea689cd4739fc0be) Importer(815301076,1909f56bfc062723c751e8b465ee728b)  -> (artifact id: '772502bb4668d938a9e36708602b9656') in 0.017345 seconds 
========================================================================
Received Import Request.
  Time since last request: 0.000041 seconds.
  path: Assets/Scenes/MainMenu/Lightmap-25_comp_dir.png
  artifactKey: Guid(24b3c952839bab2428b1fb13978379fd) Importer(815301076,1909f56bfc062723c751e8b465ee728b)
Start importing Assets/Scenes/MainMenu/Lightmap-25_comp_dir.png using Guid(24b3c952839bab2428b1fb13978379fd) Importer(815301076,1909f56bfc062723c751e8b465ee728b)  -> (artifact id: '22ef11e354c2e26c71c1c3622b88f226') in 0.019096 seconds 
========================================================================
Received Import Request.
  Time since last request: 0.000031 seconds.
  path: Assets/Scenes/MainMenu/Lightmap-25_comp_light.exr
  artifactKey: Guid(3572f8513438b494b892a7e253918664) Importer(815301076,1909f56bfc062723c751e8b465ee728b)
Start importing Assets/Scenes/MainMenu/Lightmap-25_comp_light.exr using Guid(3572f8513438b494b892a7e253918664) Importer(815301076,1909f56bfc062723c751e8b465ee728b)  -> (artifact id: 'ac90974631cc017e27d7a1fe34895cc4') in 0.017680 seconds 
========================================================================
Received Import Request.
  Time since last request: 0.000827 seconds.
  path: Assets/Scenes/MainMenu/Lightmap-26_comp_dir.png
  artifactKey: Guid(f9622ba68a1881a43bfd1021fdf72e98) Importer(815301076,1909f56bfc062723c751e8b465ee728b)
Start importing Assets/Scenes/MainMenu/Lightmap-26_comp_dir.png using Guid(f9622ba68a1881a43bfd1021fdf72e98) Importer(815301076,1909f56bfc062723c751e8b465ee728b)  -> (artifact id: 'e195c037abf06372e5a15c44b2cb57b2') in 0.019705 seconds 
========================================================================
Received Import Request.
  Time since last request: 0.000037 seconds.
  path: Assets/Scenes/MainMenu/Lightmap-27_comp_dir.png
  artifactKey: Guid(cda3b02112cbe084c82ef96a7448ac7e) Importer(815301076,1909f56bfc062723c751e8b465ee728b)
Start importing Assets/Scenes/MainMenu/Lightmap-27_comp_dir.png using Guid(cda3b02112cbe084c82ef96a7448ac7e) Importer(815301076,1909f56bfc062723c751e8b465ee728b)  -> (artifact id: 'de3424cce2e1ba0e9925fde8621d03cb') in 0.021336 seconds 
========================================================================
Received Import Request.
  Time since last request: 0.000033 seconds.
  path: Assets/Scenes/MainMenu/Lightmap-28_comp_light.exr
  artifactKey: Guid(7423b262cc84366498b248db7b22525c) Importer(815301076,1909f56bfc062723c751e8b465ee728b)
Start importing Assets/Scenes/MainMenu/Lightmap-28_comp_light.exr using Guid(7423b262cc84366498b248db7b22525c) Importer(815301076,1909f56bfc062723c751e8b465ee728b)  -> (artifact id: 'e4528e1247a77da9d50780bf11886675') in 0.018263 seconds 
========================================================================
Received Import Request.
  Time since last request: 0.000083 seconds.
  path: Assets/Scenes/MainMenu/Lightmap-30_comp_dir.png
  artifactKey: Guid(b67599cd9eec20646b51f8a960cf564b) Importer(815301076,1909f56bfc062723c751e8b465ee728b)
Start importing Assets/Scenes/MainMenu/Lightmap-30_comp_dir.png using Guid(b67599cd9eec20646b51f8a960cf564b) Importer(815301076,1909f56bfc062723c751e8b465ee728b)  -> (artifact id: '78de8e474bbb1cd8a6496cc30e4e7ee3') in 0.017456 seconds 
========================================================================
Received Import Request.
  Time since last request: 0.000041 seconds.
  path: Assets/Scenes/MainMenu/Lightmap-31_comp_shadowmask.png
  artifactKey: Guid(faa424cd5540325479916a4cf439ce89) Importer(815301076,1909f56bfc062723c751e8b465ee728b)
Start importing Assets/Scenes/MainMenu/Lightmap-31_comp_shadowmask.png using Guid(faa424cd5540325479916a4cf439ce89) Importer(815301076,1909f56bfc062723c751e8b465ee728b)  -> (artifact id: '521a90d9ac5585bbff081080d34fa1d8') in 0.016667 seconds 
========================================================================
Received Import Request.
  Time since last request: 0.000027 seconds.
  path: Assets/Scenes/MainMenu/Lightmap-28_comp_dir.png
  artifactKey: Guid(cb9110fc04797ba469408b802408f7b8) Importer(815301076,1909f56bfc062723c751e8b465ee728b)
Start importing Assets/Scenes/MainMenu/Lightmap-28_comp_dir.png using Guid(cb9110fc04797ba469408b802408f7b8) Importer(815301076,1909f56bfc062723c751e8b465ee728b)  -> (artifact id: '7acd9b57476e26d87da8b0591d631606') in 0.018779 seconds 
========================================================================
Received Import Request.
  Time since last request: 0.000029 seconds.
  path: Assets/Scenes/MainMenu/Lightmap-32_comp_dir.png
  artifactKey: Guid(5bfa1f0dd45769646b5f62fd6c88e392) Importer(815301076,1909f56bfc062723c751e8b465ee728b)
Start importing Assets/Scenes/MainMenu/Lightmap-32_comp_dir.png using Guid(5bfa1f0dd45769646b5f62fd6c88e392) Importer(815301076,1909f56bfc062723c751e8b465ee728b)  -> (artifact id: '2bd511a1310d40c93336d97609ab04c4') in 0.016234 seconds 
========================================================================
Received Import Request.
  Time since last request: 0.000028 seconds.
  path: Assets/Scenes/MainMenu/Lightmap-32_comp_shadowmask.png
  artifactKey: Guid(18ad9d8866c4a0c45b7c243629cade03) Importer(815301076,1909f56bfc062723c751e8b465ee728b)
Start importing Assets/Scenes/MainMenu/Lightmap-32_comp_shadowmask.png using Guid(18ad9d8866c4a0c45b7c243629cade03) Importer(815301076,1909f56bfc062723c751e8b465ee728b)  -> (artifact id: '7c00aa0fff3a9d8c56acfcf87a4195ce') in 0.017496 seconds 
========================================================================
Received Import Request.
  Time since last request: 0.000033 seconds.
  path: Assets/Scenes/MainMenu/Lightmap-34_comp_dir.png
  artifactKey: Guid(53eb8aeef78090b4ebe918146d66543e) Importer(815301076,1909f56bfc062723c751e8b465ee728b)
Start importing Assets/Scenes/MainMenu/Lightmap-34_comp_dir.png using Guid(53eb8aeef78090b4ebe918146d66543e) Importer(815301076,1909f56bfc062723c751e8b465ee728b)  -> (artifact id: '9f2f28cb6992eefc09e37c336c276305') in 0.019392 seconds 
========================================================================
Received Import Request.
  Time since last request: 0.000035 seconds.
  path: Assets/Scenes/MainMenu/Lightmap-35_comp_shadowmask.png
  artifactKey: Guid(e016c0309e2258042a71e80340af6121) Importer(815301076,1909f56bfc062723c751e8b465ee728b)
Start importing Assets/Scenes/MainMenu/Lightmap-35_comp_shadowmask.png using Guid(e016c0309e2258042a71e80340af6121) Importer(815301076,1909f56bfc062723c751e8b465ee728b)  -> (artifact id: '1cb4702c61c99880f20361e70f30c877') in 0.017073 seconds 
========================================================================
Received Import Request.
  Time since last request: 0.000056 seconds.
  path: Assets/Scenes/MainMenu/Lightmap-35_comp_light.exr
  artifactKey: Guid(5f8834ca0c88b7d44bf65aa55f5b255b) Importer(815301076,1909f56bfc062723c751e8b465ee728b)
Start importing Assets/Scenes/MainMenu/Lightmap-35_comp_light.exr using Guid(5f8834ca0c88b7d44bf65aa55f5b255b) Importer(815301076,1909f56bfc062723c751e8b465ee728b)  -> (artifact id: 'f0f4f7da43a11bbfd7f30d455ce6cd0e') in 0.019844 seconds 
========================================================================
Received Import Request.
  Time since last request: 0.000042 seconds.
  path: Assets/Scenes/MainMenu/Lightmap-38_comp_shadowmask.png
  artifactKey: Guid(a105d53def82c9e439889bf406824c65) Importer(815301076,1909f56bfc062723c751e8b465ee728b)
Start importing Assets/Scenes/MainMenu/Lightmap-38_comp_shadowmask.png using Guid(a105d53def82c9e439889bf406824c65) Importer(815301076,1909f56bfc062723c751e8b465ee728b)  -> (artifact id: '037a6499271ca553250b7cb0edc05aa0') in 0.017616 seconds 
========================================================================
Received Import Request.
  Time since last request: 0.000082 seconds.
  path: Assets/Scenes/MainMenu/Lightmap-40_comp_light.exr
  artifactKey: Guid(4644a49053e9910409a1d9a42a846778) Importer(815301076,1909f56bfc062723c751e8b465ee728b)
Start importing Assets/Scenes/MainMenu/Lightmap-40_comp_light.exr using Guid(4644a49053e9910409a1d9a42a846778) Importer(815301076,1909f56bfc062723c751e8b465ee728b)  -> (artifact id: '8d443e7111e81eb3fa6b03061222d83d') in 0.020000 seconds 
========================================================================
Received Import Request.
  Time since last request: 0.000029 seconds.
  path: Assets/Scenes/MainMenu/Lightmap-41_comp_light.exr
  artifactKey: Guid(2c9cdce1596d6f64fa2b4e9c0d8cf822) Importer(815301076,1909f56bfc062723c751e8b465ee728b)
Start importing Assets/Scenes/MainMenu/Lightmap-41_comp_light.exr using Guid(2c9cdce1596d6f64fa2b4e9c0d8cf822) Importer(815301076,1909f56bfc062723c751e8b465ee728b)  -> (artifact id: '38cc43567215f8fdd22bb07f203fa75e') in 0.017790 seconds 
========================================================================
Received Import Request.
  Time since last request: 0.000044 seconds.
  path: Assets/Scenes/MainMenu/Lightmap-41_comp_shadowmask.png
  artifactKey: Guid(d3abdf8e414d11944afd0d7b14af7c60) Importer(815301076,1909f56bfc062723c751e8b465ee728b)
Start importing Assets/Scenes/MainMenu/Lightmap-41_comp_shadowmask.png using Guid(d3abdf8e414d11944afd0d7b14af7c60) Importer(815301076,1909f56bfc062723c751e8b465ee728b)  -> (artifact id: 'b57f81086b40449610bb5bdd54740d02') in 0.019788 seconds 
========================================================================
Received Import Request.
  Time since last request: 0.000038 seconds.
  path: Assets/Scenes/MainMenu/Lightmap-42_comp_shadowmask.png
  artifactKey: Guid(f246cc3ed38ba8445b95c5ffb48d42ff) Importer(815301076,1909f56bfc062723c751e8b465ee728b)
Start importing Assets/Scenes/MainMenu/Lightmap-42_comp_shadowmask.png using Guid(f246cc3ed38ba8445b95c5ffb48d42ff) Importer(815301076,1909f56bfc062723c751e8b465ee728b)  -> (artifact id: '5cf47451ad4f31365c2a67b4f374c534') in 0.017921 seconds 
========================================================================
Received Import Request.
  Time since last request: 0.000033 seconds.
  path: Assets/Scenes/MainMenu/Lightmap-45_comp_light.exr
  artifactKey: Guid(23e18c241e61d7946aca334ab00a6c40) Importer(815301076,1909f56bfc062723c751e8b465ee728b)
Start importing Assets/Scenes/MainMenu/Lightmap-45_comp_light.exr using Guid(23e18c241e61d7946aca334ab00a6c40) Importer(815301076,1909f56bfc062723c751e8b465ee728b)  -> (artifact id: '4db0e14f23af0922d788327b826d7fe6') in 0.017722 seconds 
========================================================================
Received Import Request.
  Time since last request: 0.000026 seconds.
  path: Assets/Scenes/MainMenu/Lightmap-44_comp_shadowmask.png
  artifactKey: Guid(b8f06c505d0645744aa6d3a4409872e7) Importer(815301076,1909f56bfc062723c751e8b465ee728b)
Start importing Assets/Scenes/MainMenu/Lightmap-44_comp_shadowmask.png using Guid(b8f06c505d0645744aa6d3a4409872e7) Importer(815301076,1909f56bfc062723c751e8b465ee728b)  -> (artifact id: 'a72b8f6aacc97fee5411c7ece4ae82bd') in 0.015758 seconds 
========================================================================
Received Import Request.
  Time since last request: 0.000047 seconds.
  path: Assets/Scenes/MainMenu/Lightmap-46_comp_light.exr
  artifactKey: Guid(09ff942d66dfce94d954ec89fe04b912) Importer(815301076,1909f56bfc062723c751e8b465ee728b)
Start importing Assets/Scenes/MainMenu/Lightmap-46_comp_light.exr using Guid(09ff942d66dfce94d954ec89fe04b912) Importer(815301076,1909f56bfc062723c751e8b465ee728b)  -> (artifact id: '84984db6acb820a79648bf39640f06a3') in 0.018402 seconds 
========================================================================
Received Import Request.
  Time since last request: 0.000044 seconds.
  path: Assets/Scenes/MainMenu/Lightmap-45_comp_shadowmask.png
  artifactKey: Guid(bcc3c134f1bde8f489ac0bd3e45b8291) Importer(815301076,1909f56bfc062723c751e8b465ee728b)
Start importing Assets/Scenes/MainMenu/Lightmap-45_comp_shadowmask.png using Guid(bcc3c134f1bde8f489ac0bd3e45b8291) Importer(815301076,1909f56bfc062723c751e8b465ee728b)  -> (artifact id: '7422475fc92a3a5f2d41e545624087b5') in 0.017420 seconds 
========================================================================
Received Import Request.
  Time since last request: 0.000037 seconds.
  path: Assets/Scenes/MainMenu/Lightmap-48_comp_dir.png
  artifactKey: Guid(e21ebae79a0523c42ab743ec431d4f39) Importer(815301076,1909f56bfc062723c751e8b465ee728b)
Start importing Assets/Scenes/MainMenu/Lightmap-48_comp_dir.png using Guid(e21ebae79a0523c42ab743ec431d4f39) Importer(815301076,1909f56bfc062723c751e8b465ee728b)  -> (artifact id: '0d68256a0da0e00a8e129d864f3bb640') in 0.015124 seconds 
========================================================================
Received Import Request.
  Time since last request: 0.172368 seconds.
  path: Assets/Scenes/MainMenu/Lightmap-48_comp_shadowmask.png
  artifactKey: Guid(959c9a0e4fea07243937d3723663ffab) Importer(815301076,1909f56bfc062723c751e8b465ee728b)
Start importing Assets/Scenes/MainMenu/Lightmap-48_comp_shadowmask.png using Guid(959c9a0e4fea07243937d3723663ffab) Importer(815301076,1909f56bfc062723c751e8b465ee728b)  -> (artifact id: '9a4e334e206a1a71ca0dc48e104e39bf') in 0.017606 seconds 
========================================================================
Received Import Request.
  Time since last request: 0.000038 seconds.
  path: Assets/Scenes/MainMenu/Lightmap-49_comp_shadowmask.png
  artifactKey: Guid(7c6b1abee57ee5849a69b871f9cca62b) Importer(815301076,1909f56bfc062723c751e8b465ee728b)
Start importing Assets/Scenes/MainMenu/Lightmap-49_comp_shadowmask.png using Guid(7c6b1abee57ee5849a69b871f9cca62b) Importer(815301076,1909f56bfc062723c751e8b465ee728b)  -> (artifact id: 'd3ed7fe35e5be7d6fbe5b62ae3b88890') in 0.017165 seconds 
========================================================================
Received Import Request.
  Time since last request: 0.000042 seconds.
  path: Assets/Scenes/MainMenu/Lightmap-50_comp_light.exr
  artifactKey: Guid(766f7c47ba174314eb05b3362763bc0f) Importer(815301076,1909f56bfc062723c751e8b465ee728b)
Start importing Assets/Scenes/MainMenu/Lightmap-50_comp_light.exr using Guid(766f7c47ba174314eb05b3362763bc0f) Importer(815301076,1909f56bfc062723c751e8b465ee728b)  -> (artifact id: '04a92aaa1d5426a5f4e3c0966e57de8f') in 0.018280 seconds 
========================================================================
Received Import Request.
  Time since last request: 0.000045 seconds.
  path: Assets/Scenes/MainMenu/Lightmap-52_comp_shadowmask.png
  artifactKey: Guid(fce0ed60efb7f9b40b47c37254c82f89) Importer(815301076,1909f56bfc062723c751e8b465ee728b)
Start importing Assets/Scenes/MainMenu/Lightmap-52_comp_shadowmask.png using Guid(fce0ed60efb7f9b40b47c37254c82f89) Importer(815301076,1909f56bfc062723c751e8b465ee728b)  -> (artifact id: '55dad1173ff141e08b277b92954dfa95') in 0.015536 seconds 
========================================================================
Received Import Request.
  Time since last request: 0.000026 seconds.
  path: Assets/Scenes/OneLevel/Lightmap-52_comp_light.exr
  artifactKey: Guid(191ee147adc9b0142afff40de8cf040e) Importer(815301076,1909f56bfc062723c751e8b465ee728b)
Start importing Assets/Scenes/OneLevel/Lightmap-52_comp_light.exr using Guid(191ee147adc9b0142afff40de8cf040e) Importer(815301076,1909f56bfc062723c751e8b465ee728b)  -> (artifact id: '406d4a29662d01f1ee1106cb35469684') in 0.018732 seconds 
========================================================================
Received Import Request.
  Time since last request: 0.000039 seconds.
  path: Assets/Scenes/OneLevel/Lightmap-55_comp_dir.png
  artifactKey: Guid(532803381179f8b44a4e63bf4f14ce7b) Importer(815301076,1909f56bfc062723c751e8b465ee728b)
Start importing Assets/Scenes/OneLevel/Lightmap-55_comp_dir.png using Guid(532803381179f8b44a4e63bf4f14ce7b) Importer(815301076,1909f56bfc062723c751e8b465ee728b)  -> (artifact id: 'c43a2ba1f9cf39dcc515cc0b6dfc8527') in 0.019917 seconds 
========================================================================
Received Import Request.
  Time since last request: 0.000031 seconds.
  path: Assets/Scenes/OneLevel/Lightmap-57_comp_light.exr
  artifactKey: Guid(1d1385cf9bb62834e8aa353c8fa55bff) Importer(815301076,1909f56bfc062723c751e8b465ee728b)
Start importing Assets/Scenes/OneLevel/Lightmap-57_comp_light.exr using Guid(1d1385cf9bb62834e8aa353c8fa55bff) Importer(815301076,1909f56bfc062723c751e8b465ee728b)  -> (artifact id: '3b9a302bd913a9b162ab1f44c52fb9df') in 0.017324 seconds 
========================================================================
Received Import Request.
  Time since last request: 0.000047 seconds.
  path: Assets/Scenes/MainMenu/Lightmap-59_comp_light.exr
  artifactKey: Guid(492866086fc64184bb4bd97e10b439f9) Importer(815301076,1909f56bfc062723c751e8b465ee728b)
Start importing Assets/Scenes/MainMenu/Lightmap-59_comp_light.exr using Guid(492866086fc64184bb4bd97e10b439f9) Importer(815301076,1909f56bfc062723c751e8b465ee728b)  -> (artifact id: '29cd53306760ad1e120384b08c7383fc') in 0.017095 seconds 
========================================================================
Received Import Request.
  Time since last request: 0.000046 seconds.
  path: Assets/Scenes/MainMenu/Lightmap-61_comp_shadowmask.png
  artifactKey: Guid(f4e28a6c88c95b045abd610c40c48521) Importer(815301076,1909f56bfc062723c751e8b465ee728b)
Start importing Assets/Scenes/MainMenu/Lightmap-61_comp_shadowmask.png using Guid(f4e28a6c88c95b045abd610c40c48521) Importer(815301076,1909f56bfc062723c751e8b465ee728b)  -> (artifact id: '9965f15b87b7cd0ef9321236f3be7602') in 0.021090 seconds 
========================================================================
Received Import Request.
  Time since last request: 0.000040 seconds.
  path: Assets/Scenes/MainMenu/Lightmap-59_comp_shadowmask.png
  artifactKey: Guid(49be4e5d8b438314b9a8c4154302d9e2) Importer(815301076,1909f56bfc062723c751e8b465ee728b)
Start importing Assets/Scenes/MainMenu/Lightmap-59_comp_shadowmask.png using Guid(49be4e5d8b438314b9a8c4154302d9e2) Importer(815301076,1909f56bfc062723c751e8b465ee728b)  -> (artifact id: 'fece0beaa96e38f16678c30fdbb20a91') in 0.019427 seconds 
========================================================================
Received Import Request.
  Time since last request: 0.000033 seconds.
  path: Assets/Scenes/MainMenu/Lightmap-62_comp_shadowmask.png
  artifactKey: Guid(50ed8e6095421b542b83856bba05f113) Importer(815301076,1909f56bfc062723c751e8b465ee728b)
Start importing Assets/Scenes/MainMenu/Lightmap-62_comp_shadowmask.png using Guid(50ed8e6095421b542b83856bba05f113) Importer(815301076,1909f56bfc062723c751e8b465ee728b)  -> (artifact id: '63484e6c344798d1c781e8a4641630f1') in 0.016754 seconds 
========================================================================
Received Import Request.
  Time since last request: 0.000040 seconds.
  path: Assets/Scenes/MainMenu/Lightmap-60_comp_shadowmask.png
  artifactKey: Guid(037c81928e96f4e419f04464b3c36378) Importer(815301076,1909f56bfc062723c751e8b465ee728b)
Start importing Assets/Scenes/MainMenu/Lightmap-60_comp_shadowmask.png using Guid(037c81928e96f4e419f04464b3c36378) Importer(815301076,1909f56bfc062723c751e8b465ee728b)  -> (artifact id: '8c820c33b5fffa04c018d4e10454ceb7') in 0.018770 seconds 
========================================================================
Received Import Request.
  Time since last request: 0.000033 seconds.
  path: Assets/Scenes/OneLevel/Lightmap-62_comp_light.exr
  artifactKey: Guid(4b923f92cedc95049b9b1822d24a450f) Importer(815301076,1909f56bfc062723c751e8b465ee728b)
Start importing Assets/Scenes/OneLevel/Lightmap-62_comp_light.exr using Guid(4b923f92cedc95049b9b1822d24a450f) Importer(815301076,1909f56bfc062723c751e8b465ee728b)  -> (artifact id: 'd29f9ff5c9ade178766447a8904b979f') in 0.012165 seconds 
========================================================================
Received Import Request.
  Time since last request: 0.000034 seconds.
  path: Assets/Scenes/OneLevel/Lightmap-66_comp_dir.png
  artifactKey: Guid(a4f977fa715b8ed4c85f3f4f2ee17334) Importer(815301076,1909f56bfc062723c751e8b465ee728b)
Start importing Assets/Scenes/OneLevel/Lightmap-66_comp_dir.png using Guid(a4f977fa715b8ed4c85f3f4f2ee17334) Importer(815301076,1909f56bfc062723c751e8b465ee728b)  -> (artifact id: 'af019331f2071017ee892fc7e1b5ce3c') in 0.018744 seconds 
========================================================================
Received Import Request.
  Time since last request: 0.000036 seconds.
  path: Assets/Scenes/MainMenu/Lightmap-66_comp_light.exr
  artifactKey: Guid(7fce97ca04a121447b5c08263697a68e) Importer(815301076,1909f56bfc062723c751e8b465ee728b)
Start importing Assets/Scenes/MainMenu/Lightmap-66_comp_light.exr using Guid(7fce97ca04a121447b5c08263697a68e) Importer(815301076,1909f56bfc062723c751e8b465ee728b)  -> (artifact id: 'c4bb1b6ade5dfd56ced8e47536a3e54d') in 0.017203 seconds 
========================================================================
Received Import Request.
  Time since last request: 0.000048 seconds.
  path: Assets/Scenes/MainMenu/Lightmap-64_comp_dir.png
  artifactKey: Guid(53ccf82659d25074db657355131e8790) Importer(815301076,1909f56bfc062723c751e8b465ee728b)
Start importing Assets/Scenes/MainMenu/Lightmap-64_comp_dir.png using Guid(53ccf82659d25074db657355131e8790) Importer(815301076,1909f56bfc062723c751e8b465ee728b)  -> (artifact id: 'ccb8461ed4199b52cad7fb2808ff0744') in 0.025135 seconds 
========================================================================
Received Import Request.
  Time since last request: 0.000036 seconds.
  path: Assets/Scenes/MainMenu/Lightmap-67_comp_dir.png
  artifactKey: Guid(7374d5131c179ca44bc928a4f78c91c0) Importer(815301076,1909f56bfc062723c751e8b465ee728b)
Start importing Assets/Scenes/MainMenu/Lightmap-67_comp_dir.png using Guid(7374d5131c179ca44bc928a4f78c91c0) Importer(815301076,1909f56bfc062723c751e8b465ee728b)  -> (artifact id: '9bda380fb61a6d18aa46c19beb609f26') in 0.015223 seconds 
========================================================================
Received Import Request.
  Time since last request: 0.000053 seconds.
  path: Assets/Scenes/OneLevel/Lightmap-67_comp_dir.png
  artifactKey: Guid(25a94f200f823eb43b18d7864d90b958) Importer(815301076,1909f56bfc062723c751e8b465ee728b)
Start importing Assets/Scenes/OneLevel/Lightmap-67_comp_dir.png using Guid(25a94f200f823eb43b18d7864d90b958) Importer(815301076,1909f56bfc062723c751e8b465ee728b)  -> (artifact id: '6378e719bd0c050ecf41a87dced8d45e') in 0.016990 seconds 
========================================================================
Received Import Request.
  Time since last request: 0.000035 seconds.
  path: Assets/Scenes/MainMenu/Lightmap-52_comp_dir.png
  artifactKey: Guid(4552078869ad5934a9bfb597e6cc2759) Importer(815301076,1909f56bfc062723c751e8b465ee728b)
Start importing Assets/Scenes/MainMenu/Lightmap-52_comp_dir.png using Guid(4552078869ad5934a9bfb597e6cc2759) Importer(815301076,1909f56bfc062723c751e8b465ee728b)  -> (artifact id: '28fa30632c4cd746df0621893d08f4de') in 0.014839 seconds 
========================================================================
Received Import Request.
  Time since last request: 0.000025 seconds.
  path: Assets/Scenes/OneLevel/Lightmap-68_comp_light.exr
  artifactKey: Guid(c70ff34f45776b341b75792379080caa) Importer(815301076,1909f56bfc062723c751e8b465ee728b)
Start importing Assets/Scenes/OneLevel/Lightmap-68_comp_light.exr using Guid(c70ff34f45776b341b75792379080caa) Importer(815301076,1909f56bfc062723c751e8b465ee728b)  -> (artifact id: '3e148791e4893337abc5eae521d2bbfd') in 0.017101 seconds 
========================================================================
Received Import Request.
  Time since last request: 0.000039 seconds.
  path: Assets/Scenes/OneLevel/Lightmap-59_comp_light.exr
  artifactKey: Guid(acd66e9b71644e045a0f0e6fc99a1403) Importer(815301076,1909f56bfc062723c751e8b465ee728b)
Start importing Assets/Scenes/OneLevel/Lightmap-59_comp_light.exr using Guid(acd66e9b71644e045a0f0e6fc99a1403) Importer(815301076,1909f56bfc062723c751e8b465ee728b)  -> (artifact id: '983b0bde26e693eb47b88ea0c5e0a028') in 0.011576 seconds 
========================================================================
Received Import Request.
  Time since last request: 0.000038 seconds.
  path: Assets/Scenes/OneLevel/Lightmap-57_comp_dir.png
  artifactKey: Guid(f2885b9c04e1f4f419b4954fa23fbc4d) Importer(815301076,1909f56bfc062723c751e8b465ee728b)
Start importing Assets/Scenes/OneLevel/Lightmap-57_comp_dir.png using Guid(f2885b9c04e1f4f419b4954fa23fbc4d) Importer(815301076,1909f56bfc062723c751e8b465ee728b)  -> (artifact id: '8b08dbeff892dbaa3b6996a3bc79e930') in 0.017990 seconds 
========================================================================
Received Import Request.
  Time since last request: 0.000039 seconds.
  path: Assets/Scenes/MainMenu/Lightmap-64_comp_shadowmask.png
  artifactKey: Guid(97fec96177bca7d4eb24cfaad63dc57a) Importer(815301076,1909f56bfc062723c751e8b465ee728b)
Start importing Assets/Scenes/MainMenu/Lightmap-64_comp_shadowmask.png using Guid(97fec96177bca7d4eb24cfaad63dc57a) Importer(815301076,1909f56bfc062723c751e8b465ee728b)  -> (artifact id: '8aa0f2bb49b14864a247d098dc72fa57') in 0.017989 seconds 
========================================================================
Received Import Request.
  Time since last request: 0.000039 seconds.
  path: Assets/Scenes/MainMenu/Lightmap-67_comp_light.exr
  artifactKey: Guid(eddab3f1328aca146ad3d1742d31225e) Importer(815301076,1909f56bfc062723c751e8b465ee728b)
Start importing Assets/Scenes/MainMenu/Lightmap-67_comp_light.exr using Guid(eddab3f1328aca146ad3d1742d31225e) Importer(815301076,1909f56bfc062723c751e8b465ee728b)  -> (artifact id: '993d2de20933d77052048f1ee8c07dce') in 0.016062 seconds 
========================================================================
Received Import Request.
  Time since last request: 0.000044 seconds.
  path: Assets/Scenes/MainMenu/Lightmap-56_comp_dir.png
  artifactKey: Guid(4995c93a16457ea4fbc4ae0dee99bef1) Importer(815301076,1909f56bfc062723c751e8b465ee728b)
Start importing Assets/Scenes/MainMenu/Lightmap-56_comp_dir.png using Guid(4995c93a16457ea4fbc4ae0dee99bef1) Importer(815301076,1909f56bfc062723c751e8b465ee728b)  -> (artifact id: '89a2f192259829b49803272c71f5d85a') in 0.015663 seconds 
========================================================================
Received Import Request.
  Time since last request: 0.000029 seconds.
  path: Assets/Scenes/MainMenu/Lightmap-61_comp_light.exr
  artifactKey: Guid(35ee4bb9b6fa6b34eb36641e8297760e) Importer(815301076,1909f56bfc062723c751e8b465ee728b)
Start importing Assets/Scenes/MainMenu/Lightmap-61_comp_light.exr using Guid(35ee4bb9b6fa6b34eb36641e8297760e) Importer(815301076,1909f56bfc062723c751e8b465ee728b)  -> (artifact id: 'c3a31d075fd3e55ea36ba9a156a4e46f') in 0.016524 seconds 
========================================================================
Received Import Request.
  Time since last request: 0.000051 seconds.
  path: Assets/Scenes/OneLevel/Lightmap-70_comp_light.exr
  artifactKey: Guid(90a31cff2a224fe47b9d532c305511ee) Importer(815301076,1909f56bfc062723c751e8b465ee728b)
Start importing Assets/Scenes/OneLevel/Lightmap-70_comp_light.exr using Guid(90a31cff2a224fe47b9d532c305511ee) Importer(815301076,1909f56bfc062723c751e8b465ee728b)  -> (artifact id: 'b1d43810430c60fa97d9d3dea23333d9') in 0.016551 seconds 
========================================================================
Received Import Request.
  Time since last request: 0.000029 seconds.
  path: Assets/Scenes/OneLevel/Lightmap-59_comp_dir.png
  artifactKey: Guid(9f161f164ec91be4e9da2c88f3d7316e) Importer(815301076,1909f56bfc062723c751e8b465ee728b)
Start importing Assets/Scenes/OneLevel/Lightmap-59_comp_dir.png using Guid(9f161f164ec91be4e9da2c88f3d7316e) Importer(815301076,1909f56bfc062723c751e8b465ee728b)  -> (artifact id: '70d75d9341c2e7f966487d54910d74cf') in 0.017545 seconds 
========================================================================
Received Import Request.
  Time since last request: 0.000050 seconds.
  path: Assets/Scenes/MainMenu/Lightmap-57_comp_light.exr
  artifactKey: Guid(d25f74595b7735d4eb71a64940fd7e7c) Importer(815301076,1909f56bfc062723c751e8b465ee728b)
Start importing Assets/Scenes/MainMenu/Lightmap-57_comp_light.exr using Guid(d25f74595b7735d4eb71a64940fd7e7c) Importer(815301076,1909f56bfc062723c751e8b465ee728b)  -> (artifact id: '353bf482e51588e07da8b7d73b85aa8b') in 0.016997 seconds 
========================================================================
Received Import Request.
  Time since last request: 0.000035 seconds.
  path: Assets/Scenes/MainMenu/Lightmap-58_comp_light.exr
  artifactKey: Guid(746e4dda9ca60e746956d47433aebdcb) Importer(815301076,1909f56bfc062723c751e8b465ee728b)
Start importing Assets/Scenes/MainMenu/Lightmap-58_comp_light.exr using Guid(746e4dda9ca60e746956d47433aebdcb) Importer(815301076,1909f56bfc062723c751e8b465ee728b)  -> (artifact id: 'b47b6be67c698bf377a5c8975976168c') in 0.018999 seconds 
========================================================================
Received Import Request.
  Time since last request: 0.000066 seconds.
  path: Assets/Scenes/OneLevel/Lightmap-67_comp_light.exr
  artifactKey: Guid(58ed1da348a15e645bc123c8e828f2a1) Importer(815301076,1909f56bfc062723c751e8b465ee728b)
Start importing Assets/Scenes/OneLevel/Lightmap-67_comp_light.exr using Guid(58ed1da348a15e645bc123c8e828f2a1) Importer(815301076,1909f56bfc062723c751e8b465ee728b)  -> (artifact id: '31d4f09c18b7ed2a9d3b677b67069d64') in 0.014999 seconds 
========================================================================
Received Import Request.
  Time since last request: 0.000032 seconds.
  path: Assets/Scenes/OneLevel/Lightmap-55_comp_light.exr
  artifactKey: Guid(0455bedc8b257bc429332f3a881d58f3) Importer(815301076,1909f56bfc062723c751e8b465ee728b)
Start importing Assets/Scenes/OneLevel/Lightmap-55_comp_light.exr using Guid(0455bedc8b257bc429332f3a881d58f3) Importer(815301076,1909f56bfc062723c751e8b465ee728b)  -> (artifact id: 'ab16a9b29bd5307bbc46a89bc64bb4e8') in 0.018306 seconds 
========================================================================
Received Import Request.
  Time since last request: 0.000027 seconds.
  path: Assets/Scenes/MainMenu/Lightmap-69_comp_dir.png
  artifactKey: Guid(4922b91308311f6478b6300a553b60ab) Importer(815301076,1909f56bfc062723c751e8b465ee728b)
Start importing Assets/Scenes/MainMenu/Lightmap-69_comp_dir.png using Guid(4922b91308311f6478b6300a553b60ab) Importer(815301076,1909f56bfc062723c751e8b465ee728b)  -> (artifact id: '93f9bc52af33226b78718c790983d0c1') in 0.014971 seconds 
========================================================================
Received Import Request.
  Time since last request: 0.000032 seconds.
  path: Assets/Scenes/OneLevel/Lightmap-60_comp_light.exr
  artifactKey: Guid(e054c21e04c7a49479822ac569e0b7b3) Importer(815301076,1909f56bfc062723c751e8b465ee728b)
Start importing Assets/Scenes/OneLevel/Lightmap-60_comp_light.exr using Guid(e054c21e04c7a49479822ac569e0b7b3) Importer(815301076,1909f56bfc062723c751e8b465ee728b)  -> (artifact id: 'edae8e091a9ada2b39db0db58c790b3e') in 0.014299 seconds 
========================================================================
Received Import Request.
  Time since last request: 0.000050 seconds.
  path: Assets/Scenes/OneLevel/Lightmap-71_comp_light.exr
  artifactKey: Guid(a8a1863fa1b9fff4682e20c1f33c95d1) Importer(815301076,1909f56bfc062723c751e8b465ee728b)
Start importing Assets/Scenes/OneLevel/Lightmap-71_comp_light.exr using Guid(a8a1863fa1b9fff4682e20c1f33c95d1) Importer(815301076,1909f56bfc062723c751e8b465ee728b)  -> (artifact id: '916d27d0810acd8ac5303075de1744f7') in 0.016056 seconds 
========================================================================
Received Import Request.
  Time since last request: 0.000051 seconds.
  path: Assets/Scenes/MainMenu/Lightmap-71_comp_light.exr
  artifactKey: Guid(418dc24bd36a98e4b862c20af4bb9bd2) Importer(815301076,1909f56bfc062723c751e8b465ee728b)
Start importing Assets/Scenes/MainMenu/Lightmap-71_comp_light.exr using Guid(418dc24bd36a98e4b862c20af4bb9bd2) Importer(815301076,1909f56bfc062723c751e8b465ee728b)  -> (artifact id: '4efcbd5c682febe16eee268373170989') in 0.016854 seconds 
========================================================================
Received Import Request.
  Time since last request: 0.000034 seconds.
  path: Assets/Scenes/MainMenu/Lightmap-69_comp_light.exr
  artifactKey: Guid(db4da539b48a2a248addc11e6f0ca456) Importer(815301076,1909f56bfc062723c751e8b465ee728b)
Start importing Assets/Scenes/MainMenu/Lightmap-69_comp_light.exr using Guid(db4da539b48a2a248addc11e6f0ca456) Importer(815301076,1909f56bfc062723c751e8b465ee728b)  -> (artifact id: '8f650acd9f0b6621c59ebc9df4f10361') in 0.015917 seconds 
========================================================================
Received Prepare
Registering precompiled user dll's ...
Registered in 0.003977 seconds.
Begin MonoManager ReloadAssembly
Symbol file LoadedFromMemory doesn't match image B:\GameOfMy\ShoterMap\Library\PackageCache\com.unity.visualscripting@1.7.8\Editor\VisualScripting.Core\Dependencies\YamlDotNet\Unity.VisualScripting.YamlDotNet.dll
Symbol file LoadedFromMemory doesn't match image B:\GameOfMy\ShoterMap\Library\PackageCache\com.unity.visualscripting@1.7.8\Editor\VisualScripting.Core\Dependencies\DotNetZip\Unity.VisualScripting.IonicZip.dll
Native extension for WindowsStandalone target not found
Native extension for Android target not found
Refreshing native plugins compatible for Editor in 1.39 ms, found 3 plugins.
Preloading 0 native plugins for Editor in 0.00 ms.
Mono: successfully reloaded assembly
- Completed reload, in  1.244 seconds
Domain Reload Profiling:
	ReloadAssembly (1244ms)
		BeginReloadAssembly (139ms)
			ExecutionOrderSort (0ms)
			DisableScriptedObjects (4ms)
			BackupInstance (0ms)
			ReleaseScriptingObjects (0ms)
			CreateAndSetChildDomain (52ms)
		EndReloadAssembly (1017ms)
			LoadAssemblies (86ms)
			RebuildTransferFunctionScriptingTraits (0ms)
			SetupTypeCache (310ms)
			ReleaseScriptCaches (2ms)
			RebuildScriptCaches (55ms)
			SetupLoadedEditorAssemblies (525ms)
				LogAssemblyErrors (0ms)
				InitializePlatformSupportModulesInManaged (18ms)
				SetLoadedEditorAssemblies (1ms)
				RefreshPlugins (1ms)
				BeforeProcessingInitializeOnLoad (81ms)
				ProcessInitializeOnLoadAttributes (340ms)
				ProcessInitializeOnLoadMethodAttributes (81ms)
				AfterProcessingInitializeOnLoad (3ms)
				EditorAssembliesLoaded (0ms)
			ExecutionOrderSort2 (0ms)
			AwakeInstancesAfterBackupRestoration (7ms)
Platform modules already initialized, skipping
Refreshing native plugins compatible for Editor in 4.18 ms, found 3 plugins.
Preloading 0 native plugins for Editor in 0.00 ms.
Unloading 5154 Unused Serialized files (Serialized files now loaded: 0)
Unloading 48 unused Assets / (3.1 MB). Loaded Objects now: 5788.
Memory consumption went from 209.3 MB to 206.2 MB.
Total: 11.631000 ms (FindLiveObjects: 0.868300 ms CreateObjectMapping: 0.573800 ms MarkObjects: 7.606400 ms  DeleteObjects: 2.577600 ms)

AssetImportParameters requested are different than current active one (requested -> active):
  custom:video-decoder-ogg-theora: a1e56fd34408186e4bbccfd4996cb3dc -> 
  custom:container-muxer-webm: aa71ff27fc2769a1b78a27578f13a17b -> 
  custom:container-demuxer-webm: 4f35f7cbe854078d1ac9338744f61a02 -> 
  custom:video-encoder-webm-vp8: eb34c28f22e8b96e1ab97ce403110664 -> 
  custom:audio-encoder-webm-vorbis: bf7c407c2cedff20999df2af8eb42d56 -> 
  custom:framework-win-MediaFoundation: 216162199b28c13a410421893ffa2e32 -> 
  custom:container-demuxer-ogg: 62fdf1f143b41e24485cea50d1cbac27 -> 
  custom:video-decoder-webm-vp8: 9c59270c3fd7afecdb556c50c9e8de78 -> 
  custom:audio-decoder-ogg-vorbis: bf7c407c2cedff20999df2af8eb42d56 -> 
========================================================================
Received Prepare
Registering precompiled user dll's ...
Registered in 0.003243 seconds.
Begin MonoManager ReloadAssembly
Symbol file LoadedFromMemory doesn't match image B:\GameOfMy\ShoterMap\Library\PackageCache\com.unity.visualscripting@1.7.8\Editor\VisualScripting.Core\Dependencies\YamlDotNet\Unity.VisualScripting.YamlDotNet.dll
Symbol file LoadedFromMemory doesn't match image B:\GameOfMy\ShoterMap\Library\PackageCache\com.unity.visualscripting@1.7.8\Editor\VisualScripting.Core\Dependencies\DotNetZip\Unity.VisualScripting.IonicZip.dll
Native extension for WindowsStandalone target not found
Native extension for Android target not found
Refreshing native plugins compatible for Editor in 1.21 ms, found 3 plugins.
Preloading 0 native plugins for Editor in 0.00 ms.
Mono: successfully reloaded assembly
- Completed reload, in  1.227 seconds
Domain Reload Profiling:
	ReloadAssembly (1228ms)
		BeginReloadAssembly (131ms)
			ExecutionOrderSort (0ms)
			DisableScriptedObjects (5ms)
			BackupInstance (0ms)
			ReleaseScriptingObjects (0ms)
			CreateAndSetChildDomain (47ms)
		EndReloadAssembly (997ms)
			LoadAssemblies (81ms)
			RebuildTransferFunctionScriptingTraits (0ms)
			SetupTypeCache (283ms)
			ReleaseScriptCaches (2ms)
			RebuildScriptCaches (59ms)
			SetupLoadedEditorAssemblies (527ms)
				LogAssemblyErrors (0ms)
				InitializePlatformSupportModulesInManaged (19ms)
				SetLoadedEditorAssemblies (0ms)
				RefreshPlugins (1ms)
				BeforeProcessingInitializeOnLoad (82ms)
				ProcessInitializeOnLoadAttributes (346ms)
				ProcessInitializeOnLoadMethodAttributes (76ms)
				AfterProcessingInitializeOnLoad (2ms)
				EditorAssembliesLoaded (0ms)
			ExecutionOrderSort2 (0ms)
			AwakeInstancesAfterBackupRestoration (5ms)
Platform modules already initialized, skipping
Refreshing native plugins compatible for Editor in 4.52 ms, found 3 plugins.
Preloading 0 native plugins for Editor in 0.00 ms.
Unloading 5154 Unused Serialized files (Serialized files now loaded: 0)
Unloading 48 unused Assets / (3.1 MB). Loaded Objects now: 5791.
Memory consumption went from 209.3 MB to 206.2 MB.
Total: 9.031700 ms (FindLiveObjects: 0.881500 ms CreateObjectMapping: 0.632600 ms MarkObjects: 5.954500 ms  DeleteObjects: 1.559600 ms)

AssetImportParameters requested are different than current active one (requested -> active):
  custom:video-decoder-ogg-theora: a1e56fd34408186e4bbccfd4996cb3dc -> 
  custom:container-muxer-webm: aa71ff27fc2769a1b78a27578f13a17b -> 
  custom:container-demuxer-webm: 4f35f7cbe854078d1ac9338744f61a02 -> 
  custom:video-encoder-webm-vp8: eb34c28f22e8b96e1ab97ce403110664 -> 
  custom:audio-encoder-webm-vorbis: bf7c407c2cedff20999df2af8eb42d56 -> 
  custom:framework-win-MediaFoundation: 216162199b28c13a410421893ffa2e32 -> 
  custom:container-demuxer-ogg: 62fdf1f143b41e24485cea50d1cbac27 -> 
  custom:video-decoder-webm-vp8: 9c59270c3fd7afecdb556c50c9e8de78 -> 
  custom:audio-decoder-ogg-vorbis: bf7c407c2cedff20999df2af8eb42d56 -> 
========================================================================
Received Prepare
Refreshing native plugins compatible for Editor in 8.01 ms, found 3 plugins.
Preloading 0 native plugins for Editor in 0.00 ms.
Unloading 48 Unused Serialized files (Serialized files now loaded: 0)
Unloading 48 unused Assets / (3.1 MB). Loaded Objects now: 5791.
Memory consumption went from 105.6 MB to 102.5 MB.
Total: 10.894300 ms (FindLiveObjects: 2.400100 ms CreateObjectMapping: 0.676600 ms MarkObjects: 5.326900 ms  DeleteObjects: 2.489100 ms)

AssetImportParameters requested are different than current active one (requested -> active):
  custom:video-decoder-ogg-theora: a1e56fd34408186e4bbccfd4996cb3dc -> 
  custom:container-muxer-webm: aa71ff27fc2769a1b78a27578f13a17b -> 
  custom:container-demuxer-webm: 4f35f7cbe854078d1ac9338744f61a02 -> 
  custom:video-encoder-webm-vp8: eb34c28f22e8b96e1ab97ce403110664 -> 
  custom:audio-encoder-webm-vorbis: bf7c407c2cedff20999df2af8eb42d56 -> 
  custom:framework-win-MediaFoundation: 216162199b28c13a410421893ffa2e32 -> 
  custom:container-demuxer-ogg: 62fdf1f143b41e24485cea50d1cbac27 -> 
  custom:video-decoder-webm-vp8: 9c59270c3fd7afecdb556c50c9e8de78 -> 
  custom:audio-decoder-ogg-vorbis: bf7c407c2cedff20999df2af8eb42d56 -> 
========================================================================
Received Prepare
Refreshing native plugins compatible for Editor in 9.03 ms, found 3 plugins.
Preloading 0 native plugins for Editor in 0.00 ms.
Unloading 48 Unused Serialized files (Serialized files now loaded: 0)
Unloading 48 unused Assets / (3.1 MB). Loaded Objects now: 5791.
Memory consumption went from 105.6 MB to 102.5 MB.
Total: 16.116600 ms (FindLiveObjects: 1.030100 ms CreateObjectMapping: 0.734600 ms MarkObjects: 12.811900 ms  DeleteObjects: 1.537100 ms)

AssetImportParameters requested are different than current active one (requested -> active):
  custom:video-decoder-ogg-theora: a1e56fd34408186e4bbccfd4996cb3dc -> 
  custom:container-muxer-webm: aa71ff27fc2769a1b78a27578f13a17b -> 
  custom:container-demuxer-webm: 4f35f7cbe854078d1ac9338744f61a02 -> 
  custom:video-encoder-webm-vp8: eb34c28f22e8b96e1ab97ce403110664 -> 
  custom:audio-encoder-webm-vorbis: bf7c407c2cedff20999df2af8eb42d56 -> 
  custom:framework-win-MediaFoundation: 216162199b28c13a410421893ffa2e32 -> 
  custom:container-demuxer-ogg: 62fdf1f143b41e24485cea50d1cbac27 -> 
  custom:video-decoder-webm-vp8: 9c59270c3fd7afecdb556c50c9e8de78 -> 
  custom:audio-decoder-ogg-vorbis: bf7c407c2cedff20999df2af8eb42d56 -> 
========================================================================
Received Prepare
Registering precompiled user dll's ...
Registered in 0.003471 seconds.
Begin MonoManager ReloadAssembly
Symbol file LoadedFromMemory doesn't match image B:\GameOfMy\ShoterMap\Library\PackageCache\com.unity.visualscripting@1.7.8\Editor\VisualScripting.Core\Dependencies\YamlDotNet\Unity.VisualScripting.YamlDotNet.dll
Symbol file LoadedFromMemory doesn't match image B:\GameOfMy\ShoterMap\Library\PackageCache\com.unity.visualscripting@1.7.8\Editor\VisualScripting.Core\Dependencies\DotNetZip\Unity.VisualScripting.IonicZip.dll
Native extension for WindowsStandalone target not found
Native extension for Android target not found
Refreshing native plugins compatible for Editor in 1.34 ms, found 3 plugins.
Preloading 0 native plugins for Editor in 0.00 ms.
Mono: successfully reloaded assembly
- Completed reload, in  1.169 seconds
Domain Reload Profiling:
	ReloadAssembly (1169ms)
		BeginReloadAssembly (123ms)
			ExecutionOrderSort (0ms)
			DisableScriptedObjects (4ms)
			BackupInstance (0ms)
			ReleaseScriptingObjects (0ms)
			CreateAndSetChildDomain (44ms)
		EndReloadAssembly (958ms)
			LoadAssemblies (75ms)
			RebuildTransferFunctionScriptingTraits (0ms)
			SetupTypeCache (285ms)
			ReleaseScriptCaches (2ms)
			RebuildScriptCaches (52ms)
			SetupLoadedEditorAssemblies (496ms)
				LogAssemblyErrors (0ms)
				InitializePlatformSupportModulesInManaged (19ms)
				SetLoadedEditorAssemblies (0ms)
				RefreshPlugins (1ms)
				BeforeProcessingInitializeOnLoad (82ms)
				ProcessInitializeOnLoadAttributes (312ms)
				ProcessInitializeOnLoadMethodAttributes (78ms)
				AfterProcessingInitializeOnLoad (3ms)
				EditorAssembliesLoaded (0ms)
			ExecutionOrderSort2 (0ms)
			AwakeInstancesAfterBackupRestoration (5ms)
Platform modules already initialized, skipping
Refreshing native plugins compatible for Editor in 4.33 ms, found 3 plugins.
Preloading 0 native plugins for Editor in 0.00 ms.
Unloading 5154 Unused Serialized files (Serialized files now loaded: 0)
Unloading 48 unused Assets / (3.1 MB). Loaded Objects now: 5794.
Memory consumption went from 209.3 MB to 206.2 MB.
Total: 9.932200 ms (FindLiveObjects: 1.135900 ms CreateObjectMapping: 0.901600 ms MarkObjects: 6.125000 ms  DeleteObjects: 1.762000 ms)

AssetImportParameters requested are different than current active one (requested -> active):
  custom:video-decoder-ogg-theora: a1e56fd34408186e4bbccfd4996cb3dc -> 
  custom:container-muxer-webm: aa71ff27fc2769a1b78a27578f13a17b -> 
  custom:container-demuxer-webm: 4f35f7cbe854078d1ac9338744f61a02 -> 
  custom:video-encoder-webm-vp8: eb34c28f22e8b96e1ab97ce403110664 -> 
  custom:audio-encoder-webm-vorbis: bf7c407c2cedff20999df2af8eb42d56 -> 
  custom:framework-win-MediaFoundation: 216162199b28c13a410421893ffa2e32 -> 
  custom:container-demuxer-ogg: 62fdf1f143b41e24485cea50d1cbac27 -> 
  custom:video-decoder-webm-vp8: 9c59270c3fd7afecdb556c50c9e8de78 -> 
  custom:audio-decoder-ogg-vorbis: bf7c407c2cedff20999df2af8eb42d56 -> 
========================================================================
Received Prepare
Registering precompiled user dll's ...
Registered in 0.004997 seconds.
Begin MonoManager ReloadAssembly
Symbol file LoadedFromMemory doesn't match image B:\GameOfMy\ShoterMap\Library\PackageCache\com.unity.visualscripting@1.7.8\Editor\VisualScripting.Core\Dependencies\YamlDotNet\Unity.VisualScripting.YamlDotNet.dll
Symbol file LoadedFromMemory doesn't match image B:\GameOfMy\ShoterMap\Library\PackageCache\com.unity.visualscripting@1.7.8\Editor\VisualScripting.Core\Dependencies\DotNetZip\Unity.VisualScripting.IonicZip.dll
Native extension for WindowsStandalone target not found
Native extension for Android target not found
Refreshing native plugins compatible for Editor in 1.31 ms, found 3 plugins.
Preloading 0 native plugins for Editor in 0.00 ms.
Mono: successfully reloaded assembly
- Completed reload, in  1.186 seconds
Domain Reload Profiling:
	ReloadAssembly (1187ms)
		BeginReloadAssembly (135ms)
			ExecutionOrderSort (0ms)
			DisableScriptedObjects (7ms)
			BackupInstance (0ms)
			ReleaseScriptingObjects (0ms)
			CreateAndSetChildDomain (49ms)
		EndReloadAssembly (961ms)
			LoadAssemblies (80ms)
			RebuildTransferFunctionScriptingTraits (0ms)
			SetupTypeCache (273ms)
			ReleaseScriptCaches (2ms)
			RebuildScriptCaches (50ms)
			SetupLoadedEditorAssemblies (513ms)
				LogAssemblyErrors (0ms)
				InitializePlatformSupportModulesInManaged (19ms)
				SetLoadedEditorAssemblies (0ms)
				RefreshPlugins (1ms)
				BeforeProcessingInitializeOnLoad (88ms)
				ProcessInitializeOnLoadAttributes (330ms)
				ProcessInitializeOnLoadMethodAttributes (72ms)
				AfterProcessingInitializeOnLoad (2ms)
				EditorAssembliesLoaded (0ms)
			ExecutionOrderSort2 (0ms)
			AwakeInstancesAfterBackupRestoration (6ms)
Platform modules already initialized, skipping
Refreshing native plugins compatible for Editor in 4.90 ms, found 3 plugins.
Preloading 0 native plugins for Editor in 0.00 ms.
Unloading 5154 Unused Serialized files (Serialized files now loaded: 0)
Unloading 48 unused Assets / (3.1 MB). Loaded Objects now: 5797.
Memory consumption went from 209.4 MB to 206.3 MB.
Total: 10.133500 ms (FindLiveObjects: 0.790900 ms CreateObjectMapping: 0.594200 ms MarkObjects: 7.165800 ms  DeleteObjects: 1.580800 ms)

AssetImportParameters requested are different than current active one (requested -> active):
  custom:video-decoder-ogg-theora: a1e56fd34408186e4bbccfd4996cb3dc -> 
  custom:container-muxer-webm: aa71ff27fc2769a1b78a27578f13a17b -> 
  custom:container-demuxer-webm: 4f35f7cbe854078d1ac9338744f61a02 -> 
  custom:video-encoder-webm-vp8: eb34c28f22e8b96e1ab97ce403110664 -> 
  custom:audio-encoder-webm-vorbis: bf7c407c2cedff20999df2af8eb42d56 -> 
  custom:framework-win-MediaFoundation: 216162199b28c13a410421893ffa2e32 -> 
  custom:container-demuxer-ogg: 62fdf1f143b41e24485cea50d1cbac27 -> 
  custom:video-decoder-webm-vp8: 9c59270c3fd7afecdb556c50c9e8de78 -> 
  custom:audio-decoder-ogg-vorbis: bf7c407c2cedff20999df2af8eb42d56 -> 
