Using pre-set license
Built from '2021.3/staging' branch; Version is '2021.3.7f1 (24e8595d6d43) revision 2418777'; Using compiler version '192829333'; Build Type 'Release'
OS: 'Windows 10  (10.0.19045) 64bit ProfessionalEducation' Language: 'ru' Physical Memory: 15748 MB
BatchMode: 1, IsHumanControllingUs: 0, StartBugReporterOnCrash: 0, Is64bit: 1, IsPro: 1

COMMAND LINE ARGUMENTS:
B:\UnityEngine\2021.3.7f1\Editor\Unity.exe
-adb2
-batchMode
-noUpm
-name
AssetImportWorker4
-projectPath
B:/GameOfMy/ShoterMap
-logFile
Logs/AssetImportWorker4.log
-srvPort
63809
Successfully changed project path to: B:/GameOfMy/ShoterMap
B:/GameOfMy/ShoterMap
[UnityMemory] Configuration Parameters - Can be set up in boot.config
    "memorysetup-bucket-allocator-granularity=16"
    "memorysetup-bucket-allocator-bucket-count=8"
    "memorysetup-bucket-allocator-block-size=33554432"
    "memorysetup-bucket-allocator-block-count=8"
    "memorysetup-main-allocator-block-size=16777216"
    "memorysetup-thread-allocator-block-size=16777216"
    "memorysetup-gfx-main-allocator-block-size=16777216"
    "memorysetup-gfx-thread-allocator-block-size=16777216"
    "memorysetup-cache-allocator-block-size=4194304"
    "memorysetup-typetree-allocator-block-size=2097152"
    "memorysetup-profiler-bucket-allocator-granularity=16"
    "memorysetup-profiler-bucket-allocator-bucket-count=8"
    "memorysetup-profiler-bucket-allocator-block-size=33554432"
    "memorysetup-profiler-bucket-allocator-block-count=8"
    "memorysetup-profiler-allocator-block-size=16777216"
    "memorysetup-profiler-editor-allocator-block-size=1048576"
    "memorysetup-temp-allocator-size-main=16777216"
    "memorysetup-job-temp-allocator-block-size=2097152"
    "memorysetup-job-temp-allocator-block-size-background=1048576"
    "memorysetup-job-temp-allocator-reduction-small-platforms=262144"
    "memorysetup-temp-allocator-size-background-worker=32768"
    "memorysetup-temp-allocator-size-job-worker=262144"
    "memorysetup-temp-allocator-size-preload-manager=33554432"
    "memorysetup-temp-allocator-size-nav-mesh-worker=65536"
    "memorysetup-temp-allocator-size-audio-worker=65536"
    "memorysetup-temp-allocator-size-cloud-worker=32768"
    "memorysetup-temp-allocator-size-gi-baking-worker=262144"
    "memorysetup-temp-allocator-size-gfx=262144"
Refreshing native plugins compatible for Editor in 111.21 ms, found 3 plugins.
Preloading 0 native plugins for Editor in 0.00 ms.
Initialize engine version: 2021.3.7f1 (24e8595d6d43)
[Subsystems] Discovering subsystems at path B:/UnityEngine/2021.3.7f1/Editor/Data/Resources/UnitySubsystems
[Subsystems] Discovering subsystems at path B:/GameOfMy/ShoterMap/Assets
GfxDevice: creating device client; threaded=0; jobified=0
Direct3D:
    Version:  Direct3D 11.0 [level 11.1]
    Renderer: NVIDIA GeForce GTX 1650 (ID=0x1f82)
    Vendor:   NVIDIA
    VRAM:     3962 MB
    Driver:   31.0.15.1694
Initialize mono
Mono path[0] = 'B:/UnityEngine/2021.3.7f1/Editor/Data/Managed'
Mono path[1] = 'B:/UnityEngine/2021.3.7f1/Editor/Data/MonoBleedingEdge/lib/mono/unityjit-win32'
Mono config path = 'B:/UnityEngine/2021.3.7f1/Editor/Data/MonoBleedingEdge/etc'
Using monoOptions --debugger-agent=transport=dt_socket,embedding=1,server=y,suspend=n,address=127.0.0.1:56704
Begin MonoManager ReloadAssembly
Registering precompiled unity dll's ...
Register platform support module: B:/UnityEngine/2021.3.7f1/Editor/Data/PlaybackEngines/AndroidPlayer/UnityEditor.Android.Extensions.dll
Register platform support module: B:/UnityEngine/2021.3.7f1/Editor/Data/PlaybackEngines/WindowsStandaloneSupport/UnityEditor.WindowsStandalone.Extensions.dll
Registered in 0.002555 seconds.
Native extension for WindowsStandalone target not found
Native extension for Android target not found
Refreshing native plugins compatible for Editor in 111.53 ms, found 3 plugins.
Preloading 0 native plugins for Editor in 0.00 ms.
Mono: successfully reloaded assembly
- Completed reload, in  0.658 seconds
Domain Reload Profiling:
	ReloadAssembly (659ms)
		BeginReloadAssembly (65ms)
			ExecutionOrderSort (0ms)
			DisableScriptedObjects (0ms)
			BackupInstance (0ms)
			ReleaseScriptingObjects (0ms)
			CreateAndSetChildDomain (1ms)
		EndReloadAssembly (500ms)
			LoadAssemblies (65ms)
			RebuildTransferFunctionScriptingTraits (0ms)
			SetupTypeCache (105ms)
			ReleaseScriptCaches (0ms)
			RebuildScriptCaches (40ms)
			SetupLoadedEditorAssemblies (310ms)
				LogAssemblyErrors (0ms)
				InitializePlatformSupportModulesInManaged (52ms)
				SetLoadedEditorAssemblies (0ms)
				RefreshPlugins (112ms)
				BeforeProcessingInitializeOnLoad (1ms)
				ProcessInitializeOnLoadAttributes (101ms)
				ProcessInitializeOnLoadMethodAttributes (45ms)
				AfterProcessingInitializeOnLoad (0ms)
				EditorAssembliesLoaded (0ms)
			ExecutionOrderSort2 (0ms)
			AwakeInstancesAfterBackupRestoration (0ms)
Platform modules already initialized, skipping
Registering precompiled user dll's ...
Registered in 0.004035 seconds.
Begin MonoManager ReloadAssembly
Symbol file LoadedFromMemory doesn't match image B:\GameOfMy\ShoterMap\Library\PackageCache\com.unity.visualscripting@1.7.8\Editor\VisualScripting.Core\Dependencies\YamlDotNet\Unity.VisualScripting.YamlDotNet.dll
Symbol file LoadedFromMemory doesn't match image B:\GameOfMy\ShoterMap\Library\PackageCache\com.unity.visualscripting@1.7.8\Editor\VisualScripting.Core\Dependencies\DotNetZip\Unity.VisualScripting.IonicZip.dll
Native extension for WindowsStandalone target not found
Native extension for Android target not found
Refreshing native plugins compatible for Editor in 117.54 ms, found 3 plugins.
Preloading 0 native plugins for Editor in 0.00 ms.
Mono: successfully reloaded assembly
- Completed reload, in  1.444 seconds
Domain Reload Profiling:
	ReloadAssembly (1445ms)
		BeginReloadAssembly (218ms)
			ExecutionOrderSort (0ms)
			DisableScriptedObjects (6ms)
			BackupInstance (0ms)
			ReleaseScriptingObjects (0ms)
			CreateAndSetChildDomain (122ms)
		EndReloadAssembly (1123ms)
			LoadAssemblies (73ms)
			RebuildTransferFunctionScriptingTraits (0ms)
			SetupTypeCache (304ms)
			ReleaseScriptCaches (1ms)
			RebuildScriptCaches (78ms)
			SetupLoadedEditorAssemblies (623ms)
				LogAssemblyErrors (0ms)
				InitializePlatformSupportModulesInManaged (11ms)
				SetLoadedEditorAssemblies (0ms)
				RefreshPlugins (118ms)
				BeforeProcessingInitializeOnLoad (107ms)
				ProcessInitializeOnLoadAttributes (314ms)
				ProcessInitializeOnLoadMethodAttributes (70ms)
				AfterProcessingInitializeOnLoad (2ms)
				EditorAssembliesLoaded (0ms)
			ExecutionOrderSort2 (0ms)
			AwakeInstancesAfterBackupRestoration (5ms)
Platform modules already initialized, skipping
========================================================================
Worker process is ready to serve import requests
Launched and connected shader compiler UnityShaderCompiler.exe after 0.05 seconds
Refreshing native plugins compatible for Editor in 1.71 ms, found 3 plugins.
Preloading 0 native plugins for Editor in 0.00 ms.
Unloading 5455 Unused Serialized files (Serialized files now loaded: 0)
Unloading 70 unused Assets / (3.1 MB). Loaded Objects now: 5920.
Memory consumption went from 225.9 MB to 222.8 MB.
Total: 6.465600 ms (FindLiveObjects: 0.694800 ms CreateObjectMapping: 0.237300 ms MarkObjects: 4.594800 ms  DeleteObjects: 0.937000 ms)

AssetImportParameters requested are different than current active one (requested -> active):
  custom:video-decoder-ogg-theora: a1e56fd34408186e4bbccfd4996cb3dc -> 
  custom:container-muxer-webm: aa71ff27fc2769a1b78a27578f13a17b -> 
  custom:container-demuxer-webm: 4f35f7cbe854078d1ac9338744f61a02 -> 
  custom:video-encoder-webm-vp8: eb34c28f22e8b96e1ab97ce403110664 -> 
  custom:audio-encoder-webm-vorbis: bf7c407c2cedff20999df2af8eb42d56 -> 
  custom:framework-win-MediaFoundation: 216162199b28c13a410421893ffa2e32 -> 
  custom:container-demuxer-ogg: 62fdf1f143b41e24485cea50d1cbac27 -> 
  custom:video-decoder-webm-vp8: 9c59270c3fd7afecdb556c50c9e8de78 -> 
  custom:audio-decoder-ogg-vorbis: bf7c407c2cedff20999df2af8eb42d56 -> 
========================================================================
Received Import Request.
  Time since last request: 283264.214433 seconds.
  path: Assets/Meshes/NewMeshes/perila.prefab
  artifactKey: Guid(50fad5a093813994c8ed3cda2cccc7a6) Importer(815301076,1909f56bfc062723c751e8b465ee728b)
Start importing Assets/Meshes/NewMeshes/perila.prefab using Guid(50fad5a093813994c8ed3cda2cccc7a6) Importer(815301076,1909f56bfc062723c751e8b465ee728b)  -> (artifact id: '38c98a8730cd8a4b2a06e7b3c1fbdc8e') in 0.106814 seconds 
========================================================================
Received Import Request.
  Time since last request: 4.147115 seconds.
  path: Assets/Meshes/NewMeshes/perila.blend
  artifactKey: Guid(91a615c11fa026249b8b193de325498d) Importer(815301076,1909f56bfc062723c751e8b465ee728b)
Start importing Assets/Meshes/NewMeshes/perila.blend using Guid(91a615c11fa026249b8b193de325498d) Importer(815301076,1909f56bfc062723c751e8b465ee728b)  -> (artifact id: 'e37d949f1ff489c30a85c238f4a93c94') in 0.039172 seconds 
========================================================================
Received Import Request.
  Time since last request: 1070.678590 seconds.
  path: Assets/Meshes/BOSS
  artifactKey: Guid(15d66ce0308dad24eaaabdfc19b212ac) Importer(815301076,1909f56bfc062723c751e8b465ee728b)
Start importing Assets/Meshes/BOSS using Guid(15d66ce0308dad24eaaabdfc19b212ac) Importer(815301076,1909f56bfc062723c751e8b465ee728b)  -> (artifact id: '6a30711e349052ba82a8c4ce5292d2bd') in 0.006717 seconds 
========================================================================
Received Import Request.
  Time since last request: 17.300407 seconds.
  path: Assets/Meshes/BOSS/Boss.fbx
  artifactKey: Guid(8526440b43fb7474c896b39b48d668dc) Importer(815301076,1909f56bfc062723c751e8b465ee728b)
Start importing Assets/Meshes/BOSS/Boss.fbx using Guid(8526440b43fb7474c896b39b48d668dc) Importer(815301076,1909f56bfc062723c751e8b465ee728b)  -> (artifact id: '72694e98cee6236e697c1728216dde0b') in 0.086007 seconds 
========================================================================
Received Import Request.
  Time since last request: 7.584168 seconds.
  path: Assets/Meshes/BOSS/BossAmmo
  artifactKey: Guid(b848f830debbdac48931bc7345e6b36b) Importer(815301076,1909f56bfc062723c751e8b465ee728b)
Start importing Assets/Meshes/BOSS/BossAmmo using Guid(b848f830debbdac48931bc7345e6b36b) Importer(815301076,1909f56bfc062723c751e8b465ee728b)  -> (artifact id: 'f676530c55391489462384a2f1640625') in 0.006057 seconds 
========================================================================
Received Import Request.
  Time since last request: 1.362608 seconds.
  path: Assets/Meshes/BOSS/BossAmmo/BossAmmo.prefab
  artifactKey: Guid(1db20f2b2b6ef4b459538324151ede98) Importer(815301076,1909f56bfc062723c751e8b465ee728b)
Start importing Assets/Meshes/BOSS/BossAmmo/BossAmmo.prefab using Guid(1db20f2b2b6ef4b459538324151ede98) Importer(815301076,1909f56bfc062723c751e8b465ee728b)  -> (artifact id: 'c67b7bc4791c82adf37d70e79b976eeb') in 0.024653 seconds 
========================================================================
Received Import Request.
  Time since last request: 15.905654 seconds.
  path: Assets/Meshes/BOSS/BossAmmo/BoddAmmoMaterials
  artifactKey: Guid(5439790a313505d4aa2470c5ada305b7) Importer(815301076,1909f56bfc062723c751e8b465ee728b)
Start importing Assets/Meshes/BOSS/BossAmmo/BoddAmmoMaterials using Guid(5439790a313505d4aa2470c5ada305b7) Importer(815301076,1909f56bfc062723c751e8b465ee728b)  -> (artifact id: '1c46318f7e181c7bfc766637a8904b2f') in 0.005993 seconds 
========================================================================
Received Import Request.
  Time since last request: 8.203806 seconds.
  path: Assets/Anim/BOSSAnim
  artifactKey: Guid(62103d085d8052e438ce5eb776d6aec5) Importer(815301076,1909f56bfc062723c751e8b465ee728b)
Start importing Assets/Anim/BOSSAnim using Guid(62103d085d8052e438ce5eb776d6aec5) Importer(815301076,1909f56bfc062723c751e8b465ee728b)  -> (artifact id: 'bee3d49b11ea142c7b08ea7c3e850015') in 0.007870 seconds 
========================================================================
Received Import Request.
  Time since last request: 1.631900 seconds.
  path: Assets/Anim/GreenBigMonsterAnim
  artifactKey: Guid(71c879ba9da78934baf951fd6f26f27b) Importer(815301076,1909f56bfc062723c751e8b465ee728b)
Start importing Assets/Anim/GreenBigMonsterAnim using Guid(71c879ba9da78934baf951fd6f26f27b) Importer(815301076,1909f56bfc062723c751e8b465ee728b)  -> (artifact id: '43601fe3a3fa7960cf24d9f7d9da3260') in 0.007867 seconds 
========================================================================
Received Import Request.
  Time since last request: 3.237909 seconds.
  path: Assets/Anim/GreenMonsterAnim
  artifactKey: Guid(9bae2b32df54c23469f6f667eb817d00) Importer(815301076,1909f56bfc062723c751e8b465ee728b)
Start importing Assets/Anim/GreenMonsterAnim using Guid(9bae2b32df54c23469f6f667eb817d00) Importer(815301076,1909f56bfc062723c751e8b465ee728b)  -> (artifact id: 'da13461d0e4964fc361867abcafdcfdb') in 0.005888 seconds 
========================================================================
Received Import Request.
  Time since last request: 2.091343 seconds.
  path: Assets/Anim/GUI
  artifactKey: Guid(d4361abb24dc1ac4aabbf71cd0eba361) Importer(815301076,1909f56bfc062723c751e8b465ee728b)
Start importing Assets/Anim/GUI using Guid(d4361abb24dc1ac4aabbf71cd0eba361) Importer(815301076,1909f56bfc062723c751e8b465ee728b)  -> (artifact id: 'e31c3a202aa1177ce169926cfa2891e8') in 0.006804 seconds 
========================================================================
Received Import Request.
  Time since last request: 1.602223 seconds.
  path: Assets/Anim/PlayerAnims
  artifactKey: Guid(db528d37c60f6d44e86ca3e33e4259f9) Importer(815301076,1909f56bfc062723c751e8b465ee728b)
Start importing Assets/Anim/PlayerAnims using Guid(db528d37c60f6d44e86ca3e33e4259f9) Importer(815301076,1909f56bfc062723c751e8b465ee728b)  -> (artifact id: '0482ba6234d0e92f812754511abe49fe') in 0.006394 seconds 
========================================================================
Received Import Request.
  Time since last request: 3.389725 seconds.
  path: Assets/Anim/PlayerAnims/Weapons
  artifactKey: Guid(ef5ebea2dc868154c8268e1fe28e2d33) Importer(815301076,1909f56bfc062723c751e8b465ee728b)
Start importing Assets/Anim/PlayerAnims/Weapons using Guid(ef5ebea2dc868154c8268e1fe28e2d33) Importer(815301076,1909f56bfc062723c751e8b465ee728b)  -> (artifact id: '650f356909ab39d2cad31680c384c892') in 0.006065 seconds 
========================================================================
Received Import Request.
  Time since last request: 21.707161 seconds.
  path: Assets/Meshes/DreamForestTree
  artifactKey: Guid(4a309ae0ec2d6774cbbce32e80572b60) Importer(815301076,1909f56bfc062723c751e8b465ee728b)
Start importing Assets/Meshes/DreamForestTree using Guid(4a309ae0ec2d6774cbbce32e80572b60) Importer(815301076,1909f56bfc062723c751e8b465ee728b)  -> (artifact id: 'a041739219b056bd0d7de6ea65e8bb68') in 0.006522 seconds 
========================================================================
Received Import Request.
  Time since last request: 2.712328 seconds.
  path: Assets/Meshes/DreamForestTree/TreesModels
  artifactKey: Guid(418f2ff26270e9946abc2e17cc42104b) Importer(815301076,1909f56bfc062723c751e8b465ee728b)
Start importing Assets/Meshes/DreamForestTree/TreesModels using Guid(418f2ff26270e9946abc2e17cc42104b) Importer(815301076,1909f56bfc062723c751e8b465ee728b)  -> (artifact id: 'ce2e896105087d51e754abb39f6c4190') in 0.007915 seconds 
========================================================================
Received Import Request.
  Time since last request: 2.175112 seconds.
  path: Assets/Meshes/Komplex/Doors.prefab
  artifactKey: Guid(bb99c56a6825ff041820b951bebd7833) Importer(815301076,1909f56bfc062723c751e8b465ee728b)
Start importing Assets/Meshes/Komplex/Doors.prefab using Guid(bb99c56a6825ff041820b951bebd7833) Importer(815301076,1909f56bfc062723c751e8b465ee728b)  -> (artifact id: 'cb05da58f731cfdc8fab344fbddd63a7') in 0.028073 seconds 
========================================================================
Received Import Request.
  Time since last request: 603.781942 seconds.
  path: Assets/Meshes/Komplex/StoikaMaterial
  artifactKey: Guid(2533aecbc5bcaf244afcf568ee021338) Importer(815301076,1909f56bfc062723c751e8b465ee728b)
Start importing Assets/Meshes/Komplex/StoikaMaterial using Guid(2533aecbc5bcaf244afcf568ee021338) Importer(815301076,1909f56bfc062723c751e8b465ee728b)  -> (artifact id: '9ab4f3ef4c531a40ddb241fe64d47132') in 0.006768 seconds 
========================================================================
Received Import Request.
  Time since last request: 39.213321 seconds.
  path: Assets/Meshes/Komplex/BigBoxMaterals
  artifactKey: Guid(29a4bd8205b70f64c8acadac545a4105) Importer(815301076,1909f56bfc062723c751e8b465ee728b)
Start importing Assets/Meshes/Komplex/BigBoxMaterals using Guid(29a4bd8205b70f64c8acadac545a4105) Importer(815301076,1909f56bfc062723c751e8b465ee728b)  -> (artifact id: 'e5e2ab5ae359df4380d02df54d302c54') in 0.006613 seconds 
========================================================================
Received Import Request.
  Time since last request: 25.389948 seconds.
  path: Assets/Meshes/Monsters/MonsterGreenBig.png
  artifactKey: Guid(fd068bc80ce0cc2468aa02b95cd29766) Importer(815301076,1909f56bfc062723c751e8b465ee728b)
Start importing Assets/Meshes/Monsters/MonsterGreenBig.png using Guid(fd068bc80ce0cc2468aa02b95cd29766) Importer(815301076,1909f56bfc062723c751e8b465ee728b)  -> (artifact id: 'ae03dddd97ffa097584c40324e042860') in 0.037953 seconds 
========================================================================
Received Import Request.
  Time since last request: 31.523609 seconds.
  path: Assets/Meshes/Monsters/MonsterGreenMaterial.mat
  artifactKey: Guid(bd4144e11937a1e4cb6e5e741a796da6) Importer(815301076,1909f56bfc062723c751e8b465ee728b)
Start importing Assets/Meshes/Monsters/MonsterGreenMaterial.mat using Guid(bd4144e11937a1e4cb6e5e741a796da6) Importer(815301076,1909f56bfc062723c751e8b465ee728b)  -> (artifact id: 'a1bc45160d7804531daf50692c733f2f') in 0.026126 seconds 
========================================================================
Received Import Request.
  Time since last request: 10.078625 seconds.
  path: Assets/Meshes/Monsters/BigGreenMonsterRun.fbx
  artifactKey: Guid(0e7b4575de523ec498eca787e82f62eb) Importer(815301076,1909f56bfc062723c751e8b465ee728b)
Start importing Assets/Meshes/Monsters/BigGreenMonsterRun.fbx using Guid(0e7b4575de523ec498eca787e82f62eb) Importer(815301076,1909f56bfc062723c751e8b465ee728b)  -> (artifact id: 'c4393d6fe0cfac8f124d020df7ce2268') in 0.042501 seconds 
========================================================================
Received Import Request.
  Time since last request: 15.710618 seconds.
  path: Assets/Meshes/Monsters/BigGreenMonsterRun.fbx
  artifactKey: Guid(0e7b4575de523ec498eca787e82f62eb) Importer(815301076,1909f56bfc062723c751e8b465ee728b)
Start importing Assets/Meshes/Monsters/BigGreenMonsterRun.fbx using Guid(0e7b4575de523ec498eca787e82f62eb) Importer(815301076,1909f56bfc062723c751e8b465ee728b)  -> (artifact id: '35e9389eaf70a9922e05cf725f1e49c9') in 0.035882 seconds 
========================================================================
Received Import Request.
  Time since last request: 37.978030 seconds.
  path: Assets/Prefabs/Musor.prefab
  artifactKey: Guid(3170b8b85bfd49546b88f90662ca02d9) Importer(815301076,1909f56bfc062723c751e8b465ee728b)
Start importing Assets/Prefabs/Musor.prefab using Guid(3170b8b85bfd49546b88f90662ca02d9) Importer(815301076,1909f56bfc062723c751e8b465ee728b)  -> (artifact id: '7433fd44156180827a13a681c64549ba') in 0.018608 seconds 
========================================================================
Received Import Request.
  Time since last request: 0.000030 seconds.
  path: Assets/Prefabs/redCar.prefab
  artifactKey: Guid(6918340f3f6dde74e9ea3690176e4b06) Importer(815301076,1909f56bfc062723c751e8b465ee728b)
Start importing Assets/Prefabs/redCar.prefab using Guid(6918340f3f6dde74e9ea3690176e4b06) Importer(815301076,1909f56bfc062723c751e8b465ee728b)  -> (artifact id: 'bb097078b3b63e7ac014c92db4de842d') in 0.028601 seconds 
========================================================================
Received Import Request.
  Time since last request: 1.458384 seconds.
  path: Assets/Prefabs/Monsters
  artifactKey: Guid(fcb14ef89890cf348bc1e79cf4f8c48d) Importer(815301076,1909f56bfc062723c751e8b465ee728b)
Start importing Assets/Prefabs/Monsters using Guid(fcb14ef89890cf348bc1e79cf4f8c48d) Importer(815301076,1909f56bfc062723c751e8b465ee728b)  -> (artifact id: 'f45af26950d02f38a7604a0ff990b9ae') in 0.006118 seconds 
========================================================================
Received Import Request.
  Time since last request: 0.035198 seconds.
  path: Assets/Prefabs/Monsters/BigGreenMonsterIdle.prefab
  artifactKey: Guid(a07a87849170ea2409eea4092dcc9a67) Importer(815301076,1909f56bfc062723c751e8b465ee728b)
Start importing Assets/Prefabs/Monsters/BigGreenMonsterIdle.prefab using Guid(a07a87849170ea2409eea4092dcc9a67) Importer(815301076,1909f56bfc062723c751e8b465ee728b)  -> (artifact id: '00070ac9c91bfa5b95dfe51ba3add4fd') in 0.046139 seconds 
========================================================================
Received Import Request.
  Time since last request: 0.000058 seconds.
  path: Assets/Prefabs/Monsters/MonsterGreen.prefab
  artifactKey: Guid(8f515bd0c48ef4b4388c9bbbc5e6e387) Importer(815301076,1909f56bfc062723c751e8b465ee728b)
Start importing Assets/Prefabs/Monsters/MonsterGreen.prefab using Guid(8f515bd0c48ef4b4388c9bbbc5e6e387) Importer(815301076,1909f56bfc062723c751e8b465ee728b)  -> (artifact id: 'cf7632a43a6c127770250ad72b681999') in 0.027129 seconds 
========================================================================
Received Import Request.
  Time since last request: 0.000041 seconds.
  path: Assets/Prefabs/Monsters/PlayerMilitary.prefab
  artifactKey: Guid(529638263beaa69408bcbc9bdbb2397c) Importer(815301076,1909f56bfc062723c751e8b465ee728b)
Start importing Assets/Prefabs/Monsters/PlayerMilitary.prefab using Guid(529638263beaa69408bcbc9bdbb2397c) Importer(815301076,1909f56bfc062723c751e8b465ee728b)  -> (artifact id: 'b26e4ce40850af2cc7ef2f569e7d1686') in 0.171233 seconds 
========================================================================
Received Import Request.
  Time since last request: 11.892473 seconds.
  path: Assets/Prefabs/Monsters/BigGreenMonster.prefab
  artifactKey: Guid(a07a87849170ea2409eea4092dcc9a67) Importer(815301076,1909f56bfc062723c751e8b465ee728b)
Start importing Assets/Prefabs/Monsters/BigGreenMonster.prefab using Guid(a07a87849170ea2409eea4092dcc9a67) Importer(815301076,1909f56bfc062723c751e8b465ee728b)  -> (artifact id: 'c58568876d8fb3fcb7e6af508bb2e68a') in 0.030525 seconds 
========================================================================
Received Import Request.
  Time since last request: 11.414561 seconds.
  path: Assets/Meshes/Monsters/BigGreenMonsterIdle.fbx
  artifactKey: Guid(92078131cc0fa5f429465ab8ed6728a6) Importer(815301076,1909f56bfc062723c751e8b465ee728b)
Start importing Assets/Meshes/Monsters/BigGreenMonsterIdle.fbx using Guid(92078131cc0fa5f429465ab8ed6728a6) Importer(815301076,1909f56bfc062723c751e8b465ee728b)  -> (artifact id: '3b1ae186aa5fd8efe4a846438ad68aa3') in 0.040661 seconds 
========================================================================
Received Import Request.
  Time since last request: 3.246276 seconds.
  path: Assets/Meshes/Monsters
  artifactKey: Guid(0b526601cb5cbfb40a51d05776638e8c) Importer(815301076,1909f56bfc062723c751e8b465ee728b)
Start importing Assets/Meshes/Monsters using Guid(0b526601cb5cbfb40a51d05776638e8c) Importer(815301076,1909f56bfc062723c751e8b465ee728b)  -> (artifact id: 'f131f0a27facaff2a27f6d2ac295162b') in 0.002369 seconds 
========================================================================
Received Import Request.
  Time since last request: 13.242671 seconds.
  path: Assets/Meshes/Monsters/MonstersMaterials
  artifactKey: Guid(b03a553e4f4f8bf4080278a7aa689ea1) Importer(815301076,1909f56bfc062723c751e8b465ee728b)
Start importing Assets/Meshes/Monsters/MonstersMaterials using Guid(b03a553e4f4f8bf4080278a7aa689ea1) Importer(815301076,1909f56bfc062723c751e8b465ee728b)  -> (artifact id: '41146ebd67c892523f50d6366ff6233d') in 0.006713 seconds 
========================================================================
Received Import Request.
  Time since last request: 44.837636 seconds.
  path: Assets/Meshes/NewMeshes/Materials
  artifactKey: Guid(80195dbdc921a7a4eb36fc9ce26505dd) Importer(815301076,1909f56bfc062723c751e8b465ee728b)
Start importing Assets/Meshes/NewMeshes/Materials using Guid(80195dbdc921a7a4eb36fc9ce26505dd) Importer(815301076,1909f56bfc062723c751e8b465ee728b)  -> (artifact id: '8d53c763863384ff12576bd611e59e29') in 0.006059 seconds 
========================================================================
Received Import Request.
  Time since last request: 36.840747 seconds.
  path: Assets/Meshes/Player/Instruments
  artifactKey: Guid(2abebd63573b8f245ac98d9cd46ddab7) Importer(815301076,1909f56bfc062723c751e8b465ee728b)
Start importing Assets/Meshes/Player/Instruments using Guid(2abebd63573b8f245ac98d9cd46ddab7) Importer(815301076,1909f56bfc062723c751e8b465ee728b)  -> (artifact id: '3e46ed79644c163b0e8eb28730764011') in 0.006860 seconds 
========================================================================
Received Import Request.
  Time since last request: 0.679968 seconds.
  path: Assets/Meshes/Player/Instruments/fonar.png
  artifactKey: Guid(1d641e67b0b29f2489018c42d3e8b1db) Importer(815301076,1909f56bfc062723c751e8b465ee728b)
Start importing Assets/Meshes/Player/Instruments/fonar.png using Guid(1d641e67b0b29f2489018c42d3e8b1db) Importer(815301076,1909f56bfc062723c751e8b465ee728b)  -> (artifact id: '9f486b09a1f248869e07130cd90c0a8e') in 0.025382 seconds 
========================================================================
Received Import Request.
  Time since last request: 310.799406 seconds.
  path: Assets/Meshes/Player/FonaricMaterials
  artifactKey: Guid(2abebd63573b8f245ac98d9cd46ddab7) Importer(815301076,1909f56bfc062723c751e8b465ee728b)
Start importing Assets/Meshes/Player/FonaricMaterials using Guid(2abebd63573b8f245ac98d9cd46ddab7) Importer(815301076,1909f56bfc062723c751e8b465ee728b)  -> (artifact id: '26e2851b9577d4e16491c5fe3c2eaaaf') in 0.006092 seconds 
========================================================================
Received Import Request.
  Time since last request: 11.709137 seconds.
  path: Assets/Meshes/Terrain/Derevo.jpg
  artifactKey: Guid(315584dfe1ed26b4aa7506d77d0104ba) Importer(815301076,1909f56bfc062723c751e8b465ee728b)
Start importing Assets/Meshes/Terrain/Derevo.jpg using Guid(315584dfe1ed26b4aa7506d77d0104ba) Importer(815301076,1909f56bfc062723c751e8b465ee728b)  -> (artifact id: '10941dfc2b5e65ba0c541c245820123f') in 0.027758 seconds 
========================================================================
Received Import Request.
  Time since last request: 5.603055 seconds.
  path: Assets/Meshes/Terrain
  artifactKey: Guid(a9d317ce6338a954d84a82d8a57c30c4) Importer(815301076,1909f56bfc062723c751e8b465ee728b)
Start importing Assets/Meshes/Terrain using Guid(a9d317ce6338a954d84a82d8a57c30c4) Importer(815301076,1909f56bfc062723c751e8b465ee728b)  -> (artifact id: '4d9dd75ecfdb685d5fb4c7d498f18750') in 0.007219 seconds 
========================================================================
Received Import Request.
  Time since last request: 13.653071 seconds.
  path: Assets/Meshes/Terrain/TreeMaterials
  artifactKey: Guid(308b869dc54183a42967904ed17c2ecb) Importer(815301076,1909f56bfc062723c751e8b465ee728b)
Start importing Assets/Meshes/Terrain/TreeMaterials using Guid(308b869dc54183a42967904ed17c2ecb) Importer(815301076,1909f56bfc062723c751e8b465ee728b)  -> (artifact id: 'ccda0af36001bcc3f847675349bd8fc6') in 0.005933 seconds 
========================================================================
Received Import Request.
  Time since last request: 110.588366 seconds.
  path: Assets/Meshes/Weapons/RacketnicaMaterials
  artifactKey: Guid(b975e638e77a86a44a7ee018edf6ad9a) Importer(815301076,1909f56bfc062723c751e8b465ee728b)
Start importing Assets/Meshes/Weapons/RacketnicaMaterials using Guid(b975e638e77a86a44a7ee018edf6ad9a) Importer(815301076,1909f56bfc062723c751e8b465ee728b)  -> (artifact id: '9adaab1f79ad0fea7933792df7251002') in 0.006351 seconds 
========================================================================
Received Import Request.
  Time since last request: 0.892100 seconds.
  path: Assets/Meshes/Weapons/PistoletMaterials
  artifactKey: Guid(6bafc949a29b9154bbca86129a3f3e7c) Importer(815301076,1909f56bfc062723c751e8b465ee728b)
Start importing Assets/Meshes/Weapons/PistoletMaterials using Guid(6bafc949a29b9154bbca86129a3f3e7c) Importer(815301076,1909f56bfc062723c751e8b465ee728b)  -> (artifact id: '4552558eff98f64a187505ee491db32d') in 0.006302 seconds 
========================================================================
Received Import Request.
  Time since last request: 0.666070 seconds.
  path: Assets/Meshes/Weapons/AutomatMaterials
  artifactKey: Guid(4e266349a81e0a0479544437fef89422) Importer(815301076,1909f56bfc062723c751e8b465ee728b)
Start importing Assets/Meshes/Weapons/AutomatMaterials using Guid(4e266349a81e0a0479544437fef89422) Importer(815301076,1909f56bfc062723c751e8b465ee728b)  -> (artifact id: '1c79add632f68fbd35d2d6bb418bd8ec') in 0.007403 seconds 
========================================================================
Received Import Request.
  Time since last request: 54.131610 seconds.
  path: Assets/Prefabs/Monsters/BigGreenMonster.prefab
  artifactKey: Guid(a07a87849170ea2409eea4092dcc9a67) Importer(815301076,1909f56bfc062723c751e8b465ee728b)
Start importing Assets/Prefabs/Monsters/BigGreenMonster.prefab using Guid(a07a87849170ea2409eea4092dcc9a67) Importer(815301076,1909f56bfc062723c751e8b465ee728b)  -> (artifact id: 'e5ae21101fe0af4e775f20cc5a6fc4ad') in 0.025275 seconds 
========================================================================
Received Import Request.
  Time since last request: 16.025308 seconds.
  path: Assets/Textures/Materials/Truba.mat
  artifactKey: Guid(b801e5809f05a494794692e593ed8d0b) Importer(815301076,1909f56bfc062723c751e8b465ee728b)
Start importing Assets/Textures/Materials/Truba.mat using Guid(b801e5809f05a494794692e593ed8d0b) Importer(815301076,1909f56bfc062723c751e8b465ee728b)  -> (artifact id: '425a92336226adcc8fc2b23696d2afe7') in 0.014871 seconds 
========================================================================
Received Import Request.
  Time since last request: 131.112019 seconds.
  path: Assets/Prefabs/Monsters/BigGreenMonster.prefab
  artifactKey: Guid(a07a87849170ea2409eea4092dcc9a67) Importer(815301076,1909f56bfc062723c751e8b465ee728b)
Start importing Assets/Prefabs/Monsters/BigGreenMonster.prefab using Guid(a07a87849170ea2409eea4092dcc9a67) Importer(815301076,1909f56bfc062723c751e8b465ee728b)  -> (artifact id: '55f17c4522f878c477faa488240a54dd') in 0.022786 seconds 
========================================================================
Received Prepare
Registering precompiled user dll's ...
Registered in 0.004001 seconds.
Begin MonoManager ReloadAssembly
Symbol file LoadedFromMemory doesn't match image B:\GameOfMy\ShoterMap\Library\PackageCache\com.unity.visualscripting@1.7.8\Editor\VisualScripting.Core\Dependencies\YamlDotNet\Unity.VisualScripting.YamlDotNet.dll
Symbol file LoadedFromMemory doesn't match image B:\GameOfMy\ShoterMap\Library\PackageCache\com.unity.visualscripting@1.7.8\Editor\VisualScripting.Core\Dependencies\DotNetZip\Unity.VisualScripting.IonicZip.dll
Native extension for WindowsStandalone target not found
Native extension for Android target not found
Refreshing native plugins compatible for Editor in 1.21 ms, found 3 plugins.
Preloading 0 native plugins for Editor in 0.00 ms.
Mono: successfully reloaded assembly
- Completed reload, in  1.335 seconds
Domain Reload Profiling:
	ReloadAssembly (1335ms)
		BeginReloadAssembly (155ms)
			ExecutionOrderSort (0ms)
			DisableScriptedObjects (4ms)
			BackupInstance (0ms)
			ReleaseScriptingObjects (0ms)
			CreateAndSetChildDomain (67ms)
		EndReloadAssembly (1085ms)
			LoadAssemblies (87ms)
			RebuildTransferFunctionScriptingTraits (0ms)
			SetupTypeCache (326ms)
			ReleaseScriptCaches (2ms)
			RebuildScriptCaches (55ms)
			SetupLoadedEditorAssemblies (569ms)
				LogAssemblyErrors (0ms)
				InitializePlatformSupportModulesInManaged (20ms)
				SetLoadedEditorAssemblies (1ms)
				RefreshPlugins (1ms)
				BeforeProcessingInitializeOnLoad (87ms)
				ProcessInitializeOnLoadAttributes (354ms)
				ProcessInitializeOnLoadMethodAttributes (102ms)
				AfterProcessingInitializeOnLoad (3ms)
				EditorAssembliesLoaded (0ms)
			ExecutionOrderSort2 (0ms)
			AwakeInstancesAfterBackupRestoration (7ms)
Platform modules already initialized, skipping
Refreshing native plugins compatible for Editor in 4.27 ms, found 3 plugins.
Preloading 0 native plugins for Editor in 0.00 ms.
Unloading 5343 Unused Serialized files (Serialized files now loaded: 0)
Unloading 62 unused Assets / (3.1 MB). Loaded Objects now: 5974.
Memory consumption went from 233.6 MB to 230.5 MB.
Total: 12.211400 ms (FindLiveObjects: 1.091200 ms CreateObjectMapping: 0.692500 ms MarkObjects: 8.108200 ms  DeleteObjects: 2.315400 ms)

AssetImportParameters requested are different than current active one (requested -> active):
  custom:video-decoder-ogg-theora: a1e56fd34408186e4bbccfd4996cb3dc -> 
  custom:container-muxer-webm: aa71ff27fc2769a1b78a27578f13a17b -> 
  custom:container-demuxer-webm: 4f35f7cbe854078d1ac9338744f61a02 -> 
  custom:video-encoder-webm-vp8: eb34c28f22e8b96e1ab97ce403110664 -> 
  custom:audio-encoder-webm-vorbis: bf7c407c2cedff20999df2af8eb42d56 -> 
  custom:framework-win-MediaFoundation: 216162199b28c13a410421893ffa2e32 -> 
  custom:container-demuxer-ogg: 62fdf1f143b41e24485cea50d1cbac27 -> 
  custom:video-decoder-webm-vp8: 9c59270c3fd7afecdb556c50c9e8de78 -> 
  custom:audio-decoder-ogg-vorbis: bf7c407c2cedff20999df2af8eb42d56 -> 
========================================================================
Received Import Request.
  Time since last request: 58.221615 seconds.
  path: Assets/Prefabs/PlayerMilitary.prefab
  artifactKey: Guid(23a20731d6a0e9c41afb6783e936b74c) Importer(815301076,1909f56bfc062723c751e8b465ee728b)
Start importing Assets/Prefabs/PlayerMilitary.prefab using Guid(23a20731d6a0e9c41afb6783e936b74c) Importer(815301076,1909f56bfc062723c751e8b465ee728b)  -> (artifact id: '99cafc3bd5f8633954fa6a8021c9e028') in 0.169397 seconds 
========================================================================
Received Import Request.
  Time since last request: 11.706281 seconds.
  path: Assets/Prefabs
  artifactKey: Guid(47cd4b0fcd527d243be521a13b5052aa) Importer(815301076,1909f56bfc062723c751e8b465ee728b)
Start importing Assets/Prefabs using Guid(47cd4b0fcd527d243be521a13b5052aa) Importer(815301076,1909f56bfc062723c751e8b465ee728b)  -> (artifact id: '9b345095288bd931e5253d38820972f4') in 0.006253 seconds 
========================================================================
Received Import Request.
  Time since last request: 12.140669 seconds.
  path: Assets/Prefabs/LevelObjects
  artifactKey: Guid(cdb4eee3dde814b45a83d53a2145b5c2) Importer(815301076,1909f56bfc062723c751e8b465ee728b)
Start importing Assets/Prefabs/LevelObjects using Guid(cdb4eee3dde814b45a83d53a2145b5c2) Importer(815301076,1909f56bfc062723c751e8b465ee728b)  -> (artifact id: 'f06c38c0a788786098d41e559df0e724') in 0.006025 seconds 
========================================================================
Received Import Request.
  Time since last request: 9.135399 seconds.
  path: Assets/Prefabs/Players
  artifactKey: Guid(01801a25e008a0243a56a185c7ea9967) Importer(815301076,1909f56bfc062723c751e8b465ee728b)
Start importing Assets/Prefabs/Players using Guid(01801a25e008a0243a56a185c7ea9967) Importer(815301076,1909f56bfc062723c751e8b465ee728b)  -> (artifact id: 'bf9c1ee677bc57b92a70006628aa968f') in 0.006316 seconds 
========================================================================
Received Import Request.
  Time since last request: 50.859609 seconds.
  path: Assets/Sounds/Weapons
  artifactKey: Guid(4fd2653422b40f34ebbb877bfdbd65bd) Importer(815301076,1909f56bfc062723c751e8b465ee728b)
Start importing Assets/Sounds/Weapons using Guid(4fd2653422b40f34ebbb877bfdbd65bd) Importer(815301076,1909f56bfc062723c751e8b465ee728b)  -> (artifact id: 'dc2a1d91efa322fa8c900c7ef1505320') in 0.002767 seconds 
========================================================================
Received Import Request.
  Time since last request: 25.279227 seconds.
  path: Assets/Textures/WpnMaterials
  artifactKey: Guid(f11aaad28656fcb45bb4d2e0bfa12cf1) Importer(815301076,1909f56bfc062723c751e8b465ee728b)
Start importing Assets/Textures/WpnMaterials using Guid(f11aaad28656fcb45bb4d2e0bfa12cf1) Importer(815301076,1909f56bfc062723c751e8b465ee728b)  -> (artifact id: '6bf7cf811a79d3e5e34d2d3503df3ab3') in 0.006470 seconds 
========================================================================
Received Import Request.
  Time since last request: 46.797797 seconds.
  path: Assets/Textures/LevelObjectsMatrerials
  artifactKey: Guid(a71bffe54ca4c0643a0e264ea56c2344) Importer(815301076,1909f56bfc062723c751e8b465ee728b)
Start importing Assets/Textures/LevelObjectsMatrerials using Guid(a71bffe54ca4c0643a0e264ea56c2344) Importer(815301076,1909f56bfc062723c751e8b465ee728b)  -> (artifact id: 'fbf4002a5fee4382cca6620dc373ae44') in 0.005736 seconds 
========================================================================
Received Import Request.
  Time since last request: 7.763802 seconds.
  path: Assets/Textures/Komplex
  artifactKey: Guid(cf4de20ea74caa64c920f2732a5ab799) Importer(815301076,1909f56bfc062723c751e8b465ee728b)
Start importing Assets/Textures/Komplex using Guid(cf4de20ea74caa64c920f2732a5ab799) Importer(815301076,1909f56bfc062723c751e8b465ee728b)  -> (artifact id: '2304558dbe811251ba1183670fb6fa30') in 0.006597 seconds 
========================================================================
Received Import Request.
  Time since last request: 31.253218 seconds.
  path: Assets/Textures/MaterialsTruba
  artifactKey: Guid(80195dbdc921a7a4eb36fc9ce26505dd) Importer(815301076,1909f56bfc062723c751e8b465ee728b)
Start importing Assets/Textures/MaterialsTruba using Guid(80195dbdc921a7a4eb36fc9ce26505dd) Importer(815301076,1909f56bfc062723c751e8b465ee728b)  -> (artifact id: '7ee65da2cfaa15fd8dc81c9861ba905a') in 0.008493 seconds 
========================================================================
Received Import Request.
  Time since last request: 10.713088 seconds.
  path: Assets/Textures/Meshes
  artifactKey: Guid(a1098653c2f974a41a65fe3944014f47) Importer(815301076,1909f56bfc062723c751e8b465ee728b)
Start importing Assets/Textures/Meshes using Guid(a1098653c2f974a41a65fe3944014f47) Importer(815301076,1909f56bfc062723c751e8b465ee728b)  -> (artifact id: '27e2415089e07da7e5eb8ed37d0a4893') in 0.006059 seconds 
========================================================================
Received Import Request.
  Time since last request: 3.822406 seconds.
  path: Assets/Textures/Meshes/BlockadeMaterials
  artifactKey: Guid(ef2812cc6905f9249876facd08cc72ea) Importer(815301076,1909f56bfc062723c751e8b465ee728b)
Start importing Assets/Textures/Meshes/BlockadeMaterials using Guid(ef2812cc6905f9249876facd08cc72ea) Importer(815301076,1909f56bfc062723c751e8b465ee728b)  -> (artifact id: '8153d0ccd434024b41e18911f0b1d271') in 0.006569 seconds 
========================================================================
Received Import Request.
  Time since last request: 4.637991 seconds.
  path: Assets/Textures/Meshes/EkskavatorMaterials
  artifactKey: Guid(132cd0e1d8c3f044aa7efbad53d476ed) Importer(815301076,1909f56bfc062723c751e8b465ee728b)
Start importing Assets/Textures/Meshes/EkskavatorMaterials using Guid(132cd0e1d8c3f044aa7efbad53d476ed) Importer(815301076,1909f56bfc062723c751e8b465ee728b)  -> (artifact id: '18949f5fc1c2db4700f8e2520ad8a883') in 0.007085 seconds 
========================================================================
Received Import Request.
  Time since last request: 0.795311 seconds.
  path: Assets/Textures/Meshes/Home
  artifactKey: Guid(f1a1afc82c41cd94a8160446da8d5bbd) Importer(815301076,1909f56bfc062723c751e8b465ee728b)
Start importing Assets/Textures/Meshes/Home using Guid(f1a1afc82c41cd94a8160446da8d5bbd) Importer(815301076,1909f56bfc062723c751e8b465ee728b)  -> (artifact id: 'f4ea7b2f60f6c080dc5c4a713676ad9f') in 0.006567 seconds 
========================================================================
Received Import Request.
  Time since last request: 0.576279 seconds.
  path: Assets/Textures/Meshes/KolbaMaterials
  artifactKey: Guid(e689c6b47ff480445925322f0395166b) Importer(815301076,1909f56bfc062723c751e8b465ee728b)
Start importing Assets/Textures/Meshes/KolbaMaterials using Guid(e689c6b47ff480445925322f0395166b) Importer(815301076,1909f56bfc062723c751e8b465ee728b)  -> (artifact id: '4bcb61cff025e86b1d494bb88be8b390') in 0.005972 seconds 
========================================================================
Received Import Request.
  Time since last request: 0.758403 seconds.
  path: Assets/Textures/Meshes/Monsters
  artifactKey: Guid(681c2645ad7c05746acd826743e0f332) Importer(815301076,1909f56bfc062723c751e8b465ee728b)
Start importing Assets/Textures/Meshes/Monsters using Guid(681c2645ad7c05746acd826743e0f332) Importer(815301076,1909f56bfc062723c751e8b465ee728b)  -> (artifact id: '9cdec9ceedfa3b18e017fa4f9e9b5d96') in 0.002712 seconds 
========================================================================
Received Import Request.
  Time since last request: 0.735373 seconds.
  path: Assets/Textures/Meshes/Musor
  artifactKey: Guid(dd6ed71c3754038448228bbd129459fc) Importer(815301076,1909f56bfc062723c751e8b465ee728b)
Start importing Assets/Textures/Meshes/Musor using Guid(dd6ed71c3754038448228bbd129459fc) Importer(815301076,1909f56bfc062723c751e8b465ee728b)  -> (artifact id: '409d3969e7f95a399b52e0bbd0d2050a') in 0.002993 seconds 
========================================================================
Received Import Request.
  Time since last request: 3.543729 seconds.
  path: Assets/Textures/Meshes/Monsters/MonsterGreenMaterials
  artifactKey: Guid(71b8b254d15a9204fb71f757e95bc002) Importer(815301076,1909f56bfc062723c751e8b465ee728b)
Start importing Assets/Textures/Meshes/Monsters/MonsterGreenMaterials using Guid(71b8b254d15a9204fb71f757e95bc002) Importer(815301076,1909f56bfc062723c751e8b465ee728b)  -> (artifact id: '0c4e060253261c0eedbaab8401e68bcf') in 0.008830 seconds 
========================================================================
Received Import Request.
  Time since last request: 0.725851 seconds.
  path: Assets/Textures/Meshes/Monsters/MonsterGreenMaterials/MonsterGreen.png
  artifactKey: Guid(24f30e45412fbec4796acbf652c74eb4) Importer(815301076,1909f56bfc062723c751e8b465ee728b)
Start importing Assets/Textures/Meshes/Monsters/MonsterGreenMaterials/MonsterGreen.png using Guid(24f30e45412fbec4796acbf652c74eb4) Importer(815301076,1909f56bfc062723c751e8b465ee728b)  -> (artifact id: '3160646825b9301969b6fbce33afccfe') in 0.021725 seconds 
========================================================================
Received Import Request.
  Time since last request: 126.762639 seconds.
  path: Assets/Textures/Monsters
  artifactKey: Guid(111ad354605db9a41b2af22a2ecdda49) Importer(815301076,1909f56bfc062723c751e8b465ee728b)
Start importing Assets/Textures/Monsters using Guid(111ad354605db9a41b2af22a2ecdda49) Importer(815301076,1909f56bfc062723c751e8b465ee728b)  -> (artifact id: 'b6213782ce752e7e29154808c578dd07') in 0.002357 seconds 
========================================================================
Received Import Request.
  Time since last request: 24.495223 seconds.
  path: Assets/Textures/Skybox
  artifactKey: Guid(5f66320457a5b4049884cd332e702eda) Importer(815301076,1909f56bfc062723c751e8b465ee728b)
Start importing Assets/Textures/Skybox using Guid(5f66320457a5b4049884cd332e702eda) Importer(815301076,1909f56bfc062723c751e8b465ee728b)  -> (artifact id: 'c966b2cdb50ac68f06403ce6a79a3885') in 0.006894 seconds 
========================================================================
Received Import Request.
  Time since last request: 72.678178 seconds.
  path: Assets/Textures/MonstersMaterials/MonsterGreenBigMaterial.mat
  artifactKey: Guid(05983f1d8d781314484e80c504628d04) Importer(815301076,1909f56bfc062723c751e8b465ee728b)
Start importing Assets/Textures/MonstersMaterials/MonsterGreenBigMaterial.mat using Guid(05983f1d8d781314484e80c504628d04) Importer(815301076,1909f56bfc062723c751e8b465ee728b)  -> (artifact id: 'ddb3a4876dd34f84803f92f1d6477417') in 0.027520 seconds 
========================================================================
Received Import Request.
  Time since last request: 25.049766 seconds.
  path: Assets/Textures/Meshes/MusorBakMaterials
  artifactKey: Guid(1e6e5af56e54e1a40a9a67346ba199c0) Importer(815301076,1909f56bfc062723c751e8b465ee728b)
Start importing Assets/Textures/Meshes/MusorBakMaterials using Guid(1e6e5af56e54e1a40a9a67346ba199c0) Importer(815301076,1909f56bfc062723c751e8b465ee728b)  -> (artifact id: '703a48597b0e72c108c60c5502d8eeba') in 0.005975 seconds 
========================================================================
Received Import Request.
  Time since last request: 0.611800 seconds.
  path: Assets/Textures/Meshes/PlayerMilitaryMaterials
  artifactKey: Guid(97ec4e5dbe859134796b552084e4269d) Importer(815301076,1909f56bfc062723c751e8b465ee728b)
Start importing Assets/Textures/Meshes/PlayerMilitaryMaterials using Guid(97ec4e5dbe859134796b552084e4269d) Importer(815301076,1909f56bfc062723c751e8b465ee728b)  -> (artifact id: '05d6b6e000b50b59e51c5f1c02b4eae9') in 0.006338 seconds 
========================================================================
Received Import Request.
  Time since last request: 0.568875 seconds.
  path: Assets/Textures/Meshes/RedCarMaterials
  artifactKey: Guid(6298e73303e8493468ff18ea4fba89e4) Importer(815301076,1909f56bfc062723c751e8b465ee728b)
Start importing Assets/Textures/Meshes/RedCarMaterials using Guid(6298e73303e8493468ff18ea4fba89e4) Importer(815301076,1909f56bfc062723c751e8b465ee728b)  -> (artifact id: 'b8f3aa9d2aa69d20e9ad6228ace5018c') in 0.006412 seconds 
========================================================================
Received Import Request.
  Time since last request: 2.389085 seconds.
  path: Assets/Textures/Meshes/TrubaMaterials
  artifactKey: Guid(67a2f570e6dd54543aa8f8ad56d5200e) Importer(815301076,1909f56bfc062723c751e8b465ee728b)
Start importing Assets/Textures/Meshes/TrubaMaterials using Guid(67a2f570e6dd54543aa8f8ad56d5200e) Importer(815301076,1909f56bfc062723c751e8b465ee728b)  -> (artifact id: '32891c3c3d7c8eb99583f9299f0901b0') in 0.007652 seconds 
========================================================================
Received Import Request.
  Time since last request: 4.953772 seconds.
  path: Assets/Textures/Terrain
  artifactKey: Guid(08fea9b02848b1646b05938ea6603d4e) Importer(815301076,1909f56bfc062723c751e8b465ee728b)
Start importing Assets/Textures/Terrain using Guid(08fea9b02848b1646b05938ea6603d4e) Importer(815301076,1909f56bfc062723c751e8b465ee728b)  -> (artifact id: '6774ac3ebb747d17bdcf9429c201a31a') in 0.002962 seconds 
========================================================================
Received Import Request.
  Time since last request: 13.430876 seconds.
  path: Assets/Textures/LevelObjects
  artifactKey: Guid(a1098653c2f974a41a65fe3944014f47) Importer(815301076,1909f56bfc062723c751e8b465ee728b)
Start importing Assets/Textures/LevelObjects using Guid(a1098653c2f974a41a65fe3944014f47) Importer(815301076,1909f56bfc062723c751e8b465ee728b)  -> (artifact id: 'c72982f478759580e8366c832ff27078') in 0.006191 seconds 
========================================================================
Received Import Request.
  Time since last request: 32.760817 seconds.
  path: Assets/Textures/LevelObjectsMatrerials
  artifactKey: Guid(a1098653c2f974a41a65fe3944014f47) Importer(815301076,1909f56bfc062723c751e8b465ee728b)
Start importing Assets/Textures/LevelObjectsMatrerials using Guid(a1098653c2f974a41a65fe3944014f47) Importer(815301076,1909f56bfc062723c751e8b465ee728b)  -> (artifact id: '35f1b50f87b26304906199b3f9920d4a') in 0.002560 seconds 
========================================================================
Received Import Request.
  Time since last request: 1.412666 seconds.
  path: Assets/Textures/GUI
  artifactKey: Guid(43c94098d2c23454b9f8efa4fab6cbfb) Importer(815301076,1909f56bfc062723c751e8b465ee728b)
Start importing Assets/Textures/GUI using Guid(43c94098d2c23454b9f8efa4fab6cbfb) Importer(815301076,1909f56bfc062723c751e8b465ee728b)  -> (artifact id: '6ecd9ef11aaeb7295816664a4a78c7d4') in 0.002693 seconds 
========================================================================
Received Import Request.
  Time since last request: 64.475020 seconds.
  path: Assets/Textures/Terrain/Graz.png
  artifactKey: Guid(da792f79a368af146bcbd8e8a73828d6) Importer(815301076,1909f56bfc062723c751e8b465ee728b)
Start importing Assets/Textures/Terrain/Graz.png using Guid(da792f79a368af146bcbd8e8a73828d6) Importer(815301076,1909f56bfc062723c751e8b465ee728b)  -> (artifact id: 'b7d6b0b4ba3582205964377de2785d52') in 0.016515 seconds 
========================================================================
Received Import Request.
  Time since last request: 0.000037 seconds.
  path: Assets/Textures/Terrain/GreenNMap.png
  artifactKey: Guid(052bde742fef4494c8f2664270c8b2a5) Importer(815301076,1909f56bfc062723c751e8b465ee728b)
Start importing Assets/Textures/Terrain/GreenNMap.png using Guid(052bde742fef4494c8f2664270c8b2a5) Importer(815301076,1909f56bfc062723c751e8b465ee728b)  -> (artifact id: 'b30e98df06f39bfb5de81c7141134222') in 0.019437 seconds 
========================================================================
Received Import Request.
  Time since last request: 19.090988 seconds.
  path: Assets/Textures/Ground
  artifactKey: Guid(e6ac1e66abd773248bf9b1f8311beb30) Importer(815301076,1909f56bfc062723c751e8b465ee728b)
Start importing Assets/Textures/Ground using Guid(e6ac1e66abd773248bf9b1f8311beb30) Importer(815301076,1909f56bfc062723c751e8b465ee728b)  -> (artifact id: '078a88217d920800af5def3e63ce910b') in 0.006384 seconds 
========================================================================
Received Import Request.
  Time since last request: 9.964417 seconds.
  path: Assets/Textures/GUI/GUIWeaponsSells.png
  artifactKey: Guid(98eb1257143f234498d1680603182cf5) Importer(815301076,1909f56bfc062723c751e8b465ee728b)
Start importing Assets/Textures/GUI/GUIWeaponsSells.png using Guid(98eb1257143f234498d1680603182cf5) Importer(815301076,1909f56bfc062723c751e8b465ee728b)  -> (artifact id: 'b38b4bbc9da4fe30a834a1c65340a6ad') in 0.076334 seconds 
========================================================================
Received Import Request.
  Time since last request: 0.000037 seconds.
  path: Assets/Textures/GUI/HudHp.png
  artifactKey: Guid(72e64c8498696a443916c3d392e85f6e) Importer(815301076,1909f56bfc062723c751e8b465ee728b)
Start importing Assets/Textures/GUI/HudHp.png using Guid(72e64c8498696a443916c3d392e85f6e) Importer(815301076,1909f56bfc062723c751e8b465ee728b)  -> (artifact id: '37131543969c83c63b1d147b3a8de9f2') in 0.021572 seconds 
========================================================================
Received Import Request.
  Time since last request: 1.697700 seconds.
  path: Assets/Textures/Ground/GroundOne.png
  artifactKey: Guid(bab29bb9c51c79941ad5754c7912764e) Importer(815301076,1909f56bfc062723c751e8b465ee728b)
Start importing Assets/Textures/Ground/GroundOne.png using Guid(bab29bb9c51c79941ad5754c7912764e) Importer(815301076,1909f56bfc062723c751e8b465ee728b)  -> (artifact id: '0bd7bb114db81a275010ec990fab7a06') in 0.028579 seconds 
========================================================================
Received Import Request.
  Time since last request: 2.250363 seconds.
  path: Assets/Textures/Camera
  artifactKey: Guid(3e49bfe79ff842e43b2276119c460203) Importer(815301076,1909f56bfc062723c751e8b465ee728b)
Start importing Assets/Textures/Camera using Guid(3e49bfe79ff842e43b2276119c460203) Importer(815301076,1909f56bfc062723c751e8b465ee728b)  -> (artifact id: '3eb72ed59974edf3c178b319c95cc836') in 0.006632 seconds 
========================================================================
Received Import Request.
  Time since last request: 42.785826 seconds.
  path: Assets/Textures/Terrain/Layers
  artifactKey: Guid(f83195ae1e595c74c8349645568a666d) Importer(815301076,1909f56bfc062723c751e8b465ee728b)
Start importing Assets/Textures/Terrain/Layers using Guid(f83195ae1e595c74c8349645568a666d) Importer(815301076,1909f56bfc062723c751e8b465ee728b)  -> (artifact id: '375eecf7e217f5abdf796495ac329f75') in 0.006050 seconds 
========================================================================
Received Import Request.
  Time since last request: 0.365885 seconds.
  path: Assets/Textures/Terrain/Layers/DorogaTerrain.terrainlayer
  artifactKey: Guid(75569084ab2cc7c429dc01fe7d908256) Importer(815301076,1909f56bfc062723c751e8b465ee728b)
Start importing Assets/Textures/Terrain/Layers/DorogaTerrain.terrainlayer using Guid(75569084ab2cc7c429dc01fe7d908256) Importer(815301076,1909f56bfc062723c751e8b465ee728b)  -> (artifact id: 'd8627216414fbbfda5e2f14faa58ddda') in 0.022092 seconds 
========================================================================
Received Import Request.
  Time since last request: 0.000029 seconds.
  path: Assets/Textures/Terrain/Layers/GreenTerrain.terrainlayer
  artifactKey: Guid(93aa59f2e39a16b4ea847bd060a3602d) Importer(815301076,1909f56bfc062723c751e8b465ee728b)
Start importing Assets/Textures/Terrain/Layers/GreenTerrain.terrainlayer using Guid(93aa59f2e39a16b4ea847bd060a3602d) Importer(815301076,1909f56bfc062723c751e8b465ee728b)  -> (artifact id: 'e31b7d1ec324ad644044bdec84e8306c') in 0.020713 seconds 
========================================================================
Received Import Request.
  Time since last request: 14.289366 seconds.
  path: Assets/Sounds/Weapons/Wpn_Automat
  artifactKey: Guid(98a17892f7b3f944d924ecf4b9f94fe8) Importer(815301076,1909f56bfc062723c751e8b465ee728b)
Start importing Assets/Sounds/Weapons/Wpn_Automat using Guid(98a17892f7b3f944d924ecf4b9f94fe8) Importer(815301076,1909f56bfc062723c751e8b465ee728b)  -> (artifact id: '20e6ab778f6e90dc7d3df127447a2eb2') in 0.005845 seconds 
========================================================================
Received Import Request.
  Time since last request: 0.722961 seconds.
  path: Assets/Sounds/Weapons/Wpn_Automat/Fire.mp3
  artifactKey: Guid(708d4b423aef28146bcbe3cef6f76045) Importer(815301076,1909f56bfc062723c751e8b465ee728b)
Start importing Assets/Sounds/Weapons/Wpn_Automat/Fire.mp3 using Guid(708d4b423aef28146bcbe3cef6f76045) Importer(815301076,1909f56bfc062723c751e8b465ee728b)  -> (artifact id: '92e04398bfda63b02eb68741b30a8df0') in 0.035940 seconds 
========================================================================
Received Import Request.
  Time since last request: 1.783071 seconds.
  path: Assets/Sounds/Weapons/Wpn_Pistolet
  artifactKey: Guid(03a1cb35a2acb394d9deda50e4633832) Importer(815301076,1909f56bfc062723c751e8b465ee728b)
Start importing Assets/Sounds/Weapons/Wpn_Pistolet using Guid(03a1cb35a2acb394d9deda50e4633832) Importer(815301076,1909f56bfc062723c751e8b465ee728b)  -> (artifact id: 'a0485faa2c72a87767f59bfbfd9ce251') in 0.006150 seconds 
========================================================================
Received Import Request.
  Time since last request: 0.042647 seconds.
  path: Assets/Sounds/Weapons/Wpn_Pistolet/Fire.mp3
  artifactKey: Guid(9aca0699720151a42a28c79673215ef9) Importer(815301076,1909f56bfc062723c751e8b465ee728b)
Start importing Assets/Sounds/Weapons/Wpn_Pistolet/Fire.mp3 using Guid(9aca0699720151a42a28c79673215ef9) Importer(815301076,1909f56bfc062723c751e8b465ee728b)  -> (artifact id: '146e0c588856dadb99c858341ba3a24b') in 0.012563 seconds 
========================================================================
Received Import Request.
  Time since last request: 6.280640 seconds.
  path: Assets/Prefabs/Weapons
  artifactKey: Guid(8ee09dbf14ed83e4ba977045ae30a2ee) Importer(815301076,1909f56bfc062723c751e8b465ee728b)
Start importing Assets/Prefabs/Weapons using Guid(8ee09dbf14ed83e4ba977045ae30a2ee) Importer(815301076,1909f56bfc062723c751e8b465ee728b)  -> (artifact id: 'fab49c1a0813e9c78234a924799215e4') in 0.002309 seconds 
========================================================================
Received Import Request.
  Time since last request: 0.424887 seconds.
  path: Assets/Prefabs/Weapons/Automat.prefab
  artifactKey: Guid(d7782518d803d5340a2c06c3494d50f4) Importer(815301076,1909f56bfc062723c751e8b465ee728b)
Start importing Assets/Prefabs/Weapons/Automat.prefab using Guid(d7782518d803d5340a2c06c3494d50f4) Importer(815301076,1909f56bfc062723c751e8b465ee728b)  -> (artifact id: 'd8c107f192772905bd07ee779933ed97') in 0.031730 seconds 
========================================================================
Received Import Request.
  Time since last request: 0.000034 seconds.
  path: Assets/Prefabs/Weapons/Raketnica.prefab
  artifactKey: Guid(8eb45b03a44da374fa51d241d5be25ce) Importer(815301076,1909f56bfc062723c751e8b465ee728b)
Start importing Assets/Prefabs/Weapons/Raketnica.prefab using Guid(8eb45b03a44da374fa51d241d5be25ce) Importer(815301076,1909f56bfc062723c751e8b465ee728b)  -> (artifact id: 'bf33bf71fca311edfa0ae69a90f0e32e') in 0.024180 seconds 
========================================================================
Received Import Request.
  Time since last request: 0.000034 seconds.
  path: Assets/Prefabs/Weapons/FireRacketnica.ogg
  artifactKey: Guid(1448e5682e4c2cc4ca9405a685a10382) Importer(815301076,1909f56bfc062723c751e8b465ee728b)
Start importing Assets/Prefabs/Weapons/FireRacketnica.ogg using Guid(1448e5682e4c2cc4ca9405a685a10382) Importer(815301076,1909f56bfc062723c751e8b465ee728b)  -> (artifact id: 'd17f635097bd773361a0ca33f02b785c') in 0.019697 seconds 
========================================================================
Received Import Request.
  Time since last request: 26.121670 seconds.
  path: Assets/Prefabs/Weapons/Bullets
  artifactKey: Guid(232f669b958c8c74db241b33aeca3af9) Importer(815301076,1909f56bfc062723c751e8b465ee728b)
Start importing Assets/Prefabs/Weapons/Bullets using Guid(232f669b958c8c74db241b33aeca3af9) Importer(815301076,1909f56bfc062723c751e8b465ee728b)  -> (artifact id: 'ba3e920051b79253675003fe18c70873') in 0.006036 seconds 
========================================================================
Received Import Request.
  Time since last request: 0.068847 seconds.
  path: Assets/Prefabs/Weapons/Bullets/AutomatBullet.prefab
  artifactKey: Guid(c451201d48092424d8e982d85e436da4) Importer(815301076,1909f56bfc062723c751e8b465ee728b)
Start importing Assets/Prefabs/Weapons/Bullets/AutomatBullet.prefab using Guid(c451201d48092424d8e982d85e436da4) Importer(815301076,1909f56bfc062723c751e8b465ee728b)  -> (artifact id: '6c3934d92d28e8ce20a3746533a584aa') in 0.023101 seconds 
========================================================================
Received Import Request.
  Time since last request: 2.881818 seconds.
  path: Assets/Prefabs/Weapons/AmmoShops
  artifactKey: Guid(5b0c81cb700618b49ad04dc411205a75) Importer(815301076,1909f56bfc062723c751e8b465ee728b)
Start importing Assets/Prefabs/Weapons/AmmoShops using Guid(5b0c81cb700618b49ad04dc411205a75) Importer(815301076,1909f56bfc062723c751e8b465ee728b)  -> (artifact id: '9c65dfa105246fff7bbfdca298ea53dc') in 0.005911 seconds 
========================================================================
Received Import Request.
  Time since last request: 0.055045 seconds.
  path: Assets/Prefabs/Weapons/AmmoShops/AutomatAmmo.prefab
  artifactKey: Guid(b5fccd5ed37169346b8da2fe2c34f22b) Importer(815301076,1909f56bfc062723c751e8b465ee728b)
Start importing Assets/Prefabs/Weapons/AmmoShops/AutomatAmmo.prefab using Guid(b5fccd5ed37169346b8da2fe2c34f22b) Importer(815301076,1909f56bfc062723c751e8b465ee728b)  -> (artifact id: 'eeadd337560e9ceafd4892f52f1068bb') in 0.017919 seconds 
========================================================================
Received Import Request.
  Time since last request: 6.797742 seconds.
  path: Assets/Sounds
  artifactKey: Guid(44d4365b86ecea74687138b918ae9795) Importer(815301076,1909f56bfc062723c751e8b465ee728b)
Start importing Assets/Sounds using Guid(44d4365b86ecea74687138b918ae9795) Importer(815301076,1909f56bfc062723c751e8b465ee728b)  -> (artifact id: '2f31058c7e995fcf40ddce639d446849') in 0.006565 seconds 
========================================================================
Received Import Request.
  Time since last request: 8.493750 seconds.
  path: Assets/Sounds/Weapons/Wpn_Pistolet 1
  artifactKey: Guid(6b35ce184335ca442b5ae6508206a784) Importer(815301076,1909f56bfc062723c751e8b465ee728b)
Start importing Assets/Sounds/Weapons/Wpn_Pistolet 1 using Guid(6b35ce184335ca442b5ae6508206a784) Importer(815301076,1909f56bfc062723c751e8b465ee728b)  -> (artifact id: '593a52fc0c8352c5b9795217d0093ec3') in 0.005962 seconds 
========================================================================
Received Import Request.
  Time since last request: 12.557790 seconds.
  path: Assets/Sounds/Weapons/Wpn_Racketnica
  artifactKey: Guid(6b35ce184335ca442b5ae6508206a784) Importer(815301076,1909f56bfc062723c751e8b465ee728b)
Start importing Assets/Sounds/Weapons/Wpn_Racketnica using Guid(6b35ce184335ca442b5ae6508206a784) Importer(815301076,1909f56bfc062723c751e8b465ee728b)  -> (artifact id: 'd462160efbaa166de410dcaec2bb890e') in 0.005663 seconds 
========================================================================
Received Import Request.
  Time since last request: 4.729700 seconds.
  path: Assets/Sounds/Weapons/Wpn_Racketnica/Fire.mp3
  artifactKey: Guid(f0af1110aafd2944d8727346753104e2) Importer(815301076,1909f56bfc062723c751e8b465ee728b)
Start importing Assets/Sounds/Weapons/Wpn_Racketnica/Fire.mp3 using Guid(f0af1110aafd2944d8727346753104e2) Importer(815301076,1909f56bfc062723c751e8b465ee728b)  -> (artifact id: 'a2a0e8ade37ea11bcde54c41001b3c6e') in 0.009480 seconds 
========================================================================
Received Import Request.
  Time since last request: 19.646998 seconds.
  path: Assets/Sounds/Komplex.cs
  artifactKey: Guid(0116117a0d6788e4e9aae2514fa4ba86) Importer(815301076,1909f56bfc062723c751e8b465ee728b)
Start importing Assets/Sounds/Komplex.cs using Guid(0116117a0d6788e4e9aae2514fa4ba86) Importer(815301076,1909f56bfc062723c751e8b465ee728b)  -> (artifact id: '30d25ad55524653bb7f16dad59944714') in 0.007789 seconds 
========================================================================
Received Prepare
Registering precompiled user dll's ...
Registered in 0.004137 seconds.
Begin MonoManager ReloadAssembly
Symbol file LoadedFromMemory doesn't match image B:\GameOfMy\ShoterMap\Library\PackageCache\com.unity.visualscripting@1.7.8\Editor\VisualScripting.Core\Dependencies\YamlDotNet\Unity.VisualScripting.YamlDotNet.dll
Symbol file LoadedFromMemory doesn't match image B:\GameOfMy\ShoterMap\Library\PackageCache\com.unity.visualscripting@1.7.8\Editor\VisualScripting.Core\Dependencies\DotNetZip\Unity.VisualScripting.IonicZip.dll
Native extension for WindowsStandalone target not found
Native extension for Android target not found
Refreshing native plugins compatible for Editor in 2.02 ms, found 3 plugins.
Preloading 0 native plugins for Editor in 0.00 ms.
Mono: successfully reloaded assembly
- Completed reload, in  1.236 seconds
Domain Reload Profiling:
	ReloadAssembly (1237ms)
		BeginReloadAssembly (133ms)
			ExecutionOrderSort (0ms)
			DisableScriptedObjects (5ms)
			BackupInstance (0ms)
			ReleaseScriptingObjects (0ms)
			CreateAndSetChildDomain (50ms)
		EndReloadAssembly (1013ms)
			LoadAssemblies (82ms)
			RebuildTransferFunctionScriptingTraits (0ms)
			SetupTypeCache (314ms)
			ReleaseScriptCaches (3ms)
			RebuildScriptCaches (62ms)
			SetupLoadedEditorAssemblies (496ms)
				LogAssemblyErrors (0ms)
				InitializePlatformSupportModulesInManaged (19ms)
				SetLoadedEditorAssemblies (0ms)
				RefreshPlugins (2ms)
				BeforeProcessingInitializeOnLoad (90ms)
				ProcessInitializeOnLoadAttributes (312ms)
				ProcessInitializeOnLoadMethodAttributes (70ms)
				AfterProcessingInitializeOnLoad (2ms)
				EditorAssembliesLoaded (0ms)
			ExecutionOrderSort2 (0ms)
			AwakeInstancesAfterBackupRestoration (5ms)
Platform modules already initialized, skipping
Refreshing native plugins compatible for Editor in 4.00 ms, found 3 plugins.
Preloading 0 native plugins for Editor in 0.00 ms.
Unloading 5344 Unused Serialized files (Serialized files now loaded: 0)
Unloading 56 unused Assets / (3.1 MB). Loaded Objects now: 5992.
Memory consumption went from 233.7 MB to 230.6 MB.
Total: 8.990700 ms (FindLiveObjects: 1.040700 ms CreateObjectMapping: 0.659700 ms MarkObjects: 6.089300 ms  DeleteObjects: 1.199100 ms)

AssetImportParameters requested are different than current active one (requested -> active):
  custom:video-decoder-ogg-theora: a1e56fd34408186e4bbccfd4996cb3dc -> 
  custom:container-muxer-webm: aa71ff27fc2769a1b78a27578f13a17b -> 
  custom:container-demuxer-webm: 4f35f7cbe854078d1ac9338744f61a02 -> 
  custom:video-encoder-webm-vp8: eb34c28f22e8b96e1ab97ce403110664 -> 
  custom:audio-encoder-webm-vorbis: bf7c407c2cedff20999df2af8eb42d56 -> 
  custom:framework-win-MediaFoundation: 216162199b28c13a410421893ffa2e32 -> 
  custom:container-demuxer-ogg: 62fdf1f143b41e24485cea50d1cbac27 -> 
  custom:video-decoder-webm-vp8: 9c59270c3fd7afecdb556c50c9e8de78 -> 
  custom:audio-decoder-ogg-vorbis: bf7c407c2cedff20999df2af8eb42d56 -> 
========================================================================
Received Prepare
Registering precompiled user dll's ...
Registered in 0.003755 seconds.
Begin MonoManager ReloadAssembly
Symbol file LoadedFromMemory doesn't match image B:\GameOfMy\ShoterMap\Library\PackageCache\com.unity.visualscripting@1.7.8\Editor\VisualScripting.Core\Dependencies\YamlDotNet\Unity.VisualScripting.YamlDotNet.dll
Symbol file LoadedFromMemory doesn't match image B:\GameOfMy\ShoterMap\Library\PackageCache\com.unity.visualscripting@1.7.8\Editor\VisualScripting.Core\Dependencies\DotNetZip\Unity.VisualScripting.IonicZip.dll
Native extension for WindowsStandalone target not found
Native extension for Android target not found
Refreshing native plugins compatible for Editor in 1.21 ms, found 3 plugins.
Preloading 0 native plugins for Editor in 0.00 ms.
Mono: successfully reloaded assembly
- Completed reload, in  1.250 seconds
Domain Reload Profiling:
	ReloadAssembly (1251ms)
		BeginReloadAssembly (137ms)
			ExecutionOrderSort (0ms)
			DisableScriptedObjects (5ms)
			BackupInstance (0ms)
			ReleaseScriptingObjects (0ms)
			CreateAndSetChildDomain (47ms)
		EndReloadAssembly (1017ms)
			LoadAssemblies (87ms)
			RebuildTransferFunctionScriptingTraits (0ms)
			SetupTypeCache (336ms)
			ReleaseScriptCaches (3ms)
			RebuildScriptCaches (60ms)
			SetupLoadedEditorAssemblies (492ms)
				LogAssemblyErrors (0ms)
				InitializePlatformSupportModulesInManaged (23ms)
				SetLoadedEditorAssemblies (0ms)
				RefreshPlugins (1ms)
				BeforeProcessingInitializeOnLoad (88ms)
				ProcessInitializeOnLoadAttributes (302ms)
				ProcessInitializeOnLoadMethodAttributes (75ms)
				AfterProcessingInitializeOnLoad (2ms)
				EditorAssembliesLoaded (0ms)
			ExecutionOrderSort2 (0ms)
			AwakeInstancesAfterBackupRestoration (5ms)
Platform modules already initialized, skipping
Refreshing native plugins compatible for Editor in 4.10 ms, found 3 plugins.
Preloading 0 native plugins for Editor in 0.00 ms.
Unloading 5343 Unused Serialized files (Serialized files now loaded: 0)
Unloading 53 unused Assets / (3.1 MB). Loaded Objects now: 5995.
Memory consumption went from 233.7 MB to 230.6 MB.
Total: 8.882200 ms (FindLiveObjects: 1.020100 ms CreateObjectMapping: 0.623900 ms MarkObjects: 5.876400 ms  DeleteObjects: 1.359200 ms)

AssetImportParameters requested are different than current active one (requested -> active):
  custom:video-decoder-ogg-theora: a1e56fd34408186e4bbccfd4996cb3dc -> 
  custom:container-muxer-webm: aa71ff27fc2769a1b78a27578f13a17b -> 
  custom:container-demuxer-webm: 4f35f7cbe854078d1ac9338744f61a02 -> 
  custom:video-encoder-webm-vp8: eb34c28f22e8b96e1ab97ce403110664 -> 
  custom:audio-encoder-webm-vorbis: bf7c407c2cedff20999df2af8eb42d56 -> 
  custom:framework-win-MediaFoundation: 216162199b28c13a410421893ffa2e32 -> 
  custom:container-demuxer-ogg: 62fdf1f143b41e24485cea50d1cbac27 -> 
  custom:video-decoder-webm-vp8: 9c59270c3fd7afecdb556c50c9e8de78 -> 
  custom:audio-decoder-ogg-vorbis: bf7c407c2cedff20999df2af8eb42d56 -> 
========================================================================
Received Import Request.
  Time since last request: 29.177994 seconds.
  path: Assets/Sounds/Komplex
  artifactKey: Guid(2322dc51b6776ba4b87cd322b1b10665) Importer(815301076,1909f56bfc062723c751e8b465ee728b)
Start importing Assets/Sounds/Komplex using Guid(2322dc51b6776ba4b87cd322b1b10665) Importer(815301076,1909f56bfc062723c751e8b465ee728b)  -> (artifact id: '117e3d920d9bc3f6bc47295362c52704') in 0.010341 seconds 
========================================================================
Received Import Request.
  Time since last request: 16.666281 seconds.
  path: Assets/Sounds/Weapons/Wpn_Pistolet/FirePistolet.mp3
  artifactKey: Guid(9aca0699720151a42a28c79673215ef9) Importer(815301076,1909f56bfc062723c751e8b465ee728b)
Start importing Assets/Sounds/Weapons/Wpn_Pistolet/FirePistolet.mp3 using Guid(9aca0699720151a42a28c79673215ef9) Importer(815301076,1909f56bfc062723c751e8b465ee728b)  -> (artifact id: 'd1a2feebdae419e8db845e3c407789fe') in 0.045243 seconds 
========================================================================
Received Import Request.
  Time since last request: 9.687233 seconds.
  path: Assets/Sounds/Weapons/Wpn_Automat/FireAutomat.mp3
  artifactKey: Guid(708d4b423aef28146bcbe3cef6f76045) Importer(815301076,1909f56bfc062723c751e8b465ee728b)
Start importing Assets/Sounds/Weapons/Wpn_Automat/FireAutomat.mp3 using Guid(708d4b423aef28146bcbe3cef6f76045) Importer(815301076,1909f56bfc062723c751e8b465ee728b)  -> (artifact id: '518e2ab1ae1b3324ac2fb3ae7c0353dc') in 0.015286 seconds 
========================================================================
Received Import Request.
  Time since last request: 23.185331 seconds.
  path: Assets/Scripts
  artifactKey: Guid(1c10e74b936676a488890aa968f7a294) Importer(815301076,1909f56bfc062723c751e8b465ee728b)
Start importing Assets/Scripts using Guid(1c10e74b936676a488890aa968f7a294) Importer(815301076,1909f56bfc062723c751e8b465ee728b)  -> (artifact id: '5ee6e3c314e501ac0303e20fb6dded3d') in 0.006736 seconds 
========================================================================
Received Import Request.
  Time since last request: 0.549516 seconds.
  path: Assets/Scenes
  artifactKey: Guid(6ea315d0fd7389c41b19996891e99ae3) Importer(815301076,1909f56bfc062723c751e8b465ee728b)
Start importing Assets/Scenes using Guid(6ea315d0fd7389c41b19996891e99ae3) Importer(815301076,1909f56bfc062723c751e8b465ee728b)  -> (artifact id: 'b8193726cff86800c54781cdc6d54904') in 0.006864 seconds 
========================================================================
Received Import Request.
  Time since last request: 4.038317 seconds.
  path: Assets/Lights
  artifactKey: Guid(f0d9b18f02f6da0429e1d070bc3fcc69) Importer(815301076,1909f56bfc062723c751e8b465ee728b)
Start importing Assets/Lights using Guid(f0d9b18f02f6da0429e1d070bc3fcc69) Importer(815301076,1909f56bfc062723c751e8b465ee728b)  -> (artifact id: '0df7b00a6353629e0e9283f8c42962cd') in 0.006820 seconds 
========================================================================
Received Import Request.
  Time since last request: 1.999607 seconds.
  path: Assets/Meshes
  artifactKey: Guid(60db8aa0d3e43174c804f2933ca27e0c) Importer(815301076,1909f56bfc062723c751e8b465ee728b)
Start importing Assets/Meshes using Guid(60db8aa0d3e43174c804f2933ca27e0c) Importer(815301076,1909f56bfc062723c751e8b465ee728b)  -> (artifact id: '5dd22b70d336f8404563b6b589026636') in 0.002329 seconds 
========================================================================
Received Import Request.
  Time since last request: 35.080185 seconds.
  path: Assets/Meshes/LevelObjects
  artifactKey: Guid(ee306a7d3d313f34fbd067857e725004) Importer(815301076,1909f56bfc062723c751e8b465ee728b)
Start importing Assets/Meshes/LevelObjects using Guid(ee306a7d3d313f34fbd067857e725004) Importer(815301076,1909f56bfc062723c751e8b465ee728b)  -> (artifact id: 'fdd2762f36d1a0f2cdb11fcb71c20638') in 0.006221 seconds 
========================================================================
Received Import Request.
  Time since last request: 17.702842 seconds.
  path: Assets/Meshes/Weapons
  artifactKey: Guid(f5ef3e0b9a4335c429f880f498c987d6) Importer(815301076,1909f56bfc062723c751e8b465ee728b)
Start importing Assets/Meshes/Weapons using Guid(f5ef3e0b9a4335c429f880f498c987d6) Importer(815301076,1909f56bfc062723c751e8b465ee728b)  -> (artifact id: '982fe506ae322be08e4f49586b1b8c0a') in 0.002335 seconds 
========================================================================
Received Import Request.
  Time since last request: 10.216173 seconds.
  path: Assets/Meshes/Weapons/Ammo
  artifactKey: Guid(1992eef367586ea4d8804fe930b0bff0) Importer(815301076,1909f56bfc062723c751e8b465ee728b)
Start importing Assets/Meshes/Weapons/Ammo using Guid(1992eef367586ea4d8804fe930b0bff0) Importer(815301076,1909f56bfc062723c751e8b465ee728b)  -> (artifact id: '1de58fc40e9848197a92b8a03c7616af') in 0.005816 seconds 
========================================================================
Received Import Request.
  Time since last request: 36.013181 seconds.
  path: Assets/Meshes/Weapons/Wpn
  artifactKey: Guid(0aa4e4b2705bff84e848c9f8eb6a5cc8) Importer(815301076,1909f56bfc062723c751e8b465ee728b)
Start importing Assets/Meshes/Weapons/Wpn using Guid(0aa4e4b2705bff84e848c9f8eb6a5cc8) Importer(815301076,1909f56bfc062723c751e8b465ee728b)  -> (artifact id: '9373f53a7c91c38d9b198d3808bd61c2') in 0.007152 seconds 
========================================================================
Received Import Request.
  Time since last request: 23.755842 seconds.
  path: Assets/Meshes/Weapons/=.cs
  artifactKey: Guid(cfe64f50a03697049ab7253aeb226b8c) Importer(815301076,1909f56bfc062723c751e8b465ee728b)
Start importing Assets/Meshes/Weapons/=.cs using Guid(cfe64f50a03697049ab7253aeb226b8c) Importer(815301076,1909f56bfc062723c751e8b465ee728b)  -> (artifact id: '0bb0442a4b1a37077378d73c3867d68f') in 0.005732 seconds 
========================================================================
Received Prepare
Registering precompiled user dll's ...
Registered in 0.003697 seconds.
Begin MonoManager ReloadAssembly
Symbol file LoadedFromMemory doesn't match image B:\GameOfMy\ShoterMap\Library\PackageCache\com.unity.visualscripting@1.7.8\Editor\VisualScripting.Core\Dependencies\YamlDotNet\Unity.VisualScripting.YamlDotNet.dll
Symbol file LoadedFromMemory doesn't match image B:\GameOfMy\ShoterMap\Library\PackageCache\com.unity.visualscripting@1.7.8\Editor\VisualScripting.Core\Dependencies\DotNetZip\Unity.VisualScripting.IonicZip.dll
Native extension for WindowsStandalone target not found
Native extension for Android target not found
Refreshing native plugins compatible for Editor in 1.29 ms, found 3 plugins.
Preloading 0 native plugins for Editor in 0.00 ms.
Mono: successfully reloaded assembly
- Completed reload, in  1.215 seconds
Domain Reload Profiling:
	ReloadAssembly (1215ms)
		BeginReloadAssembly (140ms)
			ExecutionOrderSort (0ms)
			DisableScriptedObjects (5ms)
			BackupInstance (0ms)
			ReleaseScriptingObjects (0ms)
			CreateAndSetChildDomain (52ms)
		EndReloadAssembly (975ms)
			LoadAssemblies (88ms)
			RebuildTransferFunctionScriptingTraits (0ms)
			SetupTypeCache (316ms)
			ReleaseScriptCaches (2ms)
			RebuildScriptCaches (57ms)
			SetupLoadedEditorAssemblies (471ms)
				LogAssemblyErrors (0ms)
				InitializePlatformSupportModulesInManaged (24ms)
				SetLoadedEditorAssemblies (0ms)
				RefreshPlugins (1ms)
				BeforeProcessingInitializeOnLoad (87ms)
				ProcessInitializeOnLoadAttributes (288ms)
				ProcessInitializeOnLoadMethodAttributes (68ms)
				AfterProcessingInitializeOnLoad (2ms)
				EditorAssembliesLoaded (0ms)
			ExecutionOrderSort2 (0ms)
			AwakeInstancesAfterBackupRestoration (5ms)
Platform modules already initialized, skipping
Refreshing native plugins compatible for Editor in 3.48 ms, found 3 plugins.
Preloading 0 native plugins for Editor in 0.00 ms.
Unloading 5343 Unused Serialized files (Serialized files now loaded: 0)
Unloading 52 unused Assets / (3.1 MB). Loaded Objects now: 5999.
Memory consumption went from 233.8 MB to 230.7 MB.
Total: 9.689900 ms (FindLiveObjects: 1.962500 ms CreateObjectMapping: 0.651900 ms MarkObjects: 5.677200 ms  DeleteObjects: 1.395300 ms)

AssetImportParameters requested are different than current active one (requested -> active):
  custom:video-decoder-ogg-theora: a1e56fd34408186e4bbccfd4996cb3dc -> 
  custom:container-muxer-webm: aa71ff27fc2769a1b78a27578f13a17b -> 
  custom:container-demuxer-webm: 4f35f7cbe854078d1ac9338744f61a02 -> 
  custom:video-encoder-webm-vp8: eb34c28f22e8b96e1ab97ce403110664 -> 
  custom:audio-encoder-webm-vorbis: bf7c407c2cedff20999df2af8eb42d56 -> 
  custom:framework-win-MediaFoundation: 216162199b28c13a410421893ffa2e32 -> 
  custom:container-demuxer-ogg: 62fdf1f143b41e24485cea50d1cbac27 -> 
  custom:video-decoder-webm-vp8: 9c59270c3fd7afecdb556c50c9e8de78 -> 
  custom:audio-decoder-ogg-vorbis: bf7c407c2cedff20999df2af8eb42d56 -> 
========================================================================
Received Import Request.
  Time since last request: 17.354709 seconds.
  path: Assets/Meshes/Weapons/AmmoShop
  artifactKey: Guid(62428eb21d5871640a1525c9de170b88) Importer(815301076,1909f56bfc062723c751e8b465ee728b)
Start importing Assets/Meshes/Weapons/AmmoShop using Guid(62428eb21d5871640a1525c9de170b88) Importer(815301076,1909f56bfc062723c751e8b465ee728b)  -> (artifact id: 'fe2be69fb35031b98c2b38f10acf7534') in 0.014379 seconds 
========================================================================
Received Import Request.
  Time since last request: 4.621362 seconds.
  path: Assets/Meshes/Weapons/AmmoShops
  artifactKey: Guid(62428eb21d5871640a1525c9de170b88) Importer(815301076,1909f56bfc062723c751e8b465ee728b)
Start importing Assets/Meshes/Weapons/AmmoShops using Guid(62428eb21d5871640a1525c9de170b88) Importer(815301076,1909f56bfc062723c751e8b465ee728b)  -> (artifact id: '831c773e4ffcca426a2d9da92f684e1b') in 0.002747 seconds 
========================================================================
Received Import Request.
  Time since last request: 7.115347 seconds.
  path: Assets/Meshes/Monsters/BigGreenMonsterIdle.fbx
  artifactKey: Guid(92078131cc0fa5f429465ab8ed6728a6) Importer(815301076,1909f56bfc062723c751e8b465ee728b)
Start importing Assets/Meshes/Monsters/BigGreenMonsterIdle.fbx using Guid(92078131cc0fa5f429465ab8ed6728a6) Importer(815301076,1909f56bfc062723c751e8b465ee728b)  -> (artifact id: '0ddde6b4fcdf3cd147b2635ff88718fd') in 0.097030 seconds 
========================================================================
Received Import Request.
  Time since last request: 47.489715 seconds.
  path: Assets/Prefabs/Monsters/BigGreenMonster.prefab
  artifactKey: Guid(a07a87849170ea2409eea4092dcc9a67) Importer(815301076,1909f56bfc062723c751e8b465ee728b)
Start importing Assets/Prefabs/Monsters/BigGreenMonster.prefab using Guid(a07a87849170ea2409eea4092dcc9a67) Importer(815301076,1909f56bfc062723c751e8b465ee728b)  -> (artifact id: 'e5180aee54bed40d6cd837f4806945e3') in 0.042086 seconds 
========================================================================
Received Import Request.
  Time since last request: 6.916193 seconds.
  path: Assets/Prefabs/Players/PlayerMilitary.prefab
  artifactKey: Guid(23a20731d6a0e9c41afb6783e936b74c) Importer(815301076,1909f56bfc062723c751e8b465ee728b)
Start importing Assets/Prefabs/Players/PlayerMilitary.prefab using Guid(23a20731d6a0e9c41afb6783e936b74c) Importer(815301076,1909f56bfc062723c751e8b465ee728b)  -> (artifact id: '35047c0c99df9c54f5e84605fef60739') in 0.092684 seconds 
========================================================================
Received Import Request.
  Time since last request: 52.310007 seconds.
  path: Assets/Meshes/Monsters/MonsterGreen.fbx
  artifactKey: Guid(94fbc23ebefb180458b182e451bd4ba3) Importer(815301076,1909f56bfc062723c751e8b465ee728b)
Start importing Assets/Meshes/Monsters/MonsterGreen.fbx using Guid(94fbc23ebefb180458b182e451bd4ba3) Importer(815301076,1909f56bfc062723c751e8b465ee728b)  -> (artifact id: '4e1cbc6d9ea01188e7fef9f402596b08') in 0.049501 seconds 
========================================================================
Received Import Request.
  Time since last request: 20.495297 seconds.
  path: Assets/Scripts/Monsters/Boss/FireBoss.mp3
  artifactKey: Guid(bfc4f157a7e3acd4d9838bdf66c6420b) Importer(815301076,1909f56bfc062723c751e8b465ee728b)
Start importing Assets/Scripts/Monsters/Boss/FireBoss.mp3 using Guid(bfc4f157a7e3acd4d9838bdf66c6420b) Importer(815301076,1909f56bfc062723c751e8b465ee728b)  -> (artifact id: '41ec9f797bf163edbe0312b1578ed2ae') in 0.015705 seconds 
========================================================================
Received Import Request.
  Time since last request: 11.348782 seconds.
  path: Assets/Prefabs/Monsters/MonsterGreen.prefab
  artifactKey: Guid(8f515bd0c48ef4b4388c9bbbc5e6e387) Importer(815301076,1909f56bfc062723c751e8b465ee728b)
Start importing Assets/Prefabs/Monsters/MonsterGreen.prefab using Guid(8f515bd0c48ef4b4388c9bbbc5e6e387) Importer(815301076,1909f56bfc062723c751e8b465ee728b)  -> (artifact id: '9aee3f9f434d136009a5d2ec2d514ecb') in 0.016809 seconds 
