Using pre-set license
Built from '2021.3/staging' branch; Version is '2021.3.7f1 (24e8595d6d43) revision 2418777'; Using compiler version '192829333'; Build Type 'Release'
OS: 'Windows 10  (10.0.19045) 64bit ProfessionalEducation' Language: 'ru' Physical Memory: 15748 MB
BatchMode: 1, IsHumanControllingUs: 0, StartBugReporterOnCrash: 0, Is64bit: 1, IsPro: 1

COMMAND LINE ARGUMENTS:
B:\UnityEngine\2021.3.7f1\Editor\Unity.exe
-adb2
-batchMode
-noUpm
-name
AssetImportWorker0
-projectPath
B:/GameOfMy/BrawlMap
-logFile
Logs/AssetImportWorker0.log
-srvPort
57028
Successfully changed project path to: B:/GameOfMy/BrawlMap
B:/GameOfMy/BrawlMap
[UnityMemory] Configuration Parameters - Can be set up in boot.config
    "memorysetup-bucket-allocator-granularity=16"
    "memorysetup-bucket-allocator-bucket-count=8"
    "memorysetup-bucket-allocator-block-size=33554432"
    "memorysetup-bucket-allocator-block-count=8"
    "memorysetup-main-allocator-block-size=16777216"
    "memorysetup-thread-allocator-block-size=16777216"
    "memorysetup-gfx-main-allocator-block-size=16777216"
    "memorysetup-gfx-thread-allocator-block-size=16777216"
    "memorysetup-cache-allocator-block-size=4194304"
    "memorysetup-typetree-allocator-block-size=2097152"
    "memorysetup-profiler-bucket-allocator-granularity=16"
    "memorysetup-profiler-bucket-allocator-bucket-count=8"
    "memorysetup-profiler-bucket-allocator-block-size=33554432"
    "memorysetup-profiler-bucket-allocator-block-count=8"
    "memorysetup-profiler-allocator-block-size=16777216"
    "memorysetup-profiler-editor-allocator-block-size=1048576"
    "memorysetup-temp-allocator-size-main=16777216"
    "memorysetup-job-temp-allocator-block-size=2097152"
    "memorysetup-job-temp-allocator-block-size-background=1048576"
    "memorysetup-job-temp-allocator-reduction-small-platforms=262144"
    "memorysetup-temp-allocator-size-background-worker=32768"
    "memorysetup-temp-allocator-size-job-worker=262144"
    "memorysetup-temp-allocator-size-preload-manager=33554432"
    "memorysetup-temp-allocator-size-nav-mesh-worker=65536"
    "memorysetup-temp-allocator-size-audio-worker=65536"
    "memorysetup-temp-allocator-size-cloud-worker=32768"
    "memorysetup-temp-allocator-size-gi-baking-worker=262144"
    "memorysetup-temp-allocator-size-gfx=262144"
Refreshing native plugins compatible for Editor in 107.35 ms, found 3 plugins.
Preloading 0 native plugins for Editor in 0.00 ms.
Initialize engine version: 2021.3.7f1 (24e8595d6d43)
[Subsystems] Discovering subsystems at path B:/UnityEngine/2021.3.7f1/Editor/Data/Resources/UnitySubsystems
[Subsystems] Discovering subsystems at path B:/GameOfMy/BrawlMap/Assets
GfxDevice: creating device client; threaded=0; jobified=0
Direct3D:
    Version:  Direct3D 11.0 [level 11.1]
    Renderer: NVIDIA GeForce GTX 1650 (ID=0x1f82)
    Vendor:   NVIDIA
    VRAM:     3962 MB
    Driver:   31.0.15.1694
Initialize mono
Mono path[0] = 'B:/UnityEngine/2021.3.7f1/Editor/Data/Managed'
Mono path[1] = 'B:/UnityEngine/2021.3.7f1/Editor/Data/MonoBleedingEdge/lib/mono/unityjit-win32'
Mono config path = 'B:/UnityEngine/2021.3.7f1/Editor/Data/MonoBleedingEdge/etc'
Using monoOptions --debugger-agent=transport=dt_socket,embedding=1,server=y,suspend=n,address=127.0.0.1:56636
Begin MonoManager ReloadAssembly
Registering precompiled unity dll's ...
Register platform support module: B:/UnityEngine/2021.3.7f1/Editor/Data/PlaybackEngines/AndroidPlayer/UnityEditor.Android.Extensions.dll
Register platform support module: B:/UnityEngine/2021.3.7f1/Editor/Data/PlaybackEngines/WindowsStandaloneSupport/UnityEditor.WindowsStandalone.Extensions.dll
Registered in 0.002664 seconds.
Native extension for WindowsStandalone target not found
Native extension for Android target not found
Refreshing native plugins compatible for Editor in 114.26 ms, found 3 plugins.
Preloading 0 native plugins for Editor in 0.00 ms.
Mono: successfully reloaded assembly
- Completed reload, in  0.658 seconds
Domain Reload Profiling:
	ReloadAssembly (658ms)
		BeginReloadAssembly (67ms)
			ExecutionOrderSort (0ms)
			DisableScriptedObjects (0ms)
			BackupInstance (0ms)
			ReleaseScriptingObjects (0ms)
			CreateAndSetChildDomain (1ms)
		EndReloadAssembly (495ms)
			LoadAssemblies (66ms)
			RebuildTransferFunctionScriptingTraits (0ms)
			SetupTypeCache (108ms)
			ReleaseScriptCaches (0ms)
			RebuildScriptCaches (29ms)
			SetupLoadedEditorAssemblies (311ms)
				LogAssemblyErrors (0ms)
				InitializePlatformSupportModulesInManaged (54ms)
				SetLoadedEditorAssemblies (0ms)
				RefreshPlugins (114ms)
				BeforeProcessingInitializeOnLoad (1ms)
				ProcessInitializeOnLoadAttributes (98ms)
				ProcessInitializeOnLoadMethodAttributes (44ms)
				AfterProcessingInitializeOnLoad (0ms)
				EditorAssembliesLoaded (0ms)
			ExecutionOrderSort2 (0ms)
			AwakeInstancesAfterBackupRestoration (0ms)
Platform modules already initialized, skipping
Registering precompiled user dll's ...
Registered in 0.004536 seconds.
Begin MonoManager ReloadAssembly
Symbol file LoadedFromMemory doesn't match image B:\GameOfMy\BrawlMap\Library\PackageCache\com.unity.visualscripting@1.7.8\Editor\VisualScripting.Core\Dependencies\YamlDotNet\Unity.VisualScripting.YamlDotNet.dll
Symbol file LoadedFromMemory doesn't match image B:\GameOfMy\BrawlMap\Library\PackageCache\com.unity.visualscripting@1.7.8\Editor\VisualScripting.Core\Dependencies\DotNetZip\Unity.VisualScripting.IonicZip.dll
Native extension for WindowsStandalone target not found
Native extension for Android target not found
Refreshing native plugins compatible for Editor in 115.32 ms, found 3 plugins.
Preloading 0 native plugins for Editor in 0.00 ms.
Mono: successfully reloaded assembly
- Completed reload, in  1.536 seconds
Domain Reload Profiling:
	ReloadAssembly (1537ms)
		BeginReloadAssembly (220ms)
			ExecutionOrderSort (0ms)
			DisableScriptedObjects (6ms)
			BackupInstance (0ms)
			ReleaseScriptingObjects (0ms)
			CreateAndSetChildDomain (133ms)
		EndReloadAssembly (1207ms)
			LoadAssemblies (81ms)
			RebuildTransferFunctionScriptingTraits (0ms)
			SetupTypeCache (305ms)
			ReleaseScriptCaches (1ms)
			RebuildScriptCaches (77ms)
			SetupLoadedEditorAssemblies (695ms)
				LogAssemblyErrors (0ms)
				InitializePlatformSupportModulesInManaged (12ms)
				SetLoadedEditorAssemblies (0ms)
				RefreshPlugins (115ms)
				BeforeProcessingInitializeOnLoad (118ms)
				ProcessInitializeOnLoadAttributes (366ms)
				ProcessInitializeOnLoadMethodAttributes (81ms)
				AfterProcessingInitializeOnLoad (3ms)
				EditorAssembliesLoaded (0ms)
			ExecutionOrderSort2 (0ms)
			AwakeInstancesAfterBackupRestoration (5ms)
Platform modules already initialized, skipping
========================================================================
Worker process is ready to serve import requests
Launched and connected shader compiler UnityShaderCompiler.exe after 0.05 seconds
Refreshing native plugins compatible for Editor in 2.79 ms, found 3 plugins.
Preloading 0 native plugins for Editor in 0.00 ms.
Unloading 5452 Unused Serialized files (Serialized files now loaded: 0)
Unloading 69 unused Assets / (3.1 MB). Loaded Objects now: 5911.
Memory consumption went from 218.1 MB to 215.0 MB.
Total: 11.250200 ms (FindLiveObjects: 1.526600 ms CreateObjectMapping: 1.104000 ms MarkObjects: 6.581800 ms  DeleteObjects: 2.035200 ms)

AssetImportParameters requested are different than current active one (requested -> active):
  custom:video-decoder-ogg-theora: a1e56fd34408186e4bbccfd4996cb3dc -> 
  custom:container-muxer-webm: aa71ff27fc2769a1b78a27578f13a17b -> 
  custom:container-demuxer-webm: 4f35f7cbe854078d1ac9338744f61a02 -> 
  custom:video-encoder-webm-vp8: eb34c28f22e8b96e1ab97ce403110664 -> 
  custom:audio-encoder-webm-vorbis: bf7c407c2cedff20999df2af8eb42d56 -> 
  custom:framework-win-MediaFoundation: 216162199b28c13a410421893ffa2e32 -> 
  custom:container-demuxer-ogg: 62fdf1f143b41e24485cea50d1cbac27 -> 
  custom:video-decoder-webm-vp8: 9c59270c3fd7afecdb556c50c9e8de78 -> 
  custom:audio-decoder-ogg-vorbis: bf7c407c2cedff20999df2af8eb42d56 -> 
========================================================================
Received Import Request.
  Time since last request: 217984.630305 seconds.
  path: Assets/Scripts/NewScripts/IDoors.cs
  artifactKey: Guid(1ad7bbbd091189c4c84f676d6e77f468) Importer(815301076,1909f56bfc062723c751e8b465ee728b)
Start importing Assets/Scripts/NewScripts/IDoors.cs using Guid(1ad7bbbd091189c4c84f676d6e77f468) Importer(815301076,1909f56bfc062723c751e8b465ee728b)  -> (artifact id: 'e4199c2282f6debc715da57ac86bc04d') in 0.092516 seconds 
========================================================================
Received Import Request.
  Time since last request: 20.747143 seconds.
  path: Assets/Scripts/NewScripts/IDoors.cs
  artifactKey: Guid(1ad7bbbd091189c4c84f676d6e77f468) Importer(815301076,1909f56bfc062723c751e8b465ee728b)
Start importing Assets/Scripts/NewScripts/IDoors.cs using Guid(1ad7bbbd091189c4c84f676d6e77f468) Importer(815301076,1909f56bfc062723c751e8b465ee728b)  -> (artifact id: '9e9ba2a2644578c12173f61750c327c9') in 0.015709 seconds 
========================================================================
Received Import Request.
  Time since last request: 25.181662 seconds.
  path: Assets/Scripts/NewScripts/IDoors.cs
  artifactKey: Guid(1ad7bbbd091189c4c84f676d6e77f468) Importer(815301076,1909f56bfc062723c751e8b465ee728b)
Start importing Assets/Scripts/NewScripts/IDoors.cs using Guid(1ad7bbbd091189c4c84f676d6e77f468) Importer(815301076,1909f56bfc062723c751e8b465ee728b)  -> (artifact id: 'd333cb83805d0c894db8ed9ea53c0b86') in 0.002141 seconds 
========================================================================
Received Import Request.
  Time since last request: 41.019662 seconds.
  path: Assets/Scripts/NewScripts/IDoors.cs
  artifactKey: Guid(1ad7bbbd091189c4c84f676d6e77f468) Importer(815301076,1909f56bfc062723c751e8b465ee728b)
Start importing Assets/Scripts/NewScripts/IDoors.cs using Guid(1ad7bbbd091189c4c84f676d6e77f468) Importer(815301076,1909f56bfc062723c751e8b465ee728b)  -> (artifact id: '6abf1437d44d920988835e90487b1630') in 0.002032 seconds 
========================================================================
Received Import Request.
  Time since last request: 8.240358 seconds.
  path: Assets/Scripts/NewScripts/IDoors.cs
  artifactKey: Guid(1ad7bbbd091189c4c84f676d6e77f468) Importer(815301076,1909f56bfc062723c751e8b465ee728b)
Start importing Assets/Scripts/NewScripts/IDoors.cs using Guid(1ad7bbbd091189c4c84f676d6e77f468) Importer(815301076,1909f56bfc062723c751e8b465ee728b)  -> (artifact id: '20b3b362d73a9e973bd7c32e7b32bc3b') in 0.002563 seconds 
========================================================================
Received Prepare
Registering precompiled user dll's ...
Registered in 0.004809 seconds.
Begin MonoManager ReloadAssembly
Symbol file LoadedFromMemory doesn't match image B:\GameOfMy\BrawlMap\Library\PackageCache\com.unity.visualscripting@1.7.8\Editor\VisualScripting.Core\Dependencies\YamlDotNet\Unity.VisualScripting.YamlDotNet.dll
Symbol file LoadedFromMemory doesn't match image B:\GameOfMy\BrawlMap\Library\PackageCache\com.unity.visualscripting@1.7.8\Editor\VisualScripting.Core\Dependencies\DotNetZip\Unity.VisualScripting.IonicZip.dll
Native extension for WindowsStandalone target not found
Native extension for Android target not found
Refreshing native plugins compatible for Editor in 1.70 ms, found 3 plugins.
Preloading 0 native plugins for Editor in 0.00 ms.
Mono: successfully reloaded assembly
- Completed reload, in  1.205 seconds
Domain Reload Profiling:
	ReloadAssembly (1206ms)
		BeginReloadAssembly (140ms)
			ExecutionOrderSort (0ms)
			DisableScriptedObjects (7ms)
			BackupInstance (0ms)
			ReleaseScriptingObjects (0ms)
			CreateAndSetChildDomain (52ms)
		EndReloadAssembly (979ms)
			LoadAssemblies (80ms)
			RebuildTransferFunctionScriptingTraits (0ms)
			SetupTypeCache (339ms)
			ReleaseScriptCaches (2ms)
			RebuildScriptCaches (56ms)
			SetupLoadedEditorAssemblies (456ms)
				LogAssemblyErrors (0ms)
				InitializePlatformSupportModulesInManaged (18ms)
				SetLoadedEditorAssemblies (0ms)
				RefreshPlugins (2ms)
				BeforeProcessingInitializeOnLoad (79ms)
				ProcessInitializeOnLoadAttributes (288ms)
				ProcessInitializeOnLoadMethodAttributes (65ms)
				AfterProcessingInitializeOnLoad (3ms)
				EditorAssembliesLoaded (0ms)
			ExecutionOrderSort2 (0ms)
			AwakeInstancesAfterBackupRestoration (5ms)
Platform modules already initialized, skipping
Refreshing native plugins compatible for Editor in 6.63 ms, found 3 plugins.
Preloading 0 native plugins for Editor in 0.00 ms.
Unloading 5340 Unused Serialized files (Serialized files now loaded: 0)
Unloading 52 unused Assets / (3.1 MB). Loaded Objects now: 5915.
Memory consumption went from 208.2 MB to 205.1 MB.
Total: 10.468100 ms (FindLiveObjects: 1.312800 ms CreateObjectMapping: 0.676900 ms MarkObjects: 6.673300 ms  DeleteObjects: 1.802600 ms)

AssetImportParameters requested are different than current active one (requested -> active):
  custom:video-decoder-ogg-theora: a1e56fd34408186e4bbccfd4996cb3dc -> 
  custom:container-muxer-webm: aa71ff27fc2769a1b78a27578f13a17b -> 
  custom:container-demuxer-webm: 4f35f7cbe854078d1ac9338744f61a02 -> 
  custom:video-encoder-webm-vp8: eb34c28f22e8b96e1ab97ce403110664 -> 
  custom:audio-encoder-webm-vorbis: bf7c407c2cedff20999df2af8eb42d56 -> 
  custom:framework-win-MediaFoundation: 216162199b28c13a410421893ffa2e32 -> 
  custom:container-demuxer-ogg: 62fdf1f143b41e24485cea50d1cbac27 -> 
  custom:video-decoder-webm-vp8: 9c59270c3fd7afecdb556c50c9e8de78 -> 
  custom:audio-decoder-ogg-vorbis: bf7c407c2cedff20999df2af8eb42d56 -> 
========================================================================
Received Import Request.
  Time since last request: 49.944133 seconds.
  path: Assets/Scripts/NewScripts/DoorOpenKey.cs
  artifactKey: Guid(efa8b0e727865aa4bb701c647c2069e4) Importer(815301076,1909f56bfc062723c751e8b465ee728b)
Start importing Assets/Scripts/NewScripts/DoorOpenKey.cs using Guid(efa8b0e727865aa4bb701c647c2069e4) Importer(815301076,1909f56bfc062723c751e8b465ee728b)  -> (artifact id: 'a2057a50c742809da8e0003c2782ae0b') in 0.015624 seconds 
========================================================================
Received Import Request.
  Time since last request: 30.578804 seconds.
  path: Assets/Scripts/NewScripts/DoorOpenKey.cs
  artifactKey: Guid(efa8b0e727865aa4bb701c647c2069e4) Importer(815301076,1909f56bfc062723c751e8b465ee728b)
Start importing Assets/Scripts/NewScripts/DoorOpenKey.cs using Guid(efa8b0e727865aa4bb701c647c2069e4) Importer(815301076,1909f56bfc062723c751e8b465ee728b)  -> (artifact id: '4cbb5ab1446cf6e05366fd3b2a711c28') in 0.002540 seconds 
========================================================================
Received Import Request.
  Time since last request: 12.759808 seconds.
  path: Assets/Scripts/NewScripts/DoorOpenKey.cs
  artifactKey: Guid(efa8b0e727865aa4bb701c647c2069e4) Importer(815301076,1909f56bfc062723c751e8b465ee728b)
Start importing Assets/Scripts/NewScripts/DoorOpenKey.cs using Guid(efa8b0e727865aa4bb701c647c2069e4) Importer(815301076,1909f56bfc062723c751e8b465ee728b)  -> (artifact id: '121f27732e0d4e3bf276b8dfc4eb3586') in 0.002317 seconds 
========================================================================
Received Import Request.
  Time since last request: 12.177330 seconds.
  path: Assets/Scripts/NewScripts/DoorOpenKey.cs
  artifactKey: Guid(efa8b0e727865aa4bb701c647c2069e4) Importer(815301076,1909f56bfc062723c751e8b465ee728b)
Start importing Assets/Scripts/NewScripts/DoorOpenKey.cs using Guid(efa8b0e727865aa4bb701c647c2069e4) Importer(815301076,1909f56bfc062723c751e8b465ee728b)  -> (artifact id: '5900cd2a4bf24bdd30508d5eb8e718d1') in 0.002479 seconds 
========================================================================
Received Import Request.
  Time since last request: 13.360954 seconds.
  path: Assets/Scripts/NewScripts/DoorOpenKey.cs
  artifactKey: Guid(efa8b0e727865aa4bb701c647c2069e4) Importer(815301076,1909f56bfc062723c751e8b465ee728b)
Start importing Assets/Scripts/NewScripts/DoorOpenKey.cs using Guid(efa8b0e727865aa4bb701c647c2069e4) Importer(815301076,1909f56bfc062723c751e8b465ee728b)  -> (artifact id: '73286602b8bf2505911501094412551d') in 0.002159 seconds 
========================================================================
Received Import Request.
  Time since last request: 10.451260 seconds.
  path: Assets/Scripts/NewScripts/DoorOpenKey.cs
  artifactKey: Guid(efa8b0e727865aa4bb701c647c2069e4) Importer(815301076,1909f56bfc062723c751e8b465ee728b)
Start importing Assets/Scripts/NewScripts/DoorOpenKey.cs using Guid(efa8b0e727865aa4bb701c647c2069e4) Importer(815301076,1909f56bfc062723c751e8b465ee728b)  -> (artifact id: '69447ed75ac2cc350905e82d4da11731') in 0.002631 seconds 
========================================================================
Received Import Request.
  Time since last request: 51.705844 seconds.
  path: Assets/Scripts/NewScripts/DoorOpenKey.cs
  artifactKey: Guid(efa8b0e727865aa4bb701c647c2069e4) Importer(815301076,1909f56bfc062723c751e8b465ee728b)
Start importing Assets/Scripts/NewScripts/DoorOpenKey.cs using Guid(efa8b0e727865aa4bb701c647c2069e4) Importer(815301076,1909f56bfc062723c751e8b465ee728b)  -> (artifact id: '94bdc909bb604defab330fcb40784fb2') in 0.002347 seconds 
========================================================================
Received Import Request.
  Time since last request: 26.707278 seconds.
  path: Assets/Scripts/NewScripts/DoorOpenKey.cs
  artifactKey: Guid(efa8b0e727865aa4bb701c647c2069e4) Importer(815301076,1909f56bfc062723c751e8b465ee728b)
Start importing Assets/Scripts/NewScripts/DoorOpenKey.cs using Guid(efa8b0e727865aa4bb701c647c2069e4) Importer(815301076,1909f56bfc062723c751e8b465ee728b)  -> (artifact id: '004314b2a1b31b0ea9307daf5b5805c7') in 0.002308 seconds 
========================================================================
Received Import Request.
  Time since last request: 16.261352 seconds.
  path: Assets/Scripts/NewScripts/DoorOpenKey.cs
  artifactKey: Guid(efa8b0e727865aa4bb701c647c2069e4) Importer(815301076,1909f56bfc062723c751e8b465ee728b)
Start importing Assets/Scripts/NewScripts/DoorOpenKey.cs using Guid(efa8b0e727865aa4bb701c647c2069e4) Importer(815301076,1909f56bfc062723c751e8b465ee728b)  -> (artifact id: '136b9494b49d8537947612177ec69e12') in 0.001980 seconds 
========================================================================
Received Import Request.
  Time since last request: 24.709015 seconds.
  path: Assets/Scripts/NewScripts/DoorOpenKey.cs
  artifactKey: Guid(efa8b0e727865aa4bb701c647c2069e4) Importer(815301076,1909f56bfc062723c751e8b465ee728b)
Start importing Assets/Scripts/NewScripts/DoorOpenKey.cs using Guid(efa8b0e727865aa4bb701c647c2069e4) Importer(815301076,1909f56bfc062723c751e8b465ee728b)  -> (artifact id: 'cff7443850cd1914a170333990208723') in 0.002041 seconds 
========================================================================
Received Import Request.
  Time since last request: 79.175262 seconds.
  path: Assets/Scripts/NewScripts/DoorOpenKey.cs
  artifactKey: Guid(efa8b0e727865aa4bb701c647c2069e4) Importer(815301076,1909f56bfc062723c751e8b465ee728b)
Start importing Assets/Scripts/NewScripts/DoorOpenKey.cs using Guid(efa8b0e727865aa4bb701c647c2069e4) Importer(815301076,1909f56bfc062723c751e8b465ee728b)  -> (artifact id: 'e63da009466b2c274d434e2de37a8632') in 0.002148 seconds 
========================================================================
Received Import Request.
  Time since last request: 27.189056 seconds.
  path: Assets/Scripts/NewScripts/DoorOpenKey.cs
  artifactKey: Guid(efa8b0e727865aa4bb701c647c2069e4) Importer(815301076,1909f56bfc062723c751e8b465ee728b)
Start importing Assets/Scripts/NewScripts/DoorOpenKey.cs using Guid(efa8b0e727865aa4bb701c647c2069e4) Importer(815301076,1909f56bfc062723c751e8b465ee728b)  -> (artifact id: '0d996f071652f8c79edb5ae24d541425') in 0.002641 seconds 
========================================================================
Received Import Request.
  Time since last request: 12.466787 seconds.
  path: Assets/Scripts/NewScripts/DoorOpenKey.cs
  artifactKey: Guid(efa8b0e727865aa4bb701c647c2069e4) Importer(815301076,1909f56bfc062723c751e8b465ee728b)
Start importing Assets/Scripts/NewScripts/DoorOpenKey.cs using Guid(efa8b0e727865aa4bb701c647c2069e4) Importer(815301076,1909f56bfc062723c751e8b465ee728b)  -> (artifact id: '7bdbea07496627ef0ac6b860c8c18db8') in 0.002174 seconds 
========================================================================
Received Import Request.
  Time since last request: 20.307567 seconds.
  path: Assets/Scripts/NewScripts/DoorOpenKey.cs
  artifactKey: Guid(efa8b0e727865aa4bb701c647c2069e4) Importer(815301076,1909f56bfc062723c751e8b465ee728b)
Start importing Assets/Scripts/NewScripts/DoorOpenKey.cs using Guid(efa8b0e727865aa4bb701c647c2069e4) Importer(815301076,1909f56bfc062723c751e8b465ee728b)  -> (artifact id: 'a1a23242c1ee648d0851568aeced4f32') in 0.002301 seconds 
========================================================================
Received Import Request.
  Time since last request: 17.554539 seconds.
  path: Assets/Scripts/NewScripts/DoorOpenKey.cs
  artifactKey: Guid(efa8b0e727865aa4bb701c647c2069e4) Importer(815301076,1909f56bfc062723c751e8b465ee728b)
Start importing Assets/Scripts/NewScripts/DoorOpenKey.cs using Guid(efa8b0e727865aa4bb701c647c2069e4) Importer(815301076,1909f56bfc062723c751e8b465ee728b)  -> (artifact id: 'a60512bda55e24e75886327805fb5305') in 0.003301 seconds 
========================================================================
Received Import Request.
  Time since last request: 25.605292 seconds.
  path: Assets/Scripts/NewScripts/DoorOpenKey.cs
  artifactKey: Guid(efa8b0e727865aa4bb701c647c2069e4) Importer(815301076,1909f56bfc062723c751e8b465ee728b)
Start importing Assets/Scripts/NewScripts/DoorOpenKey.cs using Guid(efa8b0e727865aa4bb701c647c2069e4) Importer(815301076,1909f56bfc062723c751e8b465ee728b)  -> (artifact id: 'a762db455637b8062d131a97dc45283c') in 0.001889 seconds 
========================================================================
Received Import Request.
  Time since last request: 11.880534 seconds.
  path: Assets/Scripts/NewScripts/DoorOpenKey.cs
  artifactKey: Guid(efa8b0e727865aa4bb701c647c2069e4) Importer(815301076,1909f56bfc062723c751e8b465ee728b)
Start importing Assets/Scripts/NewScripts/DoorOpenKey.cs using Guid(efa8b0e727865aa4bb701c647c2069e4) Importer(815301076,1909f56bfc062723c751e8b465ee728b)  -> (artifact id: 'b4f207b66816dcce09d6cc0e1e9d2029') in 0.002183 seconds 
========================================================================
Received Import Request.
  Time since last request: 7.357275 seconds.
  path: Assets/Scripts/NewScripts/DoorOpenKey.cs
  artifactKey: Guid(efa8b0e727865aa4bb701c647c2069e4) Importer(815301076,1909f56bfc062723c751e8b465ee728b)
Start importing Assets/Scripts/NewScripts/DoorOpenKey.cs using Guid(efa8b0e727865aa4bb701c647c2069e4) Importer(815301076,1909f56bfc062723c751e8b465ee728b)  -> (artifact id: '040f39ed9c349c1e2c11236183e9ad4a') in 0.002165 seconds 
========================================================================
Received Import Request.
  Time since last request: 33.264726 seconds.
  path: Assets/Scripts/NewScripts/DoorOpenKey.cs
  artifactKey: Guid(efa8b0e727865aa4bb701c647c2069e4) Importer(815301076,1909f56bfc062723c751e8b465ee728b)
Start importing Assets/Scripts/NewScripts/DoorOpenKey.cs using Guid(efa8b0e727865aa4bb701c647c2069e4) Importer(815301076,1909f56bfc062723c751e8b465ee728b)  -> (artifact id: '77d0d1b919ef8eb7074685766c7c78c7') in 0.002390 seconds 
========================================================================
Received Import Request.
  Time since last request: 14.841014 seconds.
  path: Assets/Scripts/NewScripts/DoorOpenKey.cs
  artifactKey: Guid(efa8b0e727865aa4bb701c647c2069e4) Importer(815301076,1909f56bfc062723c751e8b465ee728b)
Start importing Assets/Scripts/NewScripts/DoorOpenKey.cs using Guid(efa8b0e727865aa4bb701c647c2069e4) Importer(815301076,1909f56bfc062723c751e8b465ee728b)  -> (artifact id: '3cd05f9166d3fab46a62c26b20a98536') in 0.002253 seconds 
========================================================================
Received Import Request.
  Time since last request: 1.790126 seconds.
  path: Assets/Scripts/NewScripts/DoorOpenKey.cs
  artifactKey: Guid(efa8b0e727865aa4bb701c647c2069e4) Importer(815301076,1909f56bfc062723c751e8b465ee728b)
Start importing Assets/Scripts/NewScripts/DoorOpenKey.cs using Guid(efa8b0e727865aa4bb701c647c2069e4) Importer(815301076,1909f56bfc062723c751e8b465ee728b)  -> (artifact id: '9d55af78f66a6e22bc46a6fd672a0550') in 0.002845 seconds 
========================================================================
Received Import Request.
  Time since last request: 26.396205 seconds.
  path: Assets/Scripts/NewScripts/DoorOpenKey.cs
  artifactKey: Guid(efa8b0e727865aa4bb701c647c2069e4) Importer(815301076,1909f56bfc062723c751e8b465ee728b)
Start importing Assets/Scripts/NewScripts/DoorOpenKey.cs using Guid(efa8b0e727865aa4bb701c647c2069e4) Importer(815301076,1909f56bfc062723c751e8b465ee728b)  -> (artifact id: '5652d3f13c348f9b759d5afaf48a2c1f') in 0.001936 seconds 
========================================================================
Received Import Request.
  Time since last request: 24.417514 seconds.
  path: Assets/Scripts/NewScripts/DoorOpenKey.cs
  artifactKey: Guid(efa8b0e727865aa4bb701c647c2069e4) Importer(815301076,1909f56bfc062723c751e8b465ee728b)
Start importing Assets/Scripts/NewScripts/DoorOpenKey.cs using Guid(efa8b0e727865aa4bb701c647c2069e4) Importer(815301076,1909f56bfc062723c751e8b465ee728b)  -> (artifact id: 'cad744826ec8429f552573e2a0930ab9') in 0.002237 seconds 
========================================================================
Received Prepare
Registering precompiled user dll's ...
Registered in 0.004469 seconds.
Begin MonoManager ReloadAssembly
Symbol file LoadedFromMemory doesn't match image B:\GameOfMy\BrawlMap\Library\PackageCache\com.unity.visualscripting@1.7.8\Editor\VisualScripting.Core\Dependencies\YamlDotNet\Unity.VisualScripting.YamlDotNet.dll
Symbol file LoadedFromMemory doesn't match image B:\GameOfMy\BrawlMap\Library\PackageCache\com.unity.visualscripting@1.7.8\Editor\VisualScripting.Core\Dependencies\DotNetZip\Unity.VisualScripting.IonicZip.dll
Native extension for WindowsStandalone target not found
Native extension for Android target not found
Refreshing native plugins compatible for Editor in 2.57 ms, found 3 plugins.
Preloading 0 native plugins for Editor in 0.00 ms.
Mono: successfully reloaded assembly
- Completed reload, in  1.269 seconds
Domain Reload Profiling:
	ReloadAssembly (1269ms)
		BeginReloadAssembly (137ms)
			ExecutionOrderSort (0ms)
			DisableScriptedObjects (5ms)
			BackupInstance (0ms)
			ReleaseScriptingObjects (0ms)
			CreateAndSetChildDomain (50ms)
		EndReloadAssembly (1033ms)
			LoadAssemblies (91ms)
			RebuildTransferFunctionScriptingTraits (0ms)
			SetupTypeCache (311ms)
			ReleaseScriptCaches (3ms)
			RebuildScriptCaches (62ms)
			SetupLoadedEditorAssemblies (518ms)
				LogAssemblyErrors (0ms)
				InitializePlatformSupportModulesInManaged (34ms)
				SetLoadedEditorAssemblies (1ms)
				RefreshPlugins (3ms)
				BeforeProcessingInitializeOnLoad (94ms)
				ProcessInitializeOnLoadAttributes (315ms)
				ProcessInitializeOnLoadMethodAttributes (70ms)
				AfterProcessingInitializeOnLoad (2ms)
				EditorAssembliesLoaded (0ms)
			ExecutionOrderSort2 (0ms)
			AwakeInstancesAfterBackupRestoration (5ms)
Platform modules already initialized, skipping
Refreshing native plugins compatible for Editor in 4.93 ms, found 3 plugins.
Preloading 0 native plugins for Editor in 0.00 ms.
Unloading 5341 Unused Serialized files (Serialized files now loaded: 0)
Unloading 52 unused Assets / (3.1 MB). Loaded Objects now: 5920.
Memory consumption went from 208.3 MB to 205.2 MB.
Total: 9.891700 ms (FindLiveObjects: 0.914500 ms CreateObjectMapping: 0.686300 ms MarkObjects: 6.566200 ms  DeleteObjects: 1.722500 ms)

AssetImportParameters requested are different than current active one (requested -> active):
  custom:video-decoder-ogg-theora: a1e56fd34408186e4bbccfd4996cb3dc -> 
  custom:container-muxer-webm: aa71ff27fc2769a1b78a27578f13a17b -> 
  custom:container-demuxer-webm: 4f35f7cbe854078d1ac9338744f61a02 -> 
  custom:video-encoder-webm-vp8: eb34c28f22e8b96e1ab97ce403110664 -> 
  custom:audio-encoder-webm-vorbis: bf7c407c2cedff20999df2af8eb42d56 -> 
  custom:framework-win-MediaFoundation: 216162199b28c13a410421893ffa2e32 -> 
  custom:container-demuxer-ogg: 62fdf1f143b41e24485cea50d1cbac27 -> 
  custom:video-decoder-webm-vp8: 9c59270c3fd7afecdb556c50c9e8de78 -> 
  custom:audio-decoder-ogg-vorbis: bf7c407c2cedff20999df2af8eb42d56 -> 
========================================================================
Received Prepare
Registering precompiled user dll's ...
Registered in 0.003779 seconds.
Begin MonoManager ReloadAssembly
Symbol file LoadedFromMemory doesn't match image B:\GameOfMy\BrawlMap\Library\PackageCache\com.unity.visualscripting@1.7.8\Editor\VisualScripting.Core\Dependencies\YamlDotNet\Unity.VisualScripting.YamlDotNet.dll
Symbol file LoadedFromMemory doesn't match image B:\GameOfMy\BrawlMap\Library\PackageCache\com.unity.visualscripting@1.7.8\Editor\VisualScripting.Core\Dependencies\DotNetZip\Unity.VisualScripting.IonicZip.dll
Native extension for WindowsStandalone target not found
Native extension for Android target not found
Refreshing native plugins compatible for Editor in 1.50 ms, found 3 plugins.
Preloading 0 native plugins for Editor in 0.00 ms.
Mono: successfully reloaded assembly
- Completed reload, in  1.244 seconds
Domain Reload Profiling:
	ReloadAssembly (1244ms)
		BeginReloadAssembly (132ms)
			ExecutionOrderSort (0ms)
			DisableScriptedObjects (6ms)
			BackupInstance (0ms)
			ReleaseScriptingObjects (0ms)
			CreateAndSetChildDomain (49ms)
		EndReloadAssembly (1020ms)
			LoadAssemblies (83ms)
			RebuildTransferFunctionScriptingTraits (0ms)
			SetupTypeCache (316ms)
			ReleaseScriptCaches (3ms)
			RebuildScriptCaches (69ms)
			SetupLoadedEditorAssemblies (498ms)
				LogAssemblyErrors (0ms)
				InitializePlatformSupportModulesInManaged (21ms)
				SetLoadedEditorAssemblies (1ms)
				RefreshPlugins (2ms)
				BeforeProcessingInitializeOnLoad (109ms)
				ProcessInitializeOnLoadAttributes (291ms)
				ProcessInitializeOnLoadMethodAttributes (71ms)
				AfterProcessingInitializeOnLoad (3ms)
				EditorAssembliesLoaded (0ms)
			ExecutionOrderSort2 (0ms)
			AwakeInstancesAfterBackupRestoration (5ms)
Platform modules already initialized, skipping
Refreshing native plugins compatible for Editor in 4.47 ms, found 3 plugins.
Preloading 0 native plugins for Editor in 0.00 ms.
Unloading 5340 Unused Serialized files (Serialized files now loaded: 0)
Unloading 53 unused Assets / (3.1 MB). Loaded Objects now: 5923.
Memory consumption went from 208.2 MB to 205.1 MB.
Total: 9.901400 ms (FindLiveObjects: 1.071400 ms CreateObjectMapping: 0.817000 ms MarkObjects: 6.371700 ms  DeleteObjects: 1.639400 ms)

AssetImportParameters requested are different than current active one (requested -> active):
  custom:video-decoder-ogg-theora: a1e56fd34408186e4bbccfd4996cb3dc -> 
  custom:container-muxer-webm: aa71ff27fc2769a1b78a27578f13a17b -> 
  custom:container-demuxer-webm: 4f35f7cbe854078d1ac9338744f61a02 -> 
  custom:video-encoder-webm-vp8: eb34c28f22e8b96e1ab97ce403110664 -> 
  custom:audio-encoder-webm-vorbis: bf7c407c2cedff20999df2af8eb42d56 -> 
  custom:framework-win-MediaFoundation: 216162199b28c13a410421893ffa2e32 -> 
  custom:container-demuxer-ogg: 62fdf1f143b41e24485cea50d1cbac27 -> 
  custom:video-decoder-webm-vp8: 9c59270c3fd7afecdb556c50c9e8de78 -> 
  custom:audio-decoder-ogg-vorbis: bf7c407c2cedff20999df2af8eb42d56 -> 
