Using pre-set license
Built from '2021.3/staging' branch; Version is '2021.3.7f1 (24e8595d6d43) revision 2418777'; Using compiler version '192829333'; Build Type 'Release'
OS: 'Windows 10  (10.0.19045) 64bit ProfessionalEducation' Language: 'ru' Physical Memory: 15748 MB
BatchMode: 1, IsHumanControllingUs: 0, StartBugReporterOnCrash: 0, Is64bit: 1, IsPro: 1

COMMAND LINE ARGUMENTS:
B:\UnityEngine\2021.3.7f1\Editor\Unity.exe
-adb2
-batchMode
-noUpm
-name
AssetImportWorker0
-projectPath
B:/GameOfMy/ShoterMap
-logFile
Logs/AssetImportWorker0.log
-srvPort
50752
Successfully changed project path to: B:/GameOfMy/ShoterMap
B:/GameOfMy/ShoterMap
[UnityMemory] Configuration Parameters - Can be set up in boot.config
    "memorysetup-bucket-allocator-granularity=16"
    "memorysetup-bucket-allocator-bucket-count=8"
    "memorysetup-bucket-allocator-block-size=33554432"
    "memorysetup-bucket-allocator-block-count=8"
    "memorysetup-main-allocator-block-size=16777216"
    "memorysetup-thread-allocator-block-size=16777216"
    "memorysetup-gfx-main-allocator-block-size=16777216"
    "memorysetup-gfx-thread-allocator-block-size=16777216"
    "memorysetup-cache-allocator-block-size=4194304"
    "memorysetup-typetree-allocator-block-size=2097152"
    "memorysetup-profiler-bucket-allocator-granularity=16"
    "memorysetup-profiler-bucket-allocator-bucket-count=8"
    "memorysetup-profiler-bucket-allocator-block-size=33554432"
    "memorysetup-profiler-bucket-allocator-block-count=8"
    "memorysetup-profiler-allocator-block-size=16777216"
    "memorysetup-profiler-editor-allocator-block-size=1048576"
    "memorysetup-temp-allocator-size-main=16777216"
    "memorysetup-job-temp-allocator-block-size=2097152"
    "memorysetup-job-temp-allocator-block-size-background=1048576"
    "memorysetup-job-temp-allocator-reduction-small-platforms=262144"
    "memorysetup-temp-allocator-size-background-worker=32768"
    "memorysetup-temp-allocator-size-job-worker=262144"
    "memorysetup-temp-allocator-size-preload-manager=33554432"
    "memorysetup-temp-allocator-size-nav-mesh-worker=65536"
    "memorysetup-temp-allocator-size-audio-worker=65536"
    "memorysetup-temp-allocator-size-cloud-worker=32768"
    "memorysetup-temp-allocator-size-gi-baking-worker=262144"
    "memorysetup-temp-allocator-size-gfx=262144"
Refreshing native plugins compatible for Editor in 127.57 ms, found 3 plugins.
Preloading 0 native plugins for Editor in 0.00 ms.
Initialize engine version: 2021.3.7f1 (24e8595d6d43)
[Subsystems] Discovering subsystems at path B:/UnityEngine/2021.3.7f1/Editor/Data/Resources/UnitySubsystems
[Subsystems] Discovering subsystems at path B:/GameOfMy/ShoterMap/Assets
GfxDevice: creating device client; threaded=0; jobified=0
Direct3D:
    Version:  Direct3D 11.0 [level 11.1]
    Renderer: NVIDIA GeForce GTX 1650 (ID=0x1f82)
    Vendor:   NVIDIA
    VRAM:     3962 MB
    Driver:   31.0.15.1694
Initialize mono
Mono path[0] = 'B:/UnityEngine/2021.3.7f1/Editor/Data/Managed'
Mono path[1] = 'B:/UnityEngine/2021.3.7f1/Editor/Data/MonoBleedingEdge/lib/mono/unityjit-win32'
Mono config path = 'B:/UnityEngine/2021.3.7f1/Editor/Data/MonoBleedingEdge/etc'
Using monoOptions --debugger-agent=transport=dt_socket,embedding=1,server=y,suspend=n,address=127.0.0.1:56952
Begin MonoManager ReloadAssembly
Registering precompiled unity dll's ...
Register platform support module: B:/UnityEngine/2021.3.7f1/Editor/Data/PlaybackEngines/AndroidPlayer/UnityEditor.Android.Extensions.dll
Register platform support module: B:/UnityEngine/2021.3.7f1/Editor/Data/PlaybackEngines/WindowsStandaloneSupport/UnityEditor.WindowsStandalone.Extensions.dll
Registered in 0.003486 seconds.
Native extension for WindowsStandalone target not found
Native extension for Android target not found
Refreshing native plugins compatible for Editor in 120.08 ms, found 3 plugins.
Preloading 0 native plugins for Editor in 0.00 ms.
Mono: successfully reloaded assembly
- Completed reload, in  0.681 seconds
Domain Reload Profiling:
	ReloadAssembly (682ms)
		BeginReloadAssembly (61ms)
			ExecutionOrderSort (0ms)
			DisableScriptedObjects (0ms)
			BackupInstance (0ms)
			ReleaseScriptingObjects (0ms)
			CreateAndSetChildDomain (1ms)
		EndReloadAssembly (519ms)
			LoadAssemblies (60ms)
			RebuildTransferFunctionScriptingTraits (0ms)
			SetupTypeCache (112ms)
			ReleaseScriptCaches (0ms)
			RebuildScriptCaches (29ms)
			SetupLoadedEditorAssemblies (324ms)
				LogAssemblyErrors (0ms)
				InitializePlatformSupportModulesInManaged (61ms)
				SetLoadedEditorAssemblies (0ms)
				RefreshPlugins (120ms)
				BeforeProcessingInitializeOnLoad (1ms)
				ProcessInitializeOnLoadAttributes (96ms)
				ProcessInitializeOnLoadMethodAttributes (45ms)
				AfterProcessingInitializeOnLoad (0ms)
				EditorAssembliesLoaded (0ms)
			ExecutionOrderSort2 (0ms)
			AwakeInstancesAfterBackupRestoration (0ms)
Platform modules already initialized, skipping
Registering precompiled user dll's ...
Registered in 0.003974 seconds.
Begin MonoManager ReloadAssembly
Symbol file LoadedFromMemory doesn't match image B:\GameOfMy\ShoterMap\Library\PackageCache\com.unity.visualscripting@1.7.8\Editor\VisualScripting.Core\Dependencies\YamlDotNet\Unity.VisualScripting.YamlDotNet.dll
Symbol file LoadedFromMemory doesn't match image B:\GameOfMy\ShoterMap\Library\PackageCache\com.unity.visualscripting@1.7.8\Editor\VisualScripting.Core\Dependencies\DotNetZip\Unity.VisualScripting.IonicZip.dll
Native extension for WindowsStandalone target not found
Native extension for Android target not found
Refreshing native plugins compatible for Editor in 139.47 ms, found 3 plugins.
Preloading 0 native plugins for Editor in 0.00 ms.
Mono: successfully reloaded assembly
- Completed reload, in  1.733 seconds
Domain Reload Profiling:
	ReloadAssembly (1734ms)
		BeginReloadAssembly (224ms)
			ExecutionOrderSort (0ms)
			DisableScriptedObjects (7ms)
			BackupInstance (0ms)
			ReleaseScriptingObjects (0ms)
			CreateAndSetChildDomain (128ms)
		EndReloadAssembly (1387ms)
			LoadAssemblies (108ms)
			RebuildTransferFunctionScriptingTraits (0ms)
			SetupTypeCache (333ms)
			ReleaseScriptCaches (1ms)
			RebuildScriptCaches (77ms)
			SetupLoadedEditorAssemblies (777ms)
				LogAssemblyErrors (0ms)
				InitializePlatformSupportModulesInManaged (37ms)
				SetLoadedEditorAssemblies (0ms)
				RefreshPlugins (140ms)
				BeforeProcessingInitializeOnLoad (114ms)
				ProcessInitializeOnLoadAttributes (386ms)
				ProcessInitializeOnLoadMethodAttributes (96ms)
				AfterProcessingInitializeOnLoad (3ms)
				EditorAssembliesLoaded (0ms)
			ExecutionOrderSort2 (0ms)
			AwakeInstancesAfterBackupRestoration (7ms)
Platform modules already initialized, skipping
========================================================================
Worker process is ready to serve import requests
Launched and connected shader compiler UnityShaderCompiler.exe after 0.06 seconds
Refreshing native plugins compatible for Editor in 3.19 ms, found 3 plugins.
Preloading 0 native plugins for Editor in 0.00 ms.
Unloading 5261 Unused Serialized files (Serialized files now loaded: 0)
Unloading 64 unused Assets / (3.1 MB). Loaded Objects now: 5728.
Memory consumption went from 213.1 MB to 210.0 MB.
Total: 13.065100 ms (FindLiveObjects: 1.050100 ms CreateObjectMapping: 3.434800 ms MarkObjects: 6.779700 ms  DeleteObjects: 1.798100 ms)

AssetImportParameters requested are different than current active one (requested -> active):
  custom:video-decoder-ogg-theora: a1e56fd34408186e4bbccfd4996cb3dc -> 
  custom:container-muxer-webm: aa71ff27fc2769a1b78a27578f13a17b -> 
  custom:container-demuxer-webm: 4f35f7cbe854078d1ac9338744f61a02 -> 
  custom:video-encoder-webm-vp8: eb34c28f22e8b96e1ab97ce403110664 -> 
  custom:audio-encoder-webm-vorbis: bf7c407c2cedff20999df2af8eb42d56 -> 
  custom:framework-win-MediaFoundation: 216162199b28c13a410421893ffa2e32 -> 
  custom:container-demuxer-ogg: 62fdf1f143b41e24485cea50d1cbac27 -> 
  custom:video-decoder-webm-vp8: 9c59270c3fd7afecdb556c50c9e8de78 -> 
  custom:audio-decoder-ogg-vorbis: bf7c407c2cedff20999df2af8eb42d56 -> 
========================================================================
Received Import Request.
  Time since last request: 115087.618924 seconds.
  path: Assets/Scripts/Player/PlayerGazDamage.cs
  artifactKey: Guid(f01aba4cd4156d24c8e9d88a9099295a) Importer(815301076,1909f56bfc062723c751e8b465ee728b)
Start importing Assets/Scripts/Player/PlayerGazDamage.cs using Guid(f01aba4cd4156d24c8e9d88a9099295a) Importer(815301076,1909f56bfc062723c751e8b465ee728b)  -> (artifact id: '85f0b004ec7ac5aa864b9587a2a01419') in 0.092327 seconds 
========================================================================
Received Import Request.
  Time since last request: 196.655311 seconds.
  path: Assets/Scripts/Player/PlayerGazDamage.cs
  artifactKey: Guid(f01aba4cd4156d24c8e9d88a9099295a) Importer(815301076,1909f56bfc062723c751e8b465ee728b)
Start importing Assets/Scripts/Player/PlayerGazDamage.cs using Guid(f01aba4cd4156d24c8e9d88a9099295a) Importer(815301076,1909f56bfc062723c751e8b465ee728b)  -> (artifact id: 'd740255ec143279466310164ab9286ef') in 0.002718 seconds 
========================================================================
Received Import Request.
  Time since last request: 17.383778 seconds.
  path: Assets/Scripts/Player/PlayerGazDamage.cs
  artifactKey: Guid(f01aba4cd4156d24c8e9d88a9099295a) Importer(815301076,1909f56bfc062723c751e8b465ee728b)
Start importing Assets/Scripts/Player/PlayerGazDamage.cs using Guid(f01aba4cd4156d24c8e9d88a9099295a) Importer(815301076,1909f56bfc062723c751e8b465ee728b)  -> (artifact id: 'ef497c715343e24bd23c8f660dc0c3c4') in 0.002346 seconds 
========================================================================
Received Import Request.
  Time since last request: 18.004157 seconds.
  path: Assets/Scripts/Player/PlayerGazDamage.cs
  artifactKey: Guid(f01aba4cd4156d24c8e9d88a9099295a) Importer(815301076,1909f56bfc062723c751e8b465ee728b)
Start importing Assets/Scripts/Player/PlayerGazDamage.cs using Guid(f01aba4cd4156d24c8e9d88a9099295a) Importer(815301076,1909f56bfc062723c751e8b465ee728b)  -> (artifact id: '0ed8f8534fe1403e86d79950b00237eb') in 0.002532 seconds 
========================================================================
Received Import Request.
  Time since last request: 6.702717 seconds.
  path: Assets/Scripts/Player/PlayerGazDamage.cs
  artifactKey: Guid(f01aba4cd4156d24c8e9d88a9099295a) Importer(815301076,1909f56bfc062723c751e8b465ee728b)
Start importing Assets/Scripts/Player/PlayerGazDamage.cs using Guid(f01aba4cd4156d24c8e9d88a9099295a) Importer(815301076,1909f56bfc062723c751e8b465ee728b)  -> (artifact id: '80789c590bf3147105503f741e1ef465') in 0.002575 seconds 
========================================================================
Received Import Request.
  Time since last request: 11.187403 seconds.
  path: Assets/Scripts/Player/PlayerGazDamage.cs
  artifactKey: Guid(f01aba4cd4156d24c8e9d88a9099295a) Importer(815301076,1909f56bfc062723c751e8b465ee728b)
Start importing Assets/Scripts/Player/PlayerGazDamage.cs using Guid(f01aba4cd4156d24c8e9d88a9099295a) Importer(815301076,1909f56bfc062723c751e8b465ee728b)  -> (artifact id: 'db648d6cff155ca90bce93309ca69e7a') in 0.003328 seconds 
========================================================================
Received Import Request.
  Time since last request: 13.721812 seconds.
  path: Assets/Scripts/Player/PlayerGazDamage.cs
  artifactKey: Guid(f01aba4cd4156d24c8e9d88a9099295a) Importer(815301076,1909f56bfc062723c751e8b465ee728b)
Start importing Assets/Scripts/Player/PlayerGazDamage.cs using Guid(f01aba4cd4156d24c8e9d88a9099295a) Importer(815301076,1909f56bfc062723c751e8b465ee728b)  -> (artifact id: '8059f4051b37adcdc95e96161a5d44cd') in 0.002053 seconds 
========================================================================
Received Import Request.
  Time since last request: 8.457731 seconds.
  path: Assets/Scripts/Player/PlayerGazDamage.cs
  artifactKey: Guid(f01aba4cd4156d24c8e9d88a9099295a) Importer(815301076,1909f56bfc062723c751e8b465ee728b)
Start importing Assets/Scripts/Player/PlayerGazDamage.cs using Guid(f01aba4cd4156d24c8e9d88a9099295a) Importer(815301076,1909f56bfc062723c751e8b465ee728b)  -> (artifact id: 'b98fd6beff85edfb773eb4d735a5cce3') in 0.002267 seconds 
========================================================================
Received Import Request.
  Time since last request: 37.048936 seconds.
  path: Assets/Scripts/Player/PlayerGazDamage.cs
  artifactKey: Guid(f01aba4cd4156d24c8e9d88a9099295a) Importer(815301076,1909f56bfc062723c751e8b465ee728b)
Start importing Assets/Scripts/Player/PlayerGazDamage.cs using Guid(f01aba4cd4156d24c8e9d88a9099295a) Importer(815301076,1909f56bfc062723c751e8b465ee728b)  -> (artifact id: 'b56b0bc09f251eb88d707398d9ef94a2') in 0.003318 seconds 
========================================================================
Received Import Request.
  Time since last request: 17.804585 seconds.
  path: Assets/Scripts/Player/PlayerGazDamage.cs
  artifactKey: Guid(f01aba4cd4156d24c8e9d88a9099295a) Importer(815301076,1909f56bfc062723c751e8b465ee728b)
Start importing Assets/Scripts/Player/PlayerGazDamage.cs using Guid(f01aba4cd4156d24c8e9d88a9099295a) Importer(815301076,1909f56bfc062723c751e8b465ee728b)  -> (artifact id: '633562316cbb36b37a749d570abe06a9') in 0.002221 seconds 
========================================================================
Received Import Request.
  Time since last request: 44.485994 seconds.
  path: Assets/Scripts/Player/PlayerGazDamage.cs
  artifactKey: Guid(f01aba4cd4156d24c8e9d88a9099295a) Importer(815301076,1909f56bfc062723c751e8b465ee728b)
Start importing Assets/Scripts/Player/PlayerGazDamage.cs using Guid(f01aba4cd4156d24c8e9d88a9099295a) Importer(815301076,1909f56bfc062723c751e8b465ee728b)  -> (artifact id: '06bbfd0ded60738291351527c99ca054') in 0.002661 seconds 
========================================================================
Received Import Request.
  Time since last request: 88.380495 seconds.
  path: Assets/Scripts/Player/PlayerGazDamage.cs
  artifactKey: Guid(f01aba4cd4156d24c8e9d88a9099295a) Importer(815301076,1909f56bfc062723c751e8b465ee728b)
Start importing Assets/Scripts/Player/PlayerGazDamage.cs using Guid(f01aba4cd4156d24c8e9d88a9099295a) Importer(815301076,1909f56bfc062723c751e8b465ee728b)  -> (artifact id: 'f78b118f2fbacf4a6a3ab6acf9c947b7') in 0.002644 seconds 
========================================================================
Received Import Request.
  Time since last request: 2.105936 seconds.
  path: Assets/Scripts/Player/PlayerGazDamage.cs
  artifactKey: Guid(f01aba4cd4156d24c8e9d88a9099295a) Importer(815301076,1909f56bfc062723c751e8b465ee728b)
Start importing Assets/Scripts/Player/PlayerGazDamage.cs using Guid(f01aba4cd4156d24c8e9d88a9099295a) Importer(815301076,1909f56bfc062723c751e8b465ee728b)  -> (artifact id: '00c88a5489fe628a52f86bd85210b46c') in 0.002048 seconds 
========================================================================
Received Import Request.
  Time since last request: 1.173831 seconds.
  path: Assets/Scripts/Player/PlayerGazDamage.cs
  artifactKey: Guid(f01aba4cd4156d24c8e9d88a9099295a) Importer(815301076,1909f56bfc062723c751e8b465ee728b)
Start importing Assets/Scripts/Player/PlayerGazDamage.cs using Guid(f01aba4cd4156d24c8e9d88a9099295a) Importer(815301076,1909f56bfc062723c751e8b465ee728b)  -> (artifact id: 'ab19dbe49b5952ed19e675065f2e5fde') in 0.002479 seconds 
========================================================================
Received Import Request.
  Time since last request: 134.093411 seconds.
  path: Assets/Scripts/Player/PlayerGazDamage.cs
  artifactKey: Guid(f01aba4cd4156d24c8e9d88a9099295a) Importer(815301076,1909f56bfc062723c751e8b465ee728b)
Start importing Assets/Scripts/Player/PlayerGazDamage.cs using Guid(f01aba4cd4156d24c8e9d88a9099295a) Importer(815301076,1909f56bfc062723c751e8b465ee728b)  -> (artifact id: 'a01347ade5ffa1e771e890796914bfe3') in 0.002762 seconds 
========================================================================
Received Import Request.
  Time since last request: 1.026225 seconds.
  path: Assets/Scripts/Player/PlayerGazDamage.cs
  artifactKey: Guid(f01aba4cd4156d24c8e9d88a9099295a) Importer(815301076,1909f56bfc062723c751e8b465ee728b)
Start importing Assets/Scripts/Player/PlayerGazDamage.cs using Guid(f01aba4cd4156d24c8e9d88a9099295a) Importer(815301076,1909f56bfc062723c751e8b465ee728b)  -> (artifact id: '62e22f0c498208a7b22aab960208dc06') in 0.001903 seconds 
========================================================================
Received Import Request.
  Time since last request: 10.161717 seconds.
  path: Assets/Scripts/Player/PlayerGazDamage.cs
  artifactKey: Guid(f01aba4cd4156d24c8e9d88a9099295a) Importer(815301076,1909f56bfc062723c751e8b465ee728b)
Start importing Assets/Scripts/Player/PlayerGazDamage.cs using Guid(f01aba4cd4156d24c8e9d88a9099295a) Importer(815301076,1909f56bfc062723c751e8b465ee728b)  -> (artifact id: 'de14e6528192c74708e8a7bdd181cec0') in 0.002195 seconds 
========================================================================
Received Import Request.
  Time since last request: 91.338222 seconds.
  path: Assets/Scripts/Player/PlayerGazDamage.cs
  artifactKey: Guid(f01aba4cd4156d24c8e9d88a9099295a) Importer(815301076,1909f56bfc062723c751e8b465ee728b)
Start importing Assets/Scripts/Player/PlayerGazDamage.cs using Guid(f01aba4cd4156d24c8e9d88a9099295a) Importer(815301076,1909f56bfc062723c751e8b465ee728b)  -> (artifact id: '369ceca16f745fbc1fef78919fb8125b') in 0.002658 seconds 
========================================================================
Received Import Request.
  Time since last request: 11.457007 seconds.
  path: Assets/Scripts/Player/PlayerGazDamage.cs
  artifactKey: Guid(f01aba4cd4156d24c8e9d88a9099295a) Importer(815301076,1909f56bfc062723c751e8b465ee728b)
Start importing Assets/Scripts/Player/PlayerGazDamage.cs using Guid(f01aba4cd4156d24c8e9d88a9099295a) Importer(815301076,1909f56bfc062723c751e8b465ee728b)  -> (artifact id: '4ca2abe6ccc4e10ff3b1e344c5d1a0b7') in 0.002353 seconds 
========================================================================
Received Import Request.
  Time since last request: 13.236847 seconds.
  path: Assets/Scripts/Player/PlayerGazDamage.cs
  artifactKey: Guid(f01aba4cd4156d24c8e9d88a9099295a) Importer(815301076,1909f56bfc062723c751e8b465ee728b)
Start importing Assets/Scripts/Player/PlayerGazDamage.cs using Guid(f01aba4cd4156d24c8e9d88a9099295a) Importer(815301076,1909f56bfc062723c751e8b465ee728b)  -> (artifact id: 'd020e6105b36a05fe11717f97d7dd20f') in 0.002164 seconds 
========================================================================
Received Import Request.
  Time since last request: 0.958142 seconds.
  path: Assets/Scripts/Player/PlayerGazDamage.cs
  artifactKey: Guid(f01aba4cd4156d24c8e9d88a9099295a) Importer(815301076,1909f56bfc062723c751e8b465ee728b)
Start importing Assets/Scripts/Player/PlayerGazDamage.cs using Guid(f01aba4cd4156d24c8e9d88a9099295a) Importer(815301076,1909f56bfc062723c751e8b465ee728b)  -> (artifact id: 'c150d0e7b83bd2910fe89bf980dda4d5') in 0.001968 seconds 
========================================================================
Received Import Request.
  Time since last request: 7.783243 seconds.
  path: Assets/Scripts/Player/PlayerGazDamage.cs
  artifactKey: Guid(f01aba4cd4156d24c8e9d88a9099295a) Importer(815301076,1909f56bfc062723c751e8b465ee728b)
Start importing Assets/Scripts/Player/PlayerGazDamage.cs using Guid(f01aba4cd4156d24c8e9d88a9099295a) Importer(815301076,1909f56bfc062723c751e8b465ee728b)  -> (artifact id: 'd5e6df5fc210942a81eb9219c6a06b9d') in 0.001907 seconds 
========================================================================
Received Import Request.
  Time since last request: 15.493221 seconds.
  path: Assets/Scripts/Player/PlayerGazDamage.cs
  artifactKey: Guid(f01aba4cd4156d24c8e9d88a9099295a) Importer(815301076,1909f56bfc062723c751e8b465ee728b)
Start importing Assets/Scripts/Player/PlayerGazDamage.cs using Guid(f01aba4cd4156d24c8e9d88a9099295a) Importer(815301076,1909f56bfc062723c751e8b465ee728b)  -> (artifact id: 'aa328e96fea83fe9efb80d96b6cf24d6') in 0.001937 seconds 
========================================================================
Received Import Request.
  Time since last request: 5.343214 seconds.
  path: Assets/Scripts/Player/PlayerGazDamage.cs
  artifactKey: Guid(f01aba4cd4156d24c8e9d88a9099295a) Importer(815301076,1909f56bfc062723c751e8b465ee728b)
Start importing Assets/Scripts/Player/PlayerGazDamage.cs using Guid(f01aba4cd4156d24c8e9d88a9099295a) Importer(815301076,1909f56bfc062723c751e8b465ee728b)  -> (artifact id: '8738ed193031faa81b2380e857789af7') in 0.002098 seconds 
========================================================================
Received Import Request.
  Time since last request: 15.089059 seconds.
  path: Assets/Scripts/Player/PlayerGazDamage.cs
  artifactKey: Guid(f01aba4cd4156d24c8e9d88a9099295a) Importer(815301076,1909f56bfc062723c751e8b465ee728b)
Start importing Assets/Scripts/Player/PlayerGazDamage.cs using Guid(f01aba4cd4156d24c8e9d88a9099295a) Importer(815301076,1909f56bfc062723c751e8b465ee728b)  -> (artifact id: 'df76db294d8aed10a4f4739beb2ee695') in 0.002368 seconds 
========================================================================
Received Import Request.
  Time since last request: 17.718784 seconds.
  path: Assets/Scripts/Player/PlayerGazDamage.cs
  artifactKey: Guid(f01aba4cd4156d24c8e9d88a9099295a) Importer(815301076,1909f56bfc062723c751e8b465ee728b)
Start importing Assets/Scripts/Player/PlayerGazDamage.cs using Guid(f01aba4cd4156d24c8e9d88a9099295a) Importer(815301076,1909f56bfc062723c751e8b465ee728b)  -> (artifact id: '3eab3558a54b601fbec92fe1aae82ce5') in 0.002676 seconds 
========================================================================
Received Import Request.
  Time since last request: 12.458600 seconds.
  path: Assets/Scripts/Player/PlayerGazDamage.cs
  artifactKey: Guid(f01aba4cd4156d24c8e9d88a9099295a) Importer(815301076,1909f56bfc062723c751e8b465ee728b)
Start importing Assets/Scripts/Player/PlayerGazDamage.cs using Guid(f01aba4cd4156d24c8e9d88a9099295a) Importer(815301076,1909f56bfc062723c751e8b465ee728b)  -> (artifact id: 'd874d9c56261891efec53310f615357e') in 0.002249 seconds 
========================================================================
Received Import Request.
  Time since last request: 4.011752 seconds.
  path: Assets/Scripts/Player/PlayerGazDamage.cs
  artifactKey: Guid(f01aba4cd4156d24c8e9d88a9099295a) Importer(815301076,1909f56bfc062723c751e8b465ee728b)
Start importing Assets/Scripts/Player/PlayerGazDamage.cs using Guid(f01aba4cd4156d24c8e9d88a9099295a) Importer(815301076,1909f56bfc062723c751e8b465ee728b)  -> (artifact id: 'ee2a31be2ba56aa7b890fd6a2bbff7c6') in 0.002637 seconds 
========================================================================
Received Import Request.
  Time since last request: 6.047295 seconds.
  path: Assets/Scripts/Player/PlayerGazDamage.cs
  artifactKey: Guid(f01aba4cd4156d24c8e9d88a9099295a) Importer(815301076,1909f56bfc062723c751e8b465ee728b)
Start importing Assets/Scripts/Player/PlayerGazDamage.cs using Guid(f01aba4cd4156d24c8e9d88a9099295a) Importer(815301076,1909f56bfc062723c751e8b465ee728b)  -> (artifact id: 'e4753d600ac1000ddffe4515d44107dd') in 0.002394 seconds 
========================================================================
Received Prepare
Registering precompiled user dll's ...
Registered in 0.003159 seconds.
Begin MonoManager ReloadAssembly
Symbol file LoadedFromMemory doesn't match image B:\GameOfMy\ShoterMap\Library\PackageCache\com.unity.visualscripting@1.7.8\Editor\VisualScripting.Core\Dependencies\YamlDotNet\Unity.VisualScripting.YamlDotNet.dll
Symbol file LoadedFromMemory doesn't match image B:\GameOfMy\ShoterMap\Library\PackageCache\com.unity.visualscripting@1.7.8\Editor\VisualScripting.Core\Dependencies\DotNetZip\Unity.VisualScripting.IonicZip.dll
Native extension for WindowsStandalone target not found
Native extension for Android target not found
Refreshing native plugins compatible for Editor in 1.43 ms, found 3 plugins.
Preloading 0 native plugins for Editor in 0.00 ms.
Mono: successfully reloaded assembly
- Completed reload, in  1.233 seconds
Domain Reload Profiling:
	ReloadAssembly (1234ms)
		BeginReloadAssembly (146ms)
			ExecutionOrderSort (0ms)
			DisableScriptedObjects (5ms)
			BackupInstance (0ms)
			ReleaseScriptingObjects (0ms)
			CreateAndSetChildDomain (55ms)
		EndReloadAssembly (997ms)
			LoadAssemblies (89ms)
			RebuildTransferFunctionScriptingTraits (0ms)
			SetupTypeCache (345ms)
			ReleaseScriptCaches (2ms)
			RebuildScriptCaches (59ms)
			SetupLoadedEditorAssemblies (457ms)
				LogAssemblyErrors (0ms)
				InitializePlatformSupportModulesInManaged (17ms)
				SetLoadedEditorAssemblies (0ms)
				RefreshPlugins (2ms)
				BeforeProcessingInitializeOnLoad (80ms)
				ProcessInitializeOnLoadAttributes (291ms)
				ProcessInitializeOnLoadMethodAttributes (64ms)
				AfterProcessingInitializeOnLoad (2ms)
				EditorAssembliesLoaded (0ms)
			ExecutionOrderSort2 (0ms)
			AwakeInstancesAfterBackupRestoration (5ms)
Platform modules already initialized, skipping
Refreshing native plugins compatible for Editor in 4.26 ms, found 3 plugins.
Preloading 0 native plugins for Editor in 0.00 ms.
Unloading 5149 Unused Serialized files (Serialized files now loaded: 0)
Unloading 48 unused Assets / (3.1 MB). Loaded Objects now: 5731.
Memory consumption went from 204.4 MB to 201.3 MB.
Total: 9.477200 ms (FindLiveObjects: 0.990800 ms CreateObjectMapping: 0.851100 ms MarkObjects: 5.733800 ms  DeleteObjects: 1.898500 ms)

AssetImportParameters requested are different than current active one (requested -> active):
  custom:video-decoder-ogg-theora: a1e56fd34408186e4bbccfd4996cb3dc -> 
  custom:container-muxer-webm: aa71ff27fc2769a1b78a27578f13a17b -> 
  custom:container-demuxer-webm: 4f35f7cbe854078d1ac9338744f61a02 -> 
  custom:video-encoder-webm-vp8: eb34c28f22e8b96e1ab97ce403110664 -> 
  custom:audio-encoder-webm-vorbis: bf7c407c2cedff20999df2af8eb42d56 -> 
  custom:framework-win-MediaFoundation: 216162199b28c13a410421893ffa2e32 -> 
  custom:container-demuxer-ogg: 62fdf1f143b41e24485cea50d1cbac27 -> 
  custom:video-decoder-webm-vp8: 9c59270c3fd7afecdb556c50c9e8de78 -> 
  custom:audio-decoder-ogg-vorbis: bf7c407c2cedff20999df2af8eb42d56 -> 
========================================================================
Received Prepare
Registering precompiled user dll's ...
Registered in 0.003520 seconds.
Begin MonoManager ReloadAssembly
Symbol file LoadedFromMemory doesn't match image B:\GameOfMy\ShoterMap\Library\PackageCache\com.unity.visualscripting@1.7.8\Editor\VisualScripting.Core\Dependencies\YamlDotNet\Unity.VisualScripting.YamlDotNet.dll
Symbol file LoadedFromMemory doesn't match image B:\GameOfMy\ShoterMap\Library\PackageCache\com.unity.visualscripting@1.7.8\Editor\VisualScripting.Core\Dependencies\DotNetZip\Unity.VisualScripting.IonicZip.dll
Native extension for WindowsStandalone target not found
Native extension for Android target not found
Refreshing native plugins compatible for Editor in 1.52 ms, found 3 plugins.
Preloading 0 native plugins for Editor in 0.00 ms.
Mono: successfully reloaded assembly
- Completed reload, in  1.248 seconds
Domain Reload Profiling:
	ReloadAssembly (1249ms)
		BeginReloadAssembly (134ms)
			ExecutionOrderSort (0ms)
			DisableScriptedObjects (5ms)
			BackupInstance (0ms)
			ReleaseScriptingObjects (0ms)
			CreateAndSetChildDomain (49ms)
		EndReloadAssembly (1015ms)
			LoadAssemblies (87ms)
			RebuildTransferFunctionScriptingTraits (0ms)
			SetupTypeCache (300ms)
			ReleaseScriptCaches (2ms)
			RebuildScriptCaches (54ms)
			SetupLoadedEditorAssemblies (526ms)
				LogAssemblyErrors (0ms)
				InitializePlatformSupportModulesInManaged (19ms)
				SetLoadedEditorAssemblies (0ms)
				RefreshPlugins (2ms)
				BeforeProcessingInitializeOnLoad (80ms)
				ProcessInitializeOnLoadAttributes (337ms)
				ProcessInitializeOnLoadMethodAttributes (85ms)
				AfterProcessingInitializeOnLoad (3ms)
				EditorAssembliesLoaded (0ms)
			ExecutionOrderSort2 (0ms)
			AwakeInstancesAfterBackupRestoration (7ms)
Platform modules already initialized, skipping
Refreshing native plugins compatible for Editor in 4.94 ms, found 3 plugins.
Preloading 0 native plugins for Editor in 0.00 ms.
Unloading 5149 Unused Serialized files (Serialized files now loaded: 0)
Unloading 48 unused Assets / (3.1 MB). Loaded Objects now: 5734.
Memory consumption went from 204.4 MB to 201.3 MB.
Total: 11.230700 ms (FindLiveObjects: 0.818400 ms CreateObjectMapping: 0.677100 ms MarkObjects: 7.152700 ms  DeleteObjects: 2.580500 ms)

AssetImportParameters requested are different than current active one (requested -> active):
  custom:video-decoder-ogg-theora: a1e56fd34408186e4bbccfd4996cb3dc -> 
  custom:container-muxer-webm: aa71ff27fc2769a1b78a27578f13a17b -> 
  custom:container-demuxer-webm: 4f35f7cbe854078d1ac9338744f61a02 -> 
  custom:video-encoder-webm-vp8: eb34c28f22e8b96e1ab97ce403110664 -> 
  custom:audio-encoder-webm-vorbis: bf7c407c2cedff20999df2af8eb42d56 -> 
  custom:framework-win-MediaFoundation: 216162199b28c13a410421893ffa2e32 -> 
  custom:container-demuxer-ogg: 62fdf1f143b41e24485cea50d1cbac27 -> 
  custom:video-decoder-webm-vp8: 9c59270c3fd7afecdb556c50c9e8de78 -> 
  custom:audio-decoder-ogg-vorbis: bf7c407c2cedff20999df2af8eb42d56 -> 
========================================================================
Received Prepare
Registering precompiled user dll's ...
Registered in 0.004330 seconds.
Begin MonoManager ReloadAssembly
Symbol file LoadedFromMemory doesn't match image B:\GameOfMy\ShoterMap\Library\PackageCache\com.unity.visualscripting@1.7.8\Editor\VisualScripting.Core\Dependencies\YamlDotNet\Unity.VisualScripting.YamlDotNet.dll
Symbol file LoadedFromMemory doesn't match image B:\GameOfMy\ShoterMap\Library\PackageCache\com.unity.visualscripting@1.7.8\Editor\VisualScripting.Core\Dependencies\DotNetZip\Unity.VisualScripting.IonicZip.dll
Native extension for WindowsStandalone target not found
Native extension for Android target not found
Refreshing native plugins compatible for Editor in 1.42 ms, found 3 plugins.
Preloading 0 native plugins for Editor in 0.00 ms.
Mono: successfully reloaded assembly
- Completed reload, in  1.152 seconds
Domain Reload Profiling:
	ReloadAssembly (1152ms)
		BeginReloadAssembly (127ms)
			ExecutionOrderSort (0ms)
			DisableScriptedObjects (6ms)
			BackupInstance (0ms)
			ReleaseScriptingObjects (0ms)
			CreateAndSetChildDomain (43ms)
		EndReloadAssembly (931ms)
			LoadAssemblies (82ms)
			RebuildTransferFunctionScriptingTraits (0ms)
			SetupTypeCache (286ms)
			ReleaseScriptCaches (3ms)
			RebuildScriptCaches (53ms)
			SetupLoadedEditorAssemblies (469ms)
				LogAssemblyErrors (0ms)
				InitializePlatformSupportModulesInManaged (18ms)
				SetLoadedEditorAssemblies (1ms)
				RefreshPlugins (2ms)
				BeforeProcessingInitializeOnLoad (84ms)
				ProcessInitializeOnLoadAttributes (296ms)
				ProcessInitializeOnLoadMethodAttributes (67ms)
				AfterProcessingInitializeOnLoad (3ms)
				EditorAssembliesLoaded (0ms)
			ExecutionOrderSort2 (0ms)
			AwakeInstancesAfterBackupRestoration (6ms)
Platform modules already initialized, skipping
Refreshing native plugins compatible for Editor in 4.06 ms, found 3 plugins.
Preloading 0 native plugins for Editor in 0.00 ms.
Unloading 5149 Unused Serialized files (Serialized files now loaded: 0)
Unloading 48 unused Assets / (3.1 MB). Loaded Objects now: 5737.
Memory consumption went from 204.4 MB to 201.3 MB.
Total: 9.928700 ms (FindLiveObjects: 1.082700 ms CreateObjectMapping: 0.594400 ms MarkObjects: 6.490300 ms  DeleteObjects: 1.759600 ms)

AssetImportParameters requested are different than current active one (requested -> active):
  custom:video-decoder-ogg-theora: a1e56fd34408186e4bbccfd4996cb3dc -> 
  custom:container-muxer-webm: aa71ff27fc2769a1b78a27578f13a17b -> 
  custom:container-demuxer-webm: 4f35f7cbe854078d1ac9338744f61a02 -> 
  custom:video-encoder-webm-vp8: eb34c28f22e8b96e1ab97ce403110664 -> 
  custom:audio-encoder-webm-vorbis: bf7c407c2cedff20999df2af8eb42d56 -> 
  custom:framework-win-MediaFoundation: 216162199b28c13a410421893ffa2e32 -> 
  custom:container-demuxer-ogg: 62fdf1f143b41e24485cea50d1cbac27 -> 
  custom:video-decoder-webm-vp8: 9c59270c3fd7afecdb556c50c9e8de78 -> 
  custom:audio-decoder-ogg-vorbis: bf7c407c2cedff20999df2af8eb42d56 -> 
========================================================================
Received Prepare
Registering precompiled user dll's ...
Registered in 0.003406 seconds.
Begin MonoManager ReloadAssembly
Symbol file LoadedFromMemory doesn't match image B:\GameOfMy\ShoterMap\Library\PackageCache\com.unity.visualscripting@1.7.8\Editor\VisualScripting.Core\Dependencies\YamlDotNet\Unity.VisualScripting.YamlDotNet.dll
Symbol file LoadedFromMemory doesn't match image B:\GameOfMy\ShoterMap\Library\PackageCache\com.unity.visualscripting@1.7.8\Editor\VisualScripting.Core\Dependencies\DotNetZip\Unity.VisualScripting.IonicZip.dll
Native extension for WindowsStandalone target not found
Native extension for Android target not found
Refreshing native plugins compatible for Editor in 1.17 ms, found 3 plugins.
Preloading 0 native plugins for Editor in 0.00 ms.
Mono: successfully reloaded assembly
- Completed reload, in  1.261 seconds
Domain Reload Profiling:
	ReloadAssembly (1262ms)
		BeginReloadAssembly (132ms)
			ExecutionOrderSort (0ms)
			DisableScriptedObjects (5ms)
			BackupInstance (0ms)
			ReleaseScriptingObjects (0ms)
			CreateAndSetChildDomain (48ms)
		EndReloadAssembly (1037ms)
			LoadAssemblies (89ms)
			RebuildTransferFunctionScriptingTraits (0ms)
			SetupTypeCache (292ms)
			ReleaseScriptCaches (3ms)
			RebuildScriptCaches (55ms)
			SetupLoadedEditorAssemblies (546ms)
				LogAssemblyErrors (0ms)
				InitializePlatformSupportModulesInManaged (22ms)
				SetLoadedEditorAssemblies (0ms)
				RefreshPlugins (1ms)
				BeforeProcessingInitializeOnLoad (79ms)
				ProcessInitializeOnLoadAttributes (354ms)
				ProcessInitializeOnLoadMethodAttributes (85ms)
				AfterProcessingInitializeOnLoad (4ms)
				EditorAssembliesLoaded (0ms)
			ExecutionOrderSort2 (0ms)
			AwakeInstancesAfterBackupRestoration (7ms)
Platform modules already initialized, skipping
Refreshing native plugins compatible for Editor in 4.50 ms, found 3 plugins.
Preloading 0 native plugins for Editor in 0.00 ms.
Unloading 5149 Unused Serialized files (Serialized files now loaded: 0)
Unloading 48 unused Assets / (3.1 MB). Loaded Objects now: 5740.
Memory consumption went from 204.4 MB to 201.3 MB.
Total: 11.254400 ms (FindLiveObjects: 1.122100 ms CreateObjectMapping: 0.753400 ms MarkObjects: 7.552000 ms  DeleteObjects: 1.825500 ms)

AssetImportParameters requested are different than current active one (requested -> active):
  custom:video-decoder-ogg-theora: a1e56fd34408186e4bbccfd4996cb3dc -> 
  custom:container-muxer-webm: aa71ff27fc2769a1b78a27578f13a17b -> 
  custom:container-demuxer-webm: 4f35f7cbe854078d1ac9338744f61a02 -> 
  custom:video-encoder-webm-vp8: eb34c28f22e8b96e1ab97ce403110664 -> 
  custom:audio-encoder-webm-vorbis: bf7c407c2cedff20999df2af8eb42d56 -> 
  custom:framework-win-MediaFoundation: 216162199b28c13a410421893ffa2e32 -> 
  custom:container-demuxer-ogg: 62fdf1f143b41e24485cea50d1cbac27 -> 
  custom:video-decoder-webm-vp8: 9c59270c3fd7afecdb556c50c9e8de78 -> 
  custom:audio-decoder-ogg-vorbis: bf7c407c2cedff20999df2af8eb42d56 -> 
========================================================================
Received Prepare
Registering precompiled user dll's ...
Registered in 0.003334 seconds.
Begin MonoManager ReloadAssembly
Symbol file LoadedFromMemory doesn't match image B:\GameOfMy\ShoterMap\Library\PackageCache\com.unity.visualscripting@1.7.8\Editor\VisualScripting.Core\Dependencies\YamlDotNet\Unity.VisualScripting.YamlDotNet.dll
Symbol file LoadedFromMemory doesn't match image B:\GameOfMy\ShoterMap\Library\PackageCache\com.unity.visualscripting@1.7.8\Editor\VisualScripting.Core\Dependencies\DotNetZip\Unity.VisualScripting.IonicZip.dll
Native extension for WindowsStandalone target not found
Native extension for Android target not found
Refreshing native plugins compatible for Editor in 1.93 ms, found 3 plugins.
Preloading 0 native plugins for Editor in 0.00 ms.
Mono: successfully reloaded assembly
- Completed reload, in  1.187 seconds
Domain Reload Profiling:
	ReloadAssembly (1188ms)
		BeginReloadAssembly (129ms)
			ExecutionOrderSort (0ms)
			DisableScriptedObjects (5ms)
			BackupInstance (0ms)
			ReleaseScriptingObjects (0ms)
			CreateAndSetChildDomain (45ms)
		EndReloadAssembly (971ms)
			LoadAssemblies (80ms)
			RebuildTransferFunctionScriptingTraits (0ms)
			SetupTypeCache (299ms)
			ReleaseScriptCaches (2ms)
			RebuildScriptCaches (48ms)
			SetupLoadedEditorAssemblies (501ms)
				LogAssemblyErrors (0ms)
				InitializePlatformSupportModulesInManaged (19ms)
				SetLoadedEditorAssemblies (1ms)
				RefreshPlugins (2ms)
				BeforeProcessingInitializeOnLoad (84ms)
				ProcessInitializeOnLoadAttributes (314ms)
				ProcessInitializeOnLoadMethodAttributes (78ms)
				AfterProcessingInitializeOnLoad (3ms)
				EditorAssembliesLoaded (0ms)
			ExecutionOrderSort2 (0ms)
			AwakeInstancesAfterBackupRestoration (6ms)
Platform modules already initialized, skipping
Refreshing native plugins compatible for Editor in 5.24 ms, found 3 plugins.
Preloading 0 native plugins for Editor in 0.00 ms.
Unloading 5149 Unused Serialized files (Serialized files now loaded: 0)
Unloading 48 unused Assets / (3.1 MB). Loaded Objects now: 5743.
Memory consumption went from 204.4 MB to 201.3 MB.
Total: 10.852900 ms (FindLiveObjects: 1.092000 ms CreateObjectMapping: 0.715900 ms MarkObjects: 7.189100 ms  DeleteObjects: 1.854000 ms)

AssetImportParameters requested are different than current active one (requested -> active):
  custom:video-decoder-ogg-theora: a1e56fd34408186e4bbccfd4996cb3dc -> 
  custom:container-muxer-webm: aa71ff27fc2769a1b78a27578f13a17b -> 
  custom:container-demuxer-webm: 4f35f7cbe854078d1ac9338744f61a02 -> 
  custom:video-encoder-webm-vp8: eb34c28f22e8b96e1ab97ce403110664 -> 
  custom:audio-encoder-webm-vorbis: bf7c407c2cedff20999df2af8eb42d56 -> 
  custom:framework-win-MediaFoundation: 216162199b28c13a410421893ffa2e32 -> 
  custom:container-demuxer-ogg: 62fdf1f143b41e24485cea50d1cbac27 -> 
  custom:video-decoder-webm-vp8: 9c59270c3fd7afecdb556c50c9e8de78 -> 
  custom:audio-decoder-ogg-vorbis: bf7c407c2cedff20999df2af8eb42d56 -> 
